2024-08-06 18:11:32.680 [info] Log level: Info
2024-08-06 18:11:32.680 [info] VSCODE_MACHINE_ID: 3ff7c016-bcda-44bb-9f9b-d7b2249b279d
2024-08-06 18:11:32.680 [info] VSCODE_SESSION_ID: b5667f12-a632-410d-a3f7-b9a329704fc81722967886863
2024-08-06 18:11:32.680 [info] VSCODE_VERSION: 1.91.1
2024-08-06 18:11:32.680 [info] VSCODE_APP_NAME: Gitpod Code
2024-08-06 18:11:32.680 [info] VSCODE_APP_HOST: Gitpod
2024-08-06 18:11:32.680 [info] VSCODE_UI_KIND: web
2024-08-06 18:11:32.680 [info] GITPOD_WORKSPACE_CONTEXT_URL: https://github.com/kamenco/blog.git
2024-08-06 18:11:32.680 [info] GITPOD_INSTANCE_ID: 7c231689-e067-4be6-b3c9-0309b5a8026f
2024-08-06 18:11:32.680 [info] GITPOD_WORKSPACE_URL: https://kamenco-blog-2an49o3y8k4.ws.codeinstitute-ide.net
2024-08-06 18:11:32.680 [error] No telemetry: dedicated installations should send data always to own endpoints, host: codeinstitute-ide.net
2024-08-06 18:11:32.680 [error] No telemetry: dedicated installations should send data always to own endpoints, host: codeinstitute-ide.net
2024-08-06 18:11:32.680 [info] Gitpod Web 7ff72a2
2024-08-06 18:11:32.680 [info] Reading sessions from keychain...
2024-08-06 18:11:32.796 [info] Getting sessions for all scopes...
2024-08-06 18:11:32.796 [info] Getting GitHub sessions for all scopes...
2024-08-06 18:11:32.797 [info] Got stored sessions!
2024-08-06 18:11:32.797 [info] Verified session with the following scopes: function:accessCodeSyncStorage function:closePort function:controlAdmission function:deleteEnvVar function:generateNewGitpodToken function:getDefaultWorkspaceImage function:getEnvVars function:getGitpodTokenScopes function:getIDToken function:getLoggedInUser function:getOpenPorts function:getSupportedWorkspaceClasses function:getTeams function:getToken function:getWorkspace function:getWorkspaceEnvVars function:getWorkspaceOwner function:getWorkspaceTimeout function:getWorkspaceUsers function:guessGitTokenScopes function:isWorkspaceOwner function:openPort function:sendHeartBeat function:setEnvVar function:setWorkspaceTimeout function:stopWorkspace function:takeSnapshot function:trackEvent function:updateGitStatus function:waitForSnapshot resource:contentBlob::*::create/get resource:envVar::kamenco/blog::create/get/update/delete resource:gitpodToken::*::create resource:snapshot::ws-kamenco-blog-2an49o3y8k4::create resource:token::*::get resource:userStorage::*::create/get/update resource:workspace::kamenco-blog-2an49o3y8k4::get/update resource:workspaceInstance::7c231689-e067-4be6-b3c9-0309b5a8026f::get/update/delete
2024-08-06 18:11:32.799 [info] Got 1 verified sessions.
2024-08-06 18:11:32.799 [info] Got 1 sessions for all scopes...
2024-08-06 18:11:32.890 [info] Got 1 GitHub sessions for all scopes...
2024-08-06 18:11:33.460 [info] Getting sessions for all scopes...
2024-08-06 18:11:33.460 [info] Got 1 sessions for all scopes...
2024-08-06 18:11:33.461 [info] Getting GitHub sessions for all scopes...
2024-08-06 18:11:33.461 [info] Got 1 GitHub sessions for all scopes...
2024-08-06 18:11:33.522 [info] Getting GitHub sessions for read:user,repo,user:email,workflow...
2024-08-06 18:11:33.522 [info] Got 0 GitHub sessions for read:user,repo,user:email,workflow...
2024-08-06 18:11:33.723 [info] Getting GitHub sessions for project,read:org,read:user,repo,user:email,workflow...
2024-08-06 18:11:33.723 [info] Got 0 GitHub sessions for project,read:org,read:user,repo,user:email,workflow...
2024-08-06 18:11:33.946 [info] Getting GitHub sessions for read:user,repo,user:email,workflow...
2024-08-06 18:11:33.946 [info] Got 0 GitHub sessions for read:user,repo,user:email,workflow...
2024-08-06 18:11:34.018 [info] Getting GitHub sessions for read:user,repo,user:email...
2024-08-06 18:11:34.018 [info] Got 0 GitHub sessions for read:user,repo,user:email...
2024-08-06 18:11:34.275 [info] Getting GitHub sessions for read:user,repo,user:email,workflow...
2024-08-06 18:11:34.275 [info] Got 0 GitHub sessions for read:user,repo,user:email,workflow...
2024-08-06 18:11:34.823 [info] Getting sessions for function:accessCodeSyncStorage...
2024-08-06 18:11:34.826 [info] Got 1 sessions for function:accessCodeSyncStorage...
