2024-08-07 06:10:26.438 [info] Extension host with pid 950 started
2024-08-07 06:10:26.441 [info] Lock '/workspace/.vscode-remote/data/User/workspaceStorage/11126b9b/vscode.lock': Lock acquired.
2024-08-07 06:10:27.120 [info] ExtensionService#_doActivateExtension ms-python.python, startup: false, activationEvent: 'onLanguage:python', root cause: ms-python.debugpy
2024-08-07 06:10:27.121 [info] ExtensionService#_doActivateExtension ms-toolsai.jupyter, startup: false, activationEvent: 'onLanguage:python'
2024-08-07 06:10:27.121 [info] ExtensionService#_doActivateExtension vscode.emmet, startup: false, activationEvent: 'onLanguage'
2024-08-07 06:10:27.782 [info] ExtensionService#_doActivateExtension ms-toolsai.jupyter-renderers, startup: false, activationEvent: 'api', root cause: ms-toolsai.jupyter
2024-08-07 06:10:27.800 [error] Error: spawn /workspace/.vscode-remote/extensions/ms-python.python-2024.12.2-universal/python-env-tools/bin/pet ENOENT
	at ChildProcess._handle.onexit (node:internal/child_process:286:19)
	at onErrorNT (node:internal/child_process:484:16)
	at process.processTicksAndRejections (node:internal/process/task_queues:82:21)
2024-08-07 06:10:28.122 [info] ExtensionService#_doActivateExtension vscode.git-base, startup: true, activationEvent: '*', root cause: vscode.git
2024-08-07 06:10:28.123 [info] ExtensionService#_doActivateExtension gitpod.gitpod-web, startup: true, activationEvent: '*'
2024-08-07 06:10:28.123 [info] ExtensionService#_doActivateExtension formulahendry.auto-close-tag, startup: true, activationEvent: '*'
2024-08-07 06:10:28.123 [info] ExtensionService#_doActivateExtension HookyQR.beautify, startup: true, activationEvent: '*'
2024-08-07 06:10:28.391 [info] ExtensionService#_doActivateExtension ms-python.debugpy, startup: false, activationEvent: 'onLanguage:python'
2024-08-07 06:10:28.613 [info] ExtensionService#_doActivateExtension vscode.git, startup: true, activationEvent: '*'
2024-08-07 06:10:28.614 [info] ExtensionService#_doActivateExtension vscode.github, startup: true, activationEvent: '*'
2024-08-07 06:10:29.510 [info] Eager extensions activated
2024-08-07 06:10:29.510 [info] ExtensionService#_doActivateExtension vscode.debug-auto-launch, startup: false, activationEvent: 'onStartupFinished'
2024-08-07 06:10:29.510 [info] ExtensionService#_doActivateExtension vscode.merge-conflict, startup: false, activationEvent: 'onStartupFinished'
2024-08-07 06:10:29.511 [info] ExtensionService#_doActivateExtension vscode.github-authentication, startup: false, activationEvent: 'onStartupFinished', root cause: GitHub.vscode-pull-request-github
2024-08-07 06:10:29.707 [info] ExtensionService#_doActivateExtension GitHub.vscode-pull-request-github, startup: false, activationEvent: 'onStartupFinished'
2024-08-07 06:10:31.330 [info] ExtensionService#_doActivateExtension redhat.vscode-yaml, startup: false, activationEvent: 'onLanguage:yaml'
2024-08-07 06:10:32.051 [warning] [redhat.vscode-yaml] Accessing a resource scoped configuration without providing a resource is not expected. To get the effective value for '[yaml]', provide the URI of a resource or 'null' for any resource.
2024-08-07 06:10:32.052 [warning] [redhat.vscode-yaml] Accessing a resource scoped configuration without providing a resource is not expected. To get the effective value for '[yaml]', provide the URI of a resource or 'null' for any resource.
2024-08-07 06:10:33.446 [warning] [redhat.vscode-yaml] Accessing a resource scoped configuration without providing a resource is not expected. To get the effective value for '[yaml]', provide the URI of a resource or 'null' for any resource.
2024-08-07 06:10:33.852 [warning] [redhat.vscode-yaml] Accessing a resource scoped configuration without providing a resource is not expected. To get the effective value for '[yaml]', provide the URI of a resource or 'null' for any resource.
2024-08-07 06:10:34.583 [warning] [redhat.vscode-yaml] Accessing a resource scoped configuration without providing a resource is not expected. To get the effective value for '[yaml]', provide the URI of a resource or 'null' for any resource.
2024-08-07 06:10:35.743 [warning] [redhat.vscode-yaml] Accessing a resource scoped configuration without providing a resource is not expected. To get the effective value for '[yaml]', provide the URI of a resource or 'null' for any resource.
2024-08-07 06:10:35.796 [warning] [redhat.vscode-yaml] Accessing a resource scoped configuration without providing a resource is not expected. To get the effective value for '[yaml]', provide the URI of a resource or 'null' for any resource.
2024-08-07 06:10:35.835 [warning] [redhat.vscode-yaml] Accessing a resource scoped configuration without providing a resource is not expected. To get the effective value for '[yaml]', provide the URI of a resource or 'null' for any resource.
2024-08-07 06:10:35.848 [warning] [redhat.vscode-yaml] Accessing a resource scoped configuration without providing a resource is not expected. To get the effective value for '[yaml]', provide the URI of a resource or 'null' for any resource.
2024-08-07 06:10:35.848 [warning] [redhat.vscode-yaml] Accessing a resource scoped configuration without providing a resource is not expected. To get the effective value for '[yaml]', provide the URI of a resource or 'null' for any resource.
2024-08-07 06:10:35.850 [info] ExtensionService#_doActivateExtension vscode.configuration-editing, startup: false, activationEvent: 'onLanguage:jsonc'
2024-08-07 06:10:35.850 [info] ExtensionService#_doActivateExtension vscode.json-language-features, startup: false, activationEvent: 'onLanguage:jsonc'
2024-08-07 06:10:35.851 [info] ExtensionService#_doActivateExtension vscode.typescript-language-features, startup: false, activationEvent: 'onLanguage:jsonc'
2024-08-07 06:10:37.666 [warning] [redhat.vscode-yaml] Accessing a resource scoped configuration without providing a resource is not expected. To get the effective value for '[yaml]', provide the URI of a resource or 'null' for any resource.
2024-08-07 07:08:24.174 [info] Extension host terminating: received terminate message from renderer
2024-08-07 07:08:24.175 [info] Lock '/workspace/.vscode-remote/data/User/workspaceStorage/11126b9b/vscode.lock': Marking the lockfile as scheduled to be released in 6000 ms.
2024-08-07 07:08:24.199 [error] Canceled: Canceled
	at new C (/ide/out/vs/workbench/api/node/extensionHostProcess.js:144:35204)
	at y.U (/ide/out/vs/workbench/api/node/extensionHostProcess.js:151:6017)
	at B.<computed>.j.charCodeAt.R.CharCode.DollarSign.B.<computed> (/ide/out/vs/workbench/api/node/extensionHostProcess.js:151:3107)
	at d.g (/ide/out/vs/workbench/api/node/extensionHostProcess.js:154:205942)
	at d.executeCommand (/ide/out/vs/workbench/api/node/extensionHostProcess.js:154:205380)
	at A.registerCommand.description (/ide/out/vs/workbench/api/node/extensionHostProcess.js:154:204704)
	at d.h (/ide/out/vs/workbench/api/node/extensionHostProcess.js:154:206481)
	at d.g (/ide/out/vs/workbench/api/node/extensionHostProcess.js:154:205473)
	at d.executeCommand (/ide/out/vs/workbench/api/node/extensionHostProcess.js:154:205380)
	at Object.executeCommand (/ide/out/vs/workbench/api/node/extensionHostProcess.js:164:23060)
	at i.O [as value] (/ide/extensions/git/dist/main.js:2:951642)
	at n.B (/ide/out/vs/workbench/api/node/extensionHostProcess.js:83:737)
	at n.C (/ide/out/vs/workbench/api/node/extensionHostProcess.js:83:807)
	at n.fire (/ide/out/vs/workbench/api/node/extensionHostProcess.js:83:1023)
	at Object.p [as dispose] (/ide/extensions/git/dist/main.js:2:972220)
	at /ide/extensions/git/dist/main.js:2:978342
	at Array.forEach (<anonymous>)
	at f.dispose (/ide/extensions/git/dist/main.js:2:978328)
	at a.<anonymous> (/ide/out/vs/workbench/api/node/extensionHostProcess.js:152:4173)
	at a.dispose (/ide/out/vs/workbench/api/node/extensionHostProcess.js:152:4270)
	at a.<anonymous> (/ide/extensions/git/dist/main.js:2:953940)
	at a.dispose (/ide/out/vs/workbench/api/node/extensionHostProcess.js:152:4270)
	at $ (/ide/out/vs/workbench/api/node/extensionHostProcess.js:30:744)
	at /ide/out/vs/workbench/api/node/extensionHostProcess.js:160:13379
	at /ide/out/vs/workbench/api/node/extensionHostProcess.js:30:1112
	at Object.dispose (/ide/out/vs/workbench/api/node/extensionHostProcess.js:11:11354)
	at m.eb (/ide/out/vs/workbench/api/node/extensionHostProcess.js:160:10056)
	at /ide/out/vs/workbench/api/node/extensionHostProcess.js:160:7927
	at Array.map (<anonymous>)
	at m.$ (/ide/out/vs/workbench/api/node/extensionHostProcess.js:160:7914)
	at m.terminate (/ide/out/vs/workbench/api/node/extensionHostProcess.js:160:8187)
	at $.terminate (/ide/out/vs/workbench/api/node/extensionHostProcess.js:164:1513)
	at o (/ide/out/vs/workbench/api/node/extensionHostProcess.js:177:10633)
	at i.value (/ide/out/vs/workbench/api/node/extensionHostProcess.js:177:8601)
	at n.B (/ide/out/vs/workbench/api/node/extensionHostProcess.js:83:737)
	at n.fire (/ide/out/vs/workbench/api/node/extensionHostProcess.js:83:954)
	at s.fire (/ide/out/vs/workbench/api/node/extensionHostProcess.js:97:14453)
	at d.A (/ide/out/vs/workbench/api/node/extensionHostProcess.js:97:17612)
	at i.value (/ide/out/vs/workbench/api/node/extensionHostProcess.js:97:16986)
	at n.B (/ide/out/vs/workbench/api/node/extensionHostProcess.js:83:737)
	at n.fire (/ide/out/vs/workbench/api/node/extensionHostProcess.js:83:954)
	at m.acceptChunk (/ide/out/vs/workbench/api/node/extensionHostProcess.js:97:12199)
	at i.value (/ide/out/vs/workbench/api/node/extensionHostProcess.js:97:11469)
	at n.B (/ide/out/vs/workbench/api/node/extensionHostProcess.js:83:737)
	at n.fire (/ide/out/vs/workbench/api/node/extensionHostProcess.js:83:954)
	at s.z (/ide/out/vs/workbench/api/node/extensionHostProcess.js:174:21438) setContext undefined
2024-08-07 07:08:24.200 [error] Canceled: Canceled
	at new C (/ide/out/vs/workbench/api/node/extensionHostProcess.js:144:35204)
	at y.U (/ide/out/vs/workbench/api/node/extensionHostProcess.js:151:6017)
	at B.<computed>.j.charCodeAt.R.CharCode.DollarSign.B.<computed> (/ide/out/vs/workbench/api/node/extensionHostProcess.js:151:3107)
	at d.g (/ide/out/vs/workbench/api/node/extensionHostProcess.js:154:205942)
	at d.executeCommand (/ide/out/vs/workbench/api/node/extensionHostProcess.js:154:205380)
	at A.registerCommand.description (/ide/out/vs/workbench/api/node/extensionHostProcess.js:154:204704)
	at d.h (/ide/out/vs/workbench/api/node/extensionHostProcess.js:154:206481)
	at d.g (/ide/out/vs/workbench/api/node/extensionHostProcess.js:154:205473)
	at d.executeCommand (/ide/out/vs/workbench/api/node/extensionHostProcess.js:154:205380)
	at Object.executeCommand (/ide/out/vs/workbench/api/node/extensionHostProcess.js:164:23060)
	at set hasGitHubRepositories [as hasGitHubRepositories] (/ide/extensions/github/dist/extension.js:2:322969)
	at /ide/extensions/github/dist/extension.js:2:323928
	at i.value (/ide/extensions/git/dist/main.js:2:1060193)
	at n.B (/ide/out/vs/workbench/api/node/extensionHostProcess.js:83:737)
	at n.C (/ide/out/vs/workbench/api/node/extensionHostProcess.js:83:807)
	at n.fire (/ide/out/vs/workbench/api/node/extensionHostProcess.js:83:1023)
	at Object.p [as dispose] (/ide/extensions/git/dist/main.js:2:972220)
	at /ide/extensions/git/dist/main.js:2:978342
	at Array.forEach (<anonymous>)
	at f.dispose (/ide/extensions/git/dist/main.js:2:978328)
	at a.<anonymous> (/ide/out/vs/workbench/api/node/extensionHostProcess.js:152:4173)
	at a.dispose (/ide/out/vs/workbench/api/node/extensionHostProcess.js:152:4270)
	at a.<anonymous> (/ide/extensions/git/dist/main.js:2:953940)
	at a.dispose (/ide/out/vs/workbench/api/node/extensionHostProcess.js:152:4270)
	at $ (/ide/out/vs/workbench/api/node/extensionHostProcess.js:30:744)
	at /ide/out/vs/workbench/api/node/extensionHostProcess.js:160:13379
	at /ide/out/vs/workbench/api/node/extensionHostProcess.js:30:1112
	at Object.dispose (/ide/out/vs/workbench/api/node/extensionHostProcess.js:11:11354)
	at m.eb (/ide/out/vs/workbench/api/node/extensionHostProcess.js:160:10056)
	at /ide/out/vs/workbench/api/node/extensionHostProcess.js:160:7927
	at Array.map (<anonymous>)
	at m.$ (/ide/out/vs/workbench/api/node/extensionHostProcess.js:160:7914)
	at m.terminate (/ide/out/vs/workbench/api/node/extensionHostProcess.js:160:8187)
	at $.terminate (/ide/out/vs/workbench/api/node/extensionHostProcess.js:164:1513)
	at o (/ide/out/vs/workbench/api/node/extensionHostProcess.js:177:10633)
	at i.value (/ide/out/vs/workbench/api/node/extensionHostProcess.js:177:8601)
	at n.B (/ide/out/vs/workbench/api/node/extensionHostProcess.js:83:737)
	at n.fire (/ide/out/vs/workbench/api/node/extensionHostProcess.js:83:954)
	at s.fire (/ide/out/vs/workbench/api/node/extensionHostProcess.js:97:14453)
	at d.A (/ide/out/vs/workbench/api/node/extensionHostProcess.js:97:17612)
	at i.value (/ide/out/vs/workbench/api/node/extensionHostProcess.js:97:16986)
	at n.B (/ide/out/vs/workbench/api/node/extensionHostProcess.js:83:737)
	at n.fire (/ide/out/vs/workbench/api/node/extensionHostProcess.js:83:954)
	at m.acceptChunk (/ide/out/vs/workbench/api/node/extensionHostProcess.js:97:12199)
	at i.value (/ide/out/vs/workbench/api/node/extensionHostProcess.js:97:11469)
	at n.B (/ide/out/vs/workbench/api/node/extensionHostProcess.js:83:737)
	at n.fire (/ide/out/vs/workbench/api/node/extensionHostProcess.js:83:954)
	at s.z (/ide/out/vs/workbench/api/node/extensionHostProcess.js:174:21438) setContext undefined
2024-08-07 07:08:24.203 [error] Canceled: Canceled
	at new C (/ide/out/vs/workbench/api/node/extensionHostProcess.js:144:35204)
	at y.U (/ide/out/vs/workbench/api/node/extensionHostProcess.js:151:6017)
	at B.<computed>.j.charCodeAt.R.CharCode.DollarSign.B.<computed> (/ide/out/vs/workbench/api/node/extensionHostProcess.js:151:3107)
	at d.g (/ide/out/vs/workbench/api/node/extensionHostProcess.js:154:205942)
	at d.executeCommand (/ide/out/vs/workbench/api/node/extensionHostProcess.js:154:205380)
	at A.registerCommand.description (/ide/out/vs/workbench/api/node/extensionHostProcess.js:154:204704)
	at d.h (/ide/out/vs/workbench/api/node/extensionHostProcess.js:154:206481)
	at d.g (/ide/out/vs/workbench/api/node/extensionHostProcess.js:154:205473)
	at d.executeCommand (/ide/out/vs/workbench/api/node/extensionHostProcess.js:154:205380)
	at Object.executeCommand (/ide/out/vs/workbench/api/node/extensionHostProcess.js:164:23060)
	at e (/workspace/.vscode-remote/extensions/github.vscode-pull-request-github-0.92.0-universal/dist/extension.js:2024:1695)
	at Object.n [as setContext] (/workspace/.vscode-remote/extensions/github.vscode-pull-request-github-0.92.0-universal/dist/extension.js:2024:1810)
	at Qp.updateActiveReviewCount (/workspace/.vscode-remote/extensions/github.vscode-pull-request-github-0.92.0-universal/dist/extension.js:2097:23381)
	at Qp.removeRepo (/workspace/.vscode-remote/extensions/github.vscode-pull-request-github-0.92.0-universal/dist/extension.js:2097:24564)
	at i.value (/workspace/.vscode-remote/extensions/github.vscode-pull-request-github-0.92.0-universal/dist/extension.js:2212:4226)
	at n.B (/ide/out/vs/workbench/api/node/extensionHostProcess.js:83:737)
	at n.C (/ide/out/vs/workbench/api/node/extensionHostProcess.js:83:807)
	at n.fire (/ide/out/vs/workbench/api/node/extensionHostProcess.js:83:1023)
	at i.value (/workspace/.vscode-remote/extensions/github.vscode-pull-request-github-0.92.0-universal/dist/extension.js:1992:447189)
	at n.B (/ide/out/vs/workbench/api/node/extensionHostProcess.js:83:737)
	at n.fire (/ide/out/vs/workbench/api/node/extensionHostProcess.js:83:954)
	at /workspace/.vscode-remote/extensions/github.vscode-pull-request-github-0.92.0-universal/dist/extension.js:2097:28280
	at i.value (/ide/extensions/git/dist/main.js:2:1060193)
	at n.B (/ide/out/vs/workbench/api/node/extensionHostProcess.js:83:737)
	at n.C (/ide/out/vs/workbench/api/node/extensionHostProcess.js:83:807)
	at n.fire (/ide/out/vs/workbench/api/node/extensionHostProcess.js:83:1023)
	at Object.p [as dispose] (/ide/extensions/git/dist/main.js:2:972220)
	at /ide/extensions/git/dist/main.js:2:978342
	at Array.forEach (<anonymous>)
	at f.dispose (/ide/extensions/git/dist/main.js:2:978328)
	at a.<anonymous> (/ide/out/vs/workbench/api/node/extensionHostProcess.js:152:4173)
	at a.dispose (/ide/out/vs/workbench/api/node/extensionHostProcess.js:152:4270)
	at a.<anonymous> (/ide/extensions/git/dist/main.js:2:953940)
	at a.dispose (/ide/out/vs/workbench/api/node/extensionHostProcess.js:152:4270)
	at $ (/ide/out/vs/workbench/api/node/extensionHostProcess.js:30:744)
	at /ide/out/vs/workbench/api/node/extensionHostProcess.js:160:13379
	at /ide/out/vs/workbench/api/node/extensionHostProcess.js:30:1112
	at Object.dispose (/ide/out/vs/workbench/api/node/extensionHostProcess.js:11:11354)
	at m.eb (/ide/out/vs/workbench/api/node/extensionHostProcess.js:160:10056)
	at /ide/out/vs/workbench/api/node/extensionHostProcess.js:160:7927
	at Array.map (<anonymous>)
	at m.$ (/ide/out/vs/workbench/api/node/extensionHostProcess.js:160:7914)
	at m.terminate (/ide/out/vs/workbench/api/node/extensionHostProcess.js:160:8187)
	at $.terminate (/ide/out/vs/workbench/api/node/extensionHostProcess.js:164:1513)
	at o (/ide/out/vs/workbench/api/node/extensionHostProcess.js:177:10633)
	at i.value (/ide/out/vs/workbench/api/node/extensionHostProcess.js:177:8601)
	at n.B (/ide/out/vs/workbench/api/node/extensionHostProcess.js:83:737)
	at n.fire (/ide/out/vs/workbench/api/node/extensionHostProcess.js:83:954)
	at s.fire (/ide/out/vs/workbench/api/node/extensionHostProcess.js:97:14453)
	at d.A (/ide/out/vs/workbench/api/node/extensionHostProcess.js:97:17612)
	at i.value (/ide/out/vs/workbench/api/node/extensionHostProcess.js:97:16986)
	at n.B (/ide/out/vs/workbench/api/node/extensionHostProcess.js:83:737)
	at n.fire (/ide/out/vs/workbench/api/node/extensionHostProcess.js:83:954)
	at m.acceptChunk (/ide/out/vs/workbench/api/node/extensionHostProcess.js:97:12199)
	at i.value (/ide/out/vs/workbench/api/node/extensionHostProcess.js:97:11469)
	at n.B (/ide/out/vs/workbench/api/node/extensionHostProcess.js:83:737)
	at n.fire (/ide/out/vs/workbench/api/node/extensionHostProcess.js:83:954)
	at s.z (/ide/out/vs/workbench/api/node/extensionHostProcess.js:174:21438) setContext undefined
2024-08-07 07:08:24.203 [error] Canceled: Canceled
	at new C (/ide/out/vs/workbench/api/node/extensionHostProcess.js:144:35204)
	at y.U (/ide/out/vs/workbench/api/node/extensionHostProcess.js:151:6017)
	at B.<computed>.j.charCodeAt.R.CharCode.DollarSign.B.<computed> (/ide/out/vs/workbench/api/node/extensionHostProcess.js:151:3107)
	at d.g (/ide/out/vs/workbench/api/node/extensionHostProcess.js:154:205942)
	at d.executeCommand (/ide/out/vs/workbench/api/node/extensionHostProcess.js:154:205380)
	at A.registerCommand.description (/ide/out/vs/workbench/api/node/extensionHostProcess.js:154:204704)
	at d.h (/ide/out/vs/workbench/api/node/extensionHostProcess.js:154:206481)
	at d.g (/ide/out/vs/workbench/api/node/extensionHostProcess.js:154:205473)
	at d.executeCommand (/ide/out/vs/workbench/api/node/extensionHostProcess.js:154:205380)
	at Object.executeCommand (/ide/out/vs/workbench/api/node/extensionHostProcess.js:164:23060)
	at e (/workspace/.vscode-remote/extensions/github.vscode-pull-request-github-0.92.0-universal/dist/extension.js:2024:1695)
	at Object.n [as setContext] (/workspace/.vscode-remote/extensions/github.vscode-pull-request-github-0.92.0-universal/dist/extension.js:2024:1810)
	at qm.setReviewModeContexts (/workspace/.vscode-remote/extensions/github.vscode-pull-request-github-0.92.0-universal/dist/extension.js:2199:15401)
	at qm.removePrFromView (/workspace/.vscode-remote/extensions/github.vscode-pull-request-github-0.92.0-universal/dist/extension.js:2199:16028)
	at tp.clear (/workspace/.vscode-remote/extensions/github.vscode-pull-request-github-0.92.0-universal/dist/extension.js:2078:25783)
	at tp.dispose (/workspace/.vscode-remote/extensions/github.vscode-pull-request-github-0.92.0-universal/dist/extension.js:2080:167)
	at Wm.removeReviewManager (/workspace/.vscode-remote/extensions/github.vscode-pull-request-github-0.92.0-universal/dist/extension.js:2199:47379)
	at i.value (/workspace/.vscode-remote/extensions/github.vscode-pull-request-github-0.92.0-universal/dist/extension.js:2212:4244)
	at n.B (/ide/out/vs/workbench/api/node/extensionHostProcess.js:83:737)
	at n.C (/ide/out/vs/workbench/api/node/extensionHostProcess.js:83:807)
	at n.fire (/ide/out/vs/workbench/api/node/extensionHostProcess.js:83:1023)
	at i.value (/workspace/.vscode-remote/extensions/github.vscode-pull-request-github-0.92.0-universal/dist/extension.js:1992:447189)
	at n.B (/ide/out/vs/workbench/api/node/extensionHostProcess.js:83:737)
	at n.fire (/ide/out/vs/workbench/api/node/extensionHostProcess.js:83:954)
	at /workspace/.vscode-remote/extensions/github.vscode-pull-request-github-0.92.0-universal/dist/extension.js:2097:28280
	at i.value (/ide/extensions/git/dist/main.js:2:1060193)
	at n.B (/ide/out/vs/workbench/api/node/extensionHostProcess.js:83:737)
	at n.C (/ide/out/vs/workbench/api/node/extensionHostProcess.js:83:807)
	at n.fire (/ide/out/vs/workbench/api/node/extensionHostProcess.js:83:1023)
	at Object.p [as dispose] (/ide/extensions/git/dist/main.js:2:972220)
	at /ide/extensions/git/dist/main.js:2:978342
	at Array.forEach (<anonymous>)
	at f.dispose (/ide/extensions/git/dist/main.js:2:978328)
	at a.<anonymous> (/ide/out/vs/workbench/api/node/extensionHostProcess.js:152:4173)
	at a.dispose (/ide/out/vs/workbench/api/node/extensionHostProcess.js:152:4270)
	at a.<anonymous> (/ide/extensions/git/dist/main.js:2:953940)
	at a.dispose (/ide/out/vs/workbench/api/node/extensionHostProcess.js:152:4270)
	at $ (/ide/out/vs/workbench/api/node/extensionHostProcess.js:30:744)
	at /ide/out/vs/workbench/api/node/extensionHostProcess.js:160:13379
	at /ide/out/vs/workbench/api/node/extensionHostProcess.js:30:1112
	at Object.dispose (/ide/out/vs/workbench/api/node/extensionHostProcess.js:11:11354)
	at m.eb (/ide/out/vs/workbench/api/node/extensionHostProcess.js:160:10056)
	at /ide/out/vs/workbench/api/node/extensionHostProcess.js:160:7927
	at Array.map (<anonymous>)
	at m.$ (/ide/out/vs/workbench/api/node/extensionHostProcess.js:160:7914)
	at m.terminate (/ide/out/vs/workbench/api/node/extensionHostProcess.js:160:8187)
	at $.terminate (/ide/out/vs/workbench/api/node/extensionHostProcess.js:164:1513)
	at o (/ide/out/vs/workbench/api/node/extensionHostProcess.js:177:10633)
	at i.value (/ide/out/vs/workbench/api/node/extensionHostProcess.js:177:8601)
	at n.B (/ide/out/vs/workbench/api/node/extensionHostProcess.js:83:737)
	at n.fire (/ide/out/vs/workbench/api/node/extensionHostProcess.js:83:954)
	at s.fire (/ide/out/vs/workbench/api/node/extensionHostProcess.js:97:14453)
	at d.A (/ide/out/vs/workbench/api/node/extensionHostProcess.js:97:17612)
	at i.value (/ide/out/vs/workbench/api/node/extensionHostProcess.js:97:16986)
	at n.B (/ide/out/vs/workbench/api/node/extensionHostProcess.js:83:737)
	at n.fire (/ide/out/vs/workbench/api/node/extensionHostProcess.js:83:954)
	at m.acceptChunk (/ide/out/vs/workbench/api/node/extensionHostProcess.js:97:12199)
	at i.value (/ide/out/vs/workbench/api/node/extensionHostProcess.js:97:11469)
	at n.B (/ide/out/vs/workbench/api/node/extensionHostProcess.js:83:737)
	at n.fire (/ide/out/vs/workbench/api/node/extensionHostProcess.js:83:954)
	at s.z (/ide/out/vs/workbench/api/node/extensionHostProcess.js:174:21438) setContext undefined
2024-08-07 07:08:24.203 [error] Canceled: Canceled
	at new C (/ide/out/vs/workbench/api/node/extensionHostProcess.js:144:35204)
	at y.U (/ide/out/vs/workbench/api/node/extensionHostProcess.js:151:6017)
	at B.<computed>.j.charCodeAt.R.CharCode.DollarSign.B.<computed> (/ide/out/vs/workbench/api/node/extensionHostProcess.js:151:3107)
	at d.g (/ide/out/vs/workbench/api/node/extensionHostProcess.js:154:205942)
	at d.executeCommand (/ide/out/vs/workbench/api/node/extensionHostProcess.js:154:205380)
	at A.registerCommand.description (/ide/out/vs/workbench/api/node/extensionHostProcess.js:154:204704)
	at d.h (/ide/out/vs/workbench/api/node/extensionHostProcess.js:154:206481)
	at d.g (/ide/out/vs/workbench/api/node/extensionHostProcess.js:154:205473)
	at d.executeCommand (/ide/out/vs/workbench/api/node/extensionHostProcess.js:154:205380)
	at Object.executeCommand (/ide/out/vs/workbench/api/node/extensionHostProcess.js:164:23060)
	at W2.reset (/workspace/.vscode-remote/extensions/github.vscode-pull-request-github-0.92.0-universal/dist/extension.js:2199:9009)
	at W2.dispose (/workspace/.vscode-remote/extensions/github.vscode-pull-request-github-0.92.0-universal/dist/extension.js:2199:9280)
	at $ (/ide/out/vs/workbench/api/node/extensionHostProcess.js:30:744)
	at /ide/out/vs/workbench/api/node/extensionHostProcess.js:160:13379
	at /ide/out/vs/workbench/api/node/extensionHostProcess.js:30:1112
	at Object.dispose (/ide/out/vs/workbench/api/node/extensionHostProcess.js:11:11354)
	at m.eb (/ide/out/vs/workbench/api/node/extensionHostProcess.js:160:10056)
	at /ide/out/vs/workbench/api/node/extensionHostProcess.js:160:7927
	at Array.map (<anonymous>)
	at m.$ (/ide/out/vs/workbench/api/node/extensionHostProcess.js:160:7914)
	at m.terminate (/ide/out/vs/workbench/api/node/extensionHostProcess.js:160:8187)
	at $.terminate (/ide/out/vs/workbench/api/node/extensionHostProcess.js:164:1513)
	at o (/ide/out/vs/workbench/api/node/extensionHostProcess.js:177:10633)
	at i.value (/ide/out/vs/workbench/api/node/extensionHostProcess.js:177:8601)
	at n.B (/ide/out/vs/workbench/api/node/extensionHostProcess.js:83:737)
	at n.fire (/ide/out/vs/workbench/api/node/extensionHostProcess.js:83:954)
	at s.fire (/ide/out/vs/workbench/api/node/extensionHostProcess.js:97:14453)
	at d.A (/ide/out/vs/workbench/api/node/extensionHostProcess.js:97:17612)
	at i.value (/ide/out/vs/workbench/api/node/extensionHostProcess.js:97:16986)
	at n.B (/ide/out/vs/workbench/api/node/extensionHostProcess.js:83:737)
	at n.fire (/ide/out/vs/workbench/api/node/extensionHostProcess.js:83:954)
	at m.acceptChunk (/ide/out/vs/workbench/api/node/extensionHostProcess.js:97:12199)
	at i.value (/ide/out/vs/workbench/api/node/extensionHostProcess.js:97:11469)
	at n.B (/ide/out/vs/workbench/api/node/extensionHostProcess.js:83:737)
	at n.fire (/ide/out/vs/workbench/api/node/extensionHostProcess.js:83:954)
	at s.z (/ide/out/vs/workbench/api/node/extensionHostProcess.js:174:21438) setContext undefined
2024-08-07 07:08:24.208 [info] Extension host with pid 950 exiting with code 0
