2024-08-06 15:42:04.974 [info] Log level: Info
2024-08-06 15:42:04.974 [info] Validating found git in: "git"
2024-08-06 15:42:04.974 [info] Using git "2.45.2" from "git"
2024-08-06 15:42:04.974 [info] > git rev-parse --show-toplevel [31ms]
2024-08-06 15:42:04.974 [info] > git rev-parse --git-dir --git-common-dir [27ms]
2024-08-06 15:42:04.974 [info] Open repository: /workspace/blog
2024-08-06 15:42:04.974 [info] > git rev-parse --show-toplevel [24ms]
2024-08-06 15:42:04.974 [info] > git config --get commit.template [25ms]
2024-08-06 15:42:04.974 [info] > git for-each-ref --format=%(refname)%00%(upstream:short)%00%(objectname)%00%(upstream:track)%00%(upstream:remotename)%00%(upstream:remoteref) refs/heads/main refs/remotes/main [5ms]
2024-08-06 15:42:04.974 [info] > git rev-parse --show-toplevel [4ms]
2024-08-06 15:42:04.974 [info] > git rev-parse --show-toplevel [3ms]
2024-08-06 15:42:04.974 [info] > git status -z -uall [6ms]
2024-08-06 15:42:04.974 [info] > git rev-parse --show-toplevel [4ms]
2024-08-06 15:42:04.974 [info] > git for-each-ref --format=%(refname)%00%(upstream:short)%00%(objectname)%00%(upstream:track)%00%(upstream:remotename)%00%(upstream:remoteref) refs/heads/main refs/remotes/main [7ms]
2024-08-06 15:42:04.974 [info] > git config --get commit.template [3ms]
2024-08-06 15:42:04.974 [info] > git rev-parse --show-toplevel [5ms]
2024-08-06 15:42:04.975 [info] > git config --local branch.main.vscode-merge-base [2ms]
2024-08-06 15:42:04.982 [info] > git for-each-ref --format=%(refname)%00%(upstream:short)%00%(objectname)%00%(upstream:track)%00%(upstream:remotename)%00%(upstream:remoteref) refs/heads/origin/main refs/remotes/origin/main [4ms]
2024-08-06 15:42:04.984 [info] > git for-each-ref --format=%(refname)%00%(upstream:short)%00%(objectname)%00%(upstream:track)%00%(upstream:remotename)%00%(upstream:remoteref) refs/heads/main refs/remotes/main [3ms]
2024-08-06 15:42:04.984 [info] > git rev-parse --show-toplevel [5ms]
2024-08-06 15:42:04.986 [info] > git merge-base refs/heads/main refs/remotes/origin/main [2ms]
2024-08-06 15:42:04.997 [info] > git rev-parse --show-toplevel [11ms]
2024-08-06 15:42:05.001 [info] > git rev-list --count --left-right refs/heads/main...refs/remotes/origin/main [12ms]
2024-08-06 15:42:05.003 [info] > git status -z -uall [4ms]
2024-08-06 15:42:05.003 [info] > git rev-parse --show-toplevel [3ms]
2024-08-06 15:42:05.008 [info] > git diff --name-status -z --diff-filter=ADMR 24d8af7c1e83a923e2a9c0be5e7d6412d5d341df...refs/remotes/origin/main [6ms]
2024-08-06 15:42:05.009 [info] > git for-each-ref --format=%(refname)%00%(upstream:short)%00%(objectname)%00%(upstream:track)%00%(upstream:remotename)%00%(upstream:remoteref) refs/heads/main refs/remotes/main [3ms]
2024-08-06 15:42:05.011 [info] > git rev-parse --show-toplevel [3ms]
2024-08-06 15:42:05.011 [info] > git config --local branch.main.vscode-merge-base [1ms]
2024-08-06 15:42:05.014 [info] > git for-each-ref --format=%(refname)%00%(upstream:short)%00%(objectname)%00%(upstream:track)%00%(upstream:remotename)%00%(upstream:remoteref) refs/heads/origin/main refs/remotes/origin/main [1ms]
2024-08-06 15:42:05.570 [info] > git check-ignore -v -z --stdin [2ms]
2024-08-06 15:42:06.137 [info] > git check-ignore -v -z --stdin [1ms]
2024-08-06 15:42:06.784 [info] > git config --local branch.main.github-pr-owner-number [1ms]
2024-08-06 15:42:06.784 [warning] git config failed: Failed to execute git
2024-08-06 15:42:06.980 [info] > git show --textconv :codestar/settings.py [3ms]
2024-08-06 15:42:06.980 [info] > git ls-files --stage -- /workspace/blog/codestar/settings.py [1ms]
2024-08-06 15:42:06.983 [info] > git cat-file -s 9a8052fbb075980798658c348ecf0d1d007f3670 [1ms]
2024-08-06 15:42:28.446 [info] > git config --get commit.template [3ms]
2024-08-06 15:42:28.447 [info] > git for-each-ref --format=%(refname)%00%(upstream:short)%00%(objectname)%00%(upstream:track)%00%(upstream:remotename)%00%(upstream:remoteref) refs/heads/main refs/remotes/main [2ms]
2024-08-06 15:42:28.452 [info] > git status -z -uall [2ms]
2024-08-06 15:42:28.457 [info] > git for-each-ref --format=%(refname)%00%(upstream:short)%00%(objectname)%00%(upstream:track)%00%(upstream:remotename)%00%(upstream:remoteref) refs/heads/main refs/remotes/main [3ms]
2024-08-06 15:42:28.460 [info] > git config --local branch.main.vscode-merge-base [1ms]
2024-08-06 15:42:28.463 [info] > git for-each-ref --format=%(refname)%00%(upstream:short)%00%(objectname)%00%(upstream:track)%00%(upstream:remotename)%00%(upstream:remoteref) refs/heads/origin/main refs/remotes/origin/main [1ms]
2024-08-06 15:47:06.700 [info] > git config --local branch.main.github-pr-owner-number [1ms]
2024-08-06 15:47:06.700 [warning] git config failed: Failed to execute git
2024-08-06 15:48:20.499 [info] > git check-ignore -v -z --stdin [1ms]
2024-08-06 15:48:27.254 [info] > git config --get commit.template [2ms]
2024-08-06 15:48:27.254 [info] > git for-each-ref --format=%(refname)%00%(upstream:short)%00%(objectname)%00%(upstream:track)%00%(upstream:remotename)%00%(upstream:remoteref) refs/heads/main refs/remotes/main [1ms]
2024-08-06 15:48:27.258 [info] > git status -z -uall [2ms]
2024-08-06 15:48:27.261 [info] > git for-each-ref --format=%(refname)%00%(upstream:short)%00%(objectname)%00%(upstream:track)%00%(upstream:remotename)%00%(upstream:remoteref) refs/heads/main refs/remotes/main [1ms]
2024-08-06 15:48:27.264 [info] > git config --local branch.main.vscode-merge-base [1ms]
2024-08-06 15:48:27.267 [info] > git for-each-ref --format=%(refname)%00%(upstream:short)%00%(objectname)%00%(upstream:track)%00%(upstream:remotename)%00%(upstream:remoteref) refs/heads/origin/main refs/remotes/origin/main [1ms]
2024-08-06 15:48:32.129 [info] > git show --textconv :requirements.txt [2ms]
2024-08-06 15:48:32.130 [info] > git ls-files --stage -- /workspace/blog/requirements.txt [2ms]
2024-08-06 15:48:32.132 [info] > git cat-file -s dfadd4492cc45158b128b118928986ebaa87e045 [1ms]
2024-08-06 15:52:06.705 [info] > git config --local branch.main.github-pr-owner-number [1ms]
2024-08-06 15:52:06.705 [warning] git config failed: Failed to execute git
2024-08-06 15:53:27.390 [info] > git show --textconv :codestar/settings.py [2ms]
2024-08-06 15:53:27.391 [info] > git ls-files --stage -- /workspace/blog/codestar/settings.py [1ms]
2024-08-06 15:53:27.394 [info] > git cat-file -s 9a8052fbb075980798658c348ecf0d1d007f3670 [1ms]
2024-08-06 15:53:51.408 [info] > git config --get commit.template [4ms]
2024-08-06 15:53:51.409 [info] > git for-each-ref --format=%(refname)%00%(upstream:short)%00%(objectname)%00%(upstream:track)%00%(upstream:remotename)%00%(upstream:remoteref) refs/heads/main refs/remotes/main [1ms]
2024-08-06 15:53:51.412 [info] > git status -z -uall [1ms]
2024-08-06 15:53:51.416 [info] > git for-each-ref --format=%(refname)%00%(upstream:short)%00%(objectname)%00%(upstream:track)%00%(upstream:remotename)%00%(upstream:remoteref) refs/heads/main refs/remotes/main [1ms]
2024-08-06 15:53:51.418 [info] > git config --local branch.main.vscode-merge-base [0ms]
2024-08-06 15:53:51.421 [info] > git for-each-ref --format=%(refname)%00%(upstream:short)%00%(objectname)%00%(upstream:track)%00%(upstream:remotename)%00%(upstream:remoteref) refs/heads/origin/main refs/remotes/origin/main [1ms]
2024-08-06 15:57:06.708 [info] > git config --local branch.main.github-pr-owner-number [1ms]
2024-08-06 15:57:06.708 [warning] git config failed: Failed to execute git
2024-08-06 15:59:57.107 [info] > git config --get commit.template [2ms]
2024-08-06 15:59:57.108 [info] > git for-each-ref --format=%(refname)%00%(upstream:short)%00%(objectname)%00%(upstream:track)%00%(upstream:remotename)%00%(upstream:remoteref) refs/heads/main refs/remotes/main [1ms]
2024-08-06 15:59:57.112 [info] > git status -z -uall [2ms]
2024-08-06 15:59:57.115 [info] > git for-each-ref --format=%(refname)%00%(upstream:short)%00%(objectname)%00%(upstream:track)%00%(upstream:remotename)%00%(upstream:remoteref) refs/heads/main refs/remotes/main [1ms]
2024-08-06 15:59:57.118 [info] > git config --local branch.main.vscode-merge-base [1ms]
2024-08-06 15:59:57.120 [info] > git for-each-ref --format=%(refname)%00%(upstream:short)%00%(objectname)%00%(upstream:track)%00%(upstream:remotename)%00%(upstream:remoteref) refs/heads/origin/main refs/remotes/origin/main [1ms]
2024-08-06 16:02:06.712 [info] > git config --local branch.main.github-pr-owner-number [1ms]
2024-08-06 16:02:06.712 [warning] git config failed: Failed to execute git
2024-08-06 16:03:22.705 [info] > git config --get commit.template [2ms]
2024-08-06 16:03:22.706 [info] > git for-each-ref --format=%(refname)%00%(upstream:short)%00%(objectname)%00%(upstream:track)%00%(upstream:remotename)%00%(upstream:remoteref) refs/heads/main refs/remotes/main [2ms]
2024-08-06 16:03:22.709 [info] > git status -z -uall [1ms]
2024-08-06 16:03:22.713 [info] > git for-each-ref --format=%(refname)%00%(upstream:short)%00%(objectname)%00%(upstream:track)%00%(upstream:remotename)%00%(upstream:remoteref) refs/heads/main refs/remotes/main [1ms]
2024-08-06 16:03:22.716 [info] > git config --local branch.main.vscode-merge-base [1ms]
2024-08-06 16:03:22.719 [info] > git for-each-ref --format=%(refname)%00%(upstream:short)%00%(objectname)%00%(upstream:track)%00%(upstream:remotename)%00%(upstream:remoteref) refs/heads/origin/main refs/remotes/origin/main [0ms]
2024-08-06 16:07:06.716 [info] > git config --local branch.main.github-pr-owner-number [1ms]
2024-08-06 16:07:06.716 [warning] git config failed: Failed to execute git
2024-08-06 16:07:39.366 [info] > git config --get commit.template [2ms]
2024-08-06 16:07:39.367 [info] > git for-each-ref --format=%(refname)%00%(upstream:short)%00%(objectname)%00%(upstream:track)%00%(upstream:remotename)%00%(upstream:remoteref) refs/heads/main refs/remotes/main [1ms]
2024-08-06 16:07:39.371 [info] > git status -z -uall [2ms]
2024-08-06 16:07:39.374 [info] > git for-each-ref --format=%(refname)%00%(upstream:short)%00%(objectname)%00%(upstream:track)%00%(upstream:remotename)%00%(upstream:remoteref) refs/heads/main refs/remotes/main [1ms]
2024-08-06 16:07:39.376 [info] > git config --local branch.main.vscode-merge-base [0ms]
2024-08-06 16:07:39.379 [info] > git for-each-ref --format=%(refname)%00%(upstream:short)%00%(objectname)%00%(upstream:track)%00%(upstream:remotename)%00%(upstream:remoteref) refs/heads/origin/main refs/remotes/origin/main [1ms]
2024-08-06 16:07:44.808 [info] > git config --get commit.template [3ms]
2024-08-06 16:07:44.808 [info] > git for-each-ref --format=%(refname)%00%(upstream:short)%00%(objectname)%00%(upstream:track)%00%(upstream:remotename)%00%(upstream:remoteref) refs/heads/main refs/remotes/main [1ms]
2024-08-06 16:07:44.812 [info] > git status -z -uall [2ms]
2024-08-06 16:07:44.815 [info] > git for-each-ref --format=%(refname)%00%(upstream:short)%00%(objectname)%00%(upstream:track)%00%(upstream:remotename)%00%(upstream:remoteref) refs/heads/main refs/remotes/main [1ms]
2024-08-06 16:07:44.818 [info] > git config --local branch.main.vscode-merge-base [1ms]
2024-08-06 16:07:44.820 [info] > git for-each-ref --format=%(refname)%00%(upstream:short)%00%(objectname)%00%(upstream:track)%00%(upstream:remotename)%00%(upstream:remoteref) refs/heads/origin/main refs/remotes/origin/main [1ms]
2024-08-06 16:12:06.720 [info] > git config --local branch.main.github-pr-owner-number [1ms]
2024-08-06 16:12:06.721 [warning] git config failed: Failed to execute git
2024-08-06 16:12:20.880 [info] > git config --get commit.template [2ms]
2024-08-06 16:12:20.881 [info] > git for-each-ref --format=%(refname)%00%(upstream:short)%00%(objectname)%00%(upstream:track)%00%(upstream:remotename)%00%(upstream:remoteref) refs/heads/main refs/remotes/main [1ms]
2024-08-06 16:12:20.885 [info] > git status -z -uall [2ms]
2024-08-06 16:12:20.888 [info] > git for-each-ref --format=%(refname)%00%(upstream:short)%00%(objectname)%00%(upstream:track)%00%(upstream:remotename)%00%(upstream:remoteref) refs/heads/main refs/remotes/main [1ms]
2024-08-06 16:12:20.890 [info] > git config --local branch.main.vscode-merge-base [1ms]
2024-08-06 16:12:20.893 [info] > git for-each-ref --format=%(refname)%00%(upstream:short)%00%(objectname)%00%(upstream:track)%00%(upstream:remotename)%00%(upstream:remoteref) refs/heads/origin/main refs/remotes/origin/main [1ms]
2024-08-06 16:16:58.717 [info] > git show --textconv :codestar/urls.py [2ms]
2024-08-06 16:16:58.718 [info] > git ls-files --stage -- /workspace/blog/codestar/urls.py [1ms]
2024-08-06 16:16:58.721 [info] > git cat-file -s 7e791344e3850b5b10205d631d2b6156fa8dc045 [1ms]
2024-08-06 16:17:06.724 [info] > git config --local branch.main.github-pr-owner-number [1ms]
2024-08-06 16:17:06.724 [warning] git config failed: Failed to execute git
2024-08-06 16:17:14.693 [info] > git config --get commit.template [3ms]
2024-08-06 16:17:14.693 [info] > git for-each-ref --format=%(refname)%00%(upstream:short)%00%(objectname)%00%(upstream:track)%00%(upstream:remotename)%00%(upstream:remoteref) refs/heads/main refs/remotes/main [1ms]
2024-08-06 16:17:14.697 [info] > git status -z -uall [2ms]
2024-08-06 16:17:14.700 [info] > git for-each-ref --format=%(refname)%00%(upstream:short)%00%(objectname)%00%(upstream:track)%00%(upstream:remotename)%00%(upstream:remoteref) refs/heads/main refs/remotes/main [1ms]
2024-08-06 16:17:14.703 [info] > git config --local branch.main.vscode-merge-base [1ms]
2024-08-06 16:17:14.705 [info] > git for-each-ref --format=%(refname)%00%(upstream:short)%00%(objectname)%00%(upstream:track)%00%(upstream:remotename)%00%(upstream:remoteref) refs/heads/origin/main refs/remotes/origin/main [1ms]
2024-08-06 16:22:06.728 [info] > git config --local branch.main.github-pr-owner-number [1ms]
2024-08-06 16:22:06.728 [warning] git config failed: Failed to execute git
2024-08-06 16:22:11.220 [info] > git show --textconv :templates/base.html [2ms]
2024-08-06 16:22:11.221 [info] > git ls-files --stage -- /workspace/blog/templates/base.html [1ms]
2024-08-06 16:22:11.224 [info] > git cat-file -s ee73f17d6f69a60d845f89a385485c07d835e013 [1ms]
2024-08-06 16:23:16.422 [info] > git config --get commit.template [3ms]
2024-08-06 16:23:16.423 [info] > git for-each-ref --format=%(refname)%00%(upstream:short)%00%(objectname)%00%(upstream:track)%00%(upstream:remotename)%00%(upstream:remoteref) refs/heads/main refs/remotes/main [2ms]
2024-08-06 16:23:16.427 [info] > git status -z -uall [1ms]
2024-08-06 16:23:16.431 [info] > git for-each-ref --format=%(refname)%00%(upstream:short)%00%(objectname)%00%(upstream:track)%00%(upstream:remotename)%00%(upstream:remoteref) refs/heads/main refs/remotes/main [1ms]
2024-08-06 16:23:16.433 [info] > git config --local branch.main.vscode-merge-base [1ms]
2024-08-06 16:23:16.437 [info] > git for-each-ref --format=%(refname)%00%(upstream:short)%00%(objectname)%00%(upstream:track)%00%(upstream:remotename)%00%(upstream:remoteref) refs/heads/origin/main refs/remotes/origin/main [1ms]
2024-08-06 16:27:06.731 [info] > git config --local branch.main.github-pr-owner-number [1ms]
2024-08-06 16:27:06.731 [warning] git config failed: Failed to execute git
2024-08-06 16:27:50.033 [info] > git config --get commit.template [2ms]
2024-08-06 16:27:50.034 [info] > git for-each-ref --format=%(refname)%00%(upstream:short)%00%(objectname)%00%(upstream:track)%00%(upstream:remotename)%00%(upstream:remoteref) refs/heads/main refs/remotes/main [1ms]
2024-08-06 16:27:50.038 [info] > git status -z -uall [2ms]
2024-08-06 16:27:50.041 [info] > git for-each-ref --format=%(refname)%00%(upstream:short)%00%(objectname)%00%(upstream:track)%00%(upstream:remotename)%00%(upstream:remoteref) refs/heads/main refs/remotes/main [1ms]
2024-08-06 16:27:50.044 [info] > git config --local branch.main.vscode-merge-base [1ms]
2024-08-06 16:27:50.046 [info] > git for-each-ref --format=%(refname)%00%(upstream:short)%00%(objectname)%00%(upstream:track)%00%(upstream:remotename)%00%(upstream:remoteref) refs/heads/origin/main refs/remotes/origin/main [1ms]
2024-08-06 16:30:34.712 [info] > git config --get commit.template [3ms]
2024-08-06 16:30:34.713 [info] > git for-each-ref --format=%(refname)%00%(upstream:short)%00%(objectname)%00%(upstream:track)%00%(upstream:remotename)%00%(upstream:remoteref) refs/heads/main refs/remotes/main [1ms]
2024-08-06 16:30:34.717 [info] > git status -z -uall [2ms]
2024-08-06 16:30:34.720 [info] > git for-each-ref --format=%(refname)%00%(upstream:short)%00%(objectname)%00%(upstream:track)%00%(upstream:remotename)%00%(upstream:remoteref) refs/heads/main refs/remotes/main [1ms]
2024-08-06 16:30:34.723 [info] > git config --local branch.main.vscode-merge-base [1ms]
2024-08-06 16:30:34.725 [info] > git for-each-ref --format=%(refname)%00%(upstream:short)%00%(objectname)%00%(upstream:track)%00%(upstream:remotename)%00%(upstream:remoteref) refs/heads/origin/main refs/remotes/origin/main [1ms]
2024-08-06 16:32:06.734 [info] > git config --local branch.main.github-pr-owner-number [1ms]
2024-08-06 16:32:06.734 [warning] git config failed: Failed to execute git
2024-08-06 16:32:12.297 [info] > git config --get commit.template [3ms]
2024-08-06 16:32:12.298 [info] > git for-each-ref --format=%(refname)%00%(upstream:short)%00%(objectname)%00%(upstream:track)%00%(upstream:remotename)%00%(upstream:remoteref) refs/heads/main refs/remotes/main [1ms]
2024-08-06 16:32:12.301 [info] > git status -z -uall [2ms]
2024-08-06 16:32:12.304 [info] > git for-each-ref --format=%(refname)%00%(upstream:short)%00%(objectname)%00%(upstream:track)%00%(upstream:remotename)%00%(upstream:remoteref) refs/heads/main refs/remotes/main [1ms]
2024-08-06 16:32:12.307 [info] > git config --local branch.main.vscode-merge-base [1ms]
2024-08-06 16:32:12.310 [info] > git for-each-ref --format=%(refname)%00%(upstream:short)%00%(objectname)%00%(upstream:track)%00%(upstream:remotename)%00%(upstream:remoteref) refs/heads/origin/main refs/remotes/origin/main [1ms]
2024-08-06 16:37:06.739 [info] > git config --local branch.main.github-pr-owner-number [1ms]
2024-08-06 16:37:06.739 [warning] git config failed: Failed to execute git
2024-08-06 16:37:48.854 [info] > git check-ignore -v -z --stdin [2ms]
2024-08-06 16:37:49.419 [info] > git check-ignore -v -z --stdin [1ms]
2024-08-06 16:37:53.504 [info] > git check-ignore -v -z --stdin [1ms]
2024-08-06 16:37:59.176 [info] > git check-ignore -v -z --stdin [1ms]
2024-08-06 16:38:11.369 [info] > git show --textconv :about/migrations/0001_initial.py [2ms]
2024-08-06 16:38:11.369 [info] > git ls-files --stage -- /workspace/blog/about/migrations/0001_initial.py [1ms]
2024-08-06 16:38:11.372 [info] > git cat-file -s 6bea87018c24a0c39b6c91fd00ba0efea853c431 [1ms]
2024-08-06 16:42:06.743 [info] > git config --local branch.main.github-pr-owner-number [1ms]
2024-08-06 16:42:06.743 [warning] git config failed: Failed to execute git
2024-08-06 16:47:06.747 [info] > git config --local branch.main.github-pr-owner-number [1ms]
2024-08-06 16:47:06.747 [warning] git config failed: Failed to execute git
2024-08-06 16:52:06.751 [info] > git config --local branch.main.github-pr-owner-number [1ms]
2024-08-06 16:52:06.751 [warning] git config failed: Failed to execute git
2024-08-06 16:57:06.755 [info] > git config --local branch.main.github-pr-owner-number [1ms]
2024-08-06 16:57:06.755 [warning] git config failed: Failed to execute git
2024-08-06 17:02:06.759 [info] > git config --local branch.main.github-pr-owner-number [0ms]
2024-08-06 17:02:06.759 [warning] git config failed: Failed to execute git
2024-08-06 17:07:06.762 [info] > git config --local branch.main.github-pr-owner-number [1ms]
2024-08-06 17:07:06.762 [warning] git config failed: Failed to execute git
2024-08-06 17:12:06.766 [info] > git config --local branch.main.github-pr-owner-number [1ms]
2024-08-06 17:12:06.766 [warning] git config failed: Failed to execute git
2024-08-06 17:17:06.771 [info] > git config --local branch.main.github-pr-owner-number [0ms]
2024-08-06 17:17:06.771 [warning] git config failed: Failed to execute git
2024-08-06 17:18:57.534 [info] > git show --textconv :templates/base.html [2ms]
2024-08-06 17:18:57.535 [info] > git ls-files --stage -- /workspace/blog/templates/base.html [1ms]
2024-08-06 17:18:57.537 [info] > git cat-file -s ee73f17d6f69a60d845f89a385485c07d835e013 [1ms]
2024-08-06 17:20:05.498 [info] > git show --textconv :.gitpod.yml [3ms]
2024-08-06 17:20:05.498 [info] > git ls-files --stage -- /workspace/blog/.gitpod.yml [1ms]
2024-08-06 17:20:05.500 [info] > git cat-file -s 601706cfe7121d1fbfdd695b7298694350e223f6 [1ms]
2024-08-06 17:20:05.666 [info] > git check-ignore -v -z --stdin [0ms]
2024-08-06 17:22:06.774 [info] > git config --local branch.main.github-pr-owner-number [1ms]
2024-08-06 17:22:06.774 [warning] git config failed: Failed to execute git
2024-08-06 17:27:00.770 [info] > git show --textconv :about/migrations/0001_initial.py [2ms]
2024-08-06 17:27:00.771 [info] > git ls-files --stage -- /workspace/blog/about/migrations/0001_initial.py [1ms]
2024-08-06 17:27:00.773 [info] > git cat-file -s 6bea87018c24a0c39b6c91fd00ba0efea853c431 [1ms]
2024-08-06 17:27:06.778 [info] > git config --local branch.main.github-pr-owner-number [1ms]
2024-08-06 17:27:06.778 [warning] git config failed: Failed to execute git
2024-08-06 17:27:29.328 [info] > git show --textconv :about/migrations/__init__.py [2ms]
2024-08-06 17:27:29.329 [info] > git ls-files --stage -- /workspace/blog/about/migrations/__init__.py [1ms]
2024-08-06 17:27:29.331 [info] > git cat-file -s e69de29bb2d1d6434b8b29ae775ad8c2e48c5391 [1ms]
2024-08-06 17:27:36.794 [info] > git show --textconv :about/migrations/0001_initial.py [3ms]
2024-08-06 17:27:36.795 [info] > git ls-files --stage -- /workspace/blog/about/migrations/0001_initial.py [0ms]
2024-08-06 17:27:36.797 [info] > git cat-file -s 6bea87018c24a0c39b6c91fd00ba0efea853c431 [1ms]
2024-08-06 17:32:06.782 [info] > git config --local branch.main.github-pr-owner-number [1ms]
2024-08-06 17:32:06.782 [warning] git config failed: Failed to execute git
2024-08-06 17:37:06.785 [info] > git config --local branch.main.github-pr-owner-number [1ms]
2024-08-06 17:37:06.785 [warning] git config failed: Failed to execute git
2024-08-06 17:42:06.789 [info] > git config --local branch.main.github-pr-owner-number [1ms]
2024-08-06 17:42:06.789 [warning] git config failed: Failed to execute git
2024-08-06 17:47:06.793 [info] > git config --local branch.main.github-pr-owner-number [1ms]
2024-08-06 17:47:06.793 [warning] git config failed: Failed to execute git
2024-08-06 17:52:06.797 [info] > git config --local branch.main.github-pr-owner-number [1ms]
2024-08-06 17:52:06.797 [warning] git config failed: Failed to execute git
2024-08-06 17:57:06.801 [info] > git config --local branch.main.github-pr-owner-number [0ms]
2024-08-06 17:57:06.801 [warning] git config failed: Failed to execute git
2024-08-06 18:02:06.805 [info] > git config --local branch.main.github-pr-owner-number [1ms]
2024-08-06 18:02:06.805 [warning] git config failed: Failed to execute git
2024-08-06 18:07:06.808 [info] > git config --local branch.main.github-pr-owner-number [1ms]
2024-08-06 18:07:06.809 [warning] git config failed: Failed to execute git
