2024-08-06 15:42:02.979 [info] Extension host with pid 947 started
2024-08-06 15:42:02.983 [info] Lock '/workspace/.vscode-remote/data/User/workspaceStorage/11126b9b/vscode.lock': Lock acquired.
2024-08-06 15:42:03.064 [info] ExtensionService#_doActivateExtension vscode.emmet, startup: false, activationEvent: 'onLanguage'
2024-08-06 15:42:03.065 [info] ExtensionService#_doActivateExtension ms-python.python, startup: false, activationEvent: 'onLanguage:python', root cause: ms-python.debugpy
2024-08-06 15:42:03.065 [info] ExtensionService#_doActivateExtension ms-toolsai.jupyter, startup: false, activationEvent: 'onLanguage:python'
2024-08-06 15:42:03.828 [info] ExtensionService#_doActivateExtension ms-toolsai.jupyter-renderers, startup: false, activationEvent: 'api', root cause: ms-toolsai.jupyter
2024-08-06 15:42:03.847 [error] Error: spawn /workspace/.vscode-remote/extensions/ms-python.python-2024.10.0-universal/python-env-tools/bin/pet ENOENT
	at ChildProcess._handle.onexit (node:internal/child_process:286:19)
	at onErrorNT (node:internal/child_process:484:16)
	at process.processTicksAndRejections (node:internal/process/task_queues:82:21)
2024-08-06 15:42:04.013 [info] ExtensionService#_doActivateExtension ms-python.debugpy, startup: false, activationEvent: 'onLanguage:python'
2024-08-06 15:42:04.069 [info] ExtensionService#_doActivateExtension vscode.git-base, startup: true, activationEvent: '*', root cause: vscode.git
2024-08-06 15:42:04.069 [info] ExtensionService#_doActivateExtension gitpod.gitpod-web, startup: true, activationEvent: '*'
2024-08-06 15:42:04.069 [info] ExtensionService#_doActivateExtension formulahendry.auto-close-tag, startup: true, activationEvent: '*'
2024-08-06 15:42:04.069 [info] ExtensionService#_doActivateExtension HookyQR.beautify, startup: true, activationEvent: '*'
2024-08-06 15:42:04.423 [info] ExtensionService#_doActivateExtension vscode.git, startup: true, activationEvent: '*'
2024-08-06 15:42:04.423 [info] ExtensionService#_doActivateExtension vscode.github, startup: true, activationEvent: '*'
2024-08-06 15:42:04.828 [info] Eager extensions activated
2024-08-06 15:42:04.828 [info] ExtensionService#_doActivateExtension vscode.debug-auto-launch, startup: false, activationEvent: 'onStartupFinished'
2024-08-06 15:42:04.828 [info] ExtensionService#_doActivateExtension vscode.merge-conflict, startup: false, activationEvent: 'onStartupFinished'
2024-08-06 15:42:04.829 [info] ExtensionService#_doActivateExtension vscode.github-authentication, startup: false, activationEvent: 'onStartupFinished', root cause: GitHub.vscode-pull-request-github
2024-08-06 15:42:05.084 [info] ExtensionService#_doActivateExtension GitHub.vscode-pull-request-github, startup: false, activationEvent: 'onStartupFinished'
2024-08-06 15:42:05.831 [info] ExtensionService#_doActivateExtension redhat.vscode-yaml, startup: false, activationEvent: 'onLanguage:yaml'
2024-08-06 15:42:06.423 [warning] [redhat.vscode-yaml] Accessing a resource scoped configuration without providing a resource is not expected. To get the effective value for '[yaml]', provide the URI of a resource or 'null' for any resource.
2024-08-06 15:42:06.424 [warning] [redhat.vscode-yaml] Accessing a resource scoped configuration without providing a resource is not expected. To get the effective value for '[yaml]', provide the URI of a resource or 'null' for any resource.
2024-08-06 15:42:06.515 [warning] [redhat.vscode-yaml] Accessing a resource scoped configuration without providing a resource is not expected. To get the effective value for '[yaml]', provide the URI of a resource or 'null' for any resource.
2024-08-06 15:42:07.088 [warning] [redhat.vscode-yaml] Accessing a resource scoped configuration without providing a resource is not expected. To get the effective value for '[yaml]', provide the URI of a resource or 'null' for any resource.
2024-08-06 15:42:07.871 [warning] [redhat.vscode-yaml] Accessing a resource scoped configuration without providing a resource is not expected. To get the effective value for '[yaml]', provide the URI of a resource or 'null' for any resource.
2024-08-06 15:42:07.887 [warning] [redhat.vscode-yaml] Accessing a resource scoped configuration without providing a resource is not expected. To get the effective value for '[yaml]', provide the URI of a resource or 'null' for any resource.
2024-08-06 15:42:07.888 [warning] [redhat.vscode-yaml] Accessing a resource scoped configuration without providing a resource is not expected. To get the effective value for '[yaml]', provide the URI of a resource or 'null' for any resource.
2024-08-06 15:42:07.945 [info] ExtensionService#_doActivateExtension vscode.configuration-editing, startup: false, activationEvent: 'onLanguage:jsonc'
2024-08-06 15:42:07.945 [info] ExtensionService#_doActivateExtension vscode.json-language-features, startup: false, activationEvent: 'onLanguage:jsonc'
2024-08-06 15:42:07.945 [info] ExtensionService#_doActivateExtension vscode.typescript-language-features, startup: false, activationEvent: 'onLanguage:jsonc'
2024-08-06 15:42:09.042 [warning] [redhat.vscode-yaml] Accessing a resource scoped configuration without providing a resource is not expected. To get the effective value for '[yaml]', provide the URI of a resource or 'null' for any resource.
2024-08-06 16:22:10.977 [info] ExtensionService#_doActivateExtension vscode.html-language-features, startup: false, activationEvent: 'onLanguage:html'
2024-08-06 18:07:43.335 [info] Extension host terminating: received terminate message from renderer
2024-08-06 18:07:43.336 [info] Lock '/workspace/.vscode-remote/data/User/workspaceStorage/11126b9b/vscode.lock': Marking the lockfile as scheduled to be released in 6000 ms.
2024-08-06 18:07:43.361 [error] Canceled: Canceled
	at new I (/ide/out/vs/workbench/api/node/extensionHostProcess.js:144:34990)
	at S.U (/ide/out/vs/workbench/api/node/extensionHostProcess.js:151:6023)
	at z.<computed>.F.charCodeAt.T.CharCode.DollarSign.z.<computed> (/ide/out/vs/workbench/api/node/extensionHostProcess.js:151:3107)
	at f.g (/ide/out/vs/workbench/api/node/extensionHostProcess.js:154:203861)
	at f.executeCommand (/ide/out/vs/workbench/api/node/extensionHostProcess.js:154:203299)
	at A.registerCommand.description (/ide/out/vs/workbench/api/node/extensionHostProcess.js:154:202623)
	at f.h (/ide/out/vs/workbench/api/node/extensionHostProcess.js:154:204400)
	at f.g (/ide/out/vs/workbench/api/node/extensionHostProcess.js:154:203392)
	at f.executeCommand (/ide/out/vs/workbench/api/node/extensionHostProcess.js:154:203299)
	at Object.executeCommand (/ide/out/vs/workbench/api/node/extensionHostProcess.js:164:23051)
	at n.O [as value] (/ide/extensions/git/dist/main.js:2:949496)
	at r.B (/ide/out/vs/workbench/api/node/extensionHostProcess.js:83:737)
	at r.C (/ide/out/vs/workbench/api/node/extensionHostProcess.js:83:807)
	at r.fire (/ide/out/vs/workbench/api/node/extensionHostProcess.js:83:1023)
	at Object.p [as dispose] (/ide/extensions/git/dist/main.js:2:968700)
	at /ide/extensions/git/dist/main.js:2:974738
	at Array.forEach (<anonymous>)
	at f.dispose (/ide/extensions/git/dist/main.js:2:974724)
	at c.<anonymous> (/ide/out/vs/workbench/api/node/extensionHostProcess.js:152:4048)
	at c.dispose (/ide/out/vs/workbench/api/node/extensionHostProcess.js:152:4145)
	at c.<anonymous> (/ide/extensions/git/dist/main.js:2:951753)
	at c.dispose (/ide/out/vs/workbench/api/node/extensionHostProcess.js:152:4145)
	at d (/ide/out/vs/workbench/api/node/extensionHostProcess.js:30:744)
	at m.eb (/ide/out/vs/workbench/api/node/extensionHostProcess.js:160:10039)
	at /ide/out/vs/workbench/api/node/extensionHostProcess.js:160:7915
	at Array.map (<anonymous>)
	at m.$ (/ide/out/vs/workbench/api/node/extensionHostProcess.js:160:7902)
	at m.terminate (/ide/out/vs/workbench/api/node/extensionHostProcess.js:160:8175)
	at d.terminate (/ide/out/vs/workbench/api/node/extensionHostProcess.js:164:1513)
	at i (/ide/out/vs/workbench/api/node/extensionHostProcess.js:177:10617)
	at n.value (/ide/out/vs/workbench/api/node/extensionHostProcess.js:177:8585)
	at r.B (/ide/out/vs/workbench/api/node/extensionHostProcess.js:83:737)
	at r.fire (/ide/out/vs/workbench/api/node/extensionHostProcess.js:83:954)
	at o.fire (/ide/out/vs/workbench/api/node/extensionHostProcess.js:108:14502)
	at f.z (/ide/out/vs/workbench/api/node/extensionHostProcess.js:108:17638)
	at n.value (/ide/out/vs/workbench/api/node/extensionHostProcess.js:108:16019)
	at r.B (/ide/out/vs/workbench/api/node/extensionHostProcess.js:83:737)
	at r.fire (/ide/out/vs/workbench/api/node/extensionHostProcess.js:83:954)
	at m.acceptChunk (/ide/out/vs/workbench/api/node/extensionHostProcess.js:108:12248)
	at n.value (/ide/out/vs/workbench/api/node/extensionHostProcess.js:108:11518)
	at r.B (/ide/out/vs/workbench/api/node/extensionHostProcess.js:83:737)
	at r.fire (/ide/out/vs/workbench/api/node/extensionHostProcess.js:83:954)
	at o.z (/ide/out/vs/workbench/api/node/extensionHostProcess.js:174:21438) setContext undefined
2024-08-06 18:07:43.362 [error] Canceled: Canceled
	at new I (/ide/out/vs/workbench/api/node/extensionHostProcess.js:144:34990)
	at S.U (/ide/out/vs/workbench/api/node/extensionHostProcess.js:151:6023)
	at z.<computed>.F.charCodeAt.T.CharCode.DollarSign.z.<computed> (/ide/out/vs/workbench/api/node/extensionHostProcess.js:151:3107)
	at f.g (/ide/out/vs/workbench/api/node/extensionHostProcess.js:154:203861)
	at f.executeCommand (/ide/out/vs/workbench/api/node/extensionHostProcess.js:154:203299)
	at A.registerCommand.description (/ide/out/vs/workbench/api/node/extensionHostProcess.js:154:202623)
	at f.h (/ide/out/vs/workbench/api/node/extensionHostProcess.js:154:204400)
	at f.g (/ide/out/vs/workbench/api/node/extensionHostProcess.js:154:203392)
	at f.executeCommand (/ide/out/vs/workbench/api/node/extensionHostProcess.js:154:203299)
	at Object.executeCommand (/ide/out/vs/workbench/api/node/extensionHostProcess.js:164:23051)
	at set hasGitHubRepositories [as hasGitHubRepositories] (/ide/extensions/github/dist/extension.js:2:322969)
	at /ide/extensions/github/dist/extension.js:2:323928
	at n.value (/ide/extensions/git/dist/main.js:2:1055238)
	at r.B (/ide/out/vs/workbench/api/node/extensionHostProcess.js:83:737)
	at r.C (/ide/out/vs/workbench/api/node/extensionHostProcess.js:83:807)
	at r.fire (/ide/out/vs/workbench/api/node/extensionHostProcess.js:83:1023)
	at Object.p [as dispose] (/ide/extensions/git/dist/main.js:2:968700)
	at /ide/extensions/git/dist/main.js:2:974738
	at Array.forEach (<anonymous>)
	at f.dispose (/ide/extensions/git/dist/main.js:2:974724)
	at c.<anonymous> (/ide/out/vs/workbench/api/node/extensionHostProcess.js:152:4048)
	at c.dispose (/ide/out/vs/workbench/api/node/extensionHostProcess.js:152:4145)
	at c.<anonymous> (/ide/extensions/git/dist/main.js:2:951753)
	at c.dispose (/ide/out/vs/workbench/api/node/extensionHostProcess.js:152:4145)
	at d (/ide/out/vs/workbench/api/node/extensionHostProcess.js:30:744)
	at m.eb (/ide/out/vs/workbench/api/node/extensionHostProcess.js:160:10039)
	at /ide/out/vs/workbench/api/node/extensionHostProcess.js:160:7915
	at Array.map (<anonymous>)
	at m.$ (/ide/out/vs/workbench/api/node/extensionHostProcess.js:160:7902)
	at m.terminate (/ide/out/vs/workbench/api/node/extensionHostProcess.js:160:8175)
	at d.terminate (/ide/out/vs/workbench/api/node/extensionHostProcess.js:164:1513)
	at i (/ide/out/vs/workbench/api/node/extensionHostProcess.js:177:10617)
	at n.value (/ide/out/vs/workbench/api/node/extensionHostProcess.js:177:8585)
	at r.B (/ide/out/vs/workbench/api/node/extensionHostProcess.js:83:737)
	at r.fire (/ide/out/vs/workbench/api/node/extensionHostProcess.js:83:954)
	at o.fire (/ide/out/vs/workbench/api/node/extensionHostProcess.js:108:14502)
	at f.z (/ide/out/vs/workbench/api/node/extensionHostProcess.js:108:17638)
	at n.value (/ide/out/vs/workbench/api/node/extensionHostProcess.js:108:16019)
	at r.B (/ide/out/vs/workbench/api/node/extensionHostProcess.js:83:737)
	at r.fire (/ide/out/vs/workbench/api/node/extensionHostProcess.js:83:954)
	at m.acceptChunk (/ide/out/vs/workbench/api/node/extensionHostProcess.js:108:12248)
	at n.value (/ide/out/vs/workbench/api/node/extensionHostProcess.js:108:11518)
	at r.B (/ide/out/vs/workbench/api/node/extensionHostProcess.js:83:737)
	at r.fire (/ide/out/vs/workbench/api/node/extensionHostProcess.js:83:954)
	at o.z (/ide/out/vs/workbench/api/node/extensionHostProcess.js:174:21438) setContext undefined
2024-08-06 18:07:43.365 [error] Canceled: Canceled
	at new I (/ide/out/vs/workbench/api/node/extensionHostProcess.js:144:34990)
	at S.U (/ide/out/vs/workbench/api/node/extensionHostProcess.js:151:6023)
	at z.<computed>.F.charCodeAt.T.CharCode.DollarSign.z.<computed> (/ide/out/vs/workbench/api/node/extensionHostProcess.js:151:3107)
	at f.g (/ide/out/vs/workbench/api/node/extensionHostProcess.js:154:203861)
	at f.executeCommand (/ide/out/vs/workbench/api/node/extensionHostProcess.js:154:203299)
	at A.registerCommand.description (/ide/out/vs/workbench/api/node/extensionHostProcess.js:154:202623)
	at f.h (/ide/out/vs/workbench/api/node/extensionHostProcess.js:154:204400)
	at f.g (/ide/out/vs/workbench/api/node/extensionHostProcess.js:154:203392)
	at f.executeCommand (/ide/out/vs/workbench/api/node/extensionHostProcess.js:154:203299)
	at Object.executeCommand (/ide/out/vs/workbench/api/node/extensionHostProcess.js:164:23051)
	at e (/workspace/.vscode-remote/extensions/github.vscode-pull-request-github-0.92.0-universal/dist/extension.js:2024:1695)
	at Object.n [as setContext] (/workspace/.vscode-remote/extensions/github.vscode-pull-request-github-0.92.0-universal/dist/extension.js:2024:1810)
	at Qp.updateActiveReviewCount (/workspace/.vscode-remote/extensions/github.vscode-pull-request-github-0.92.0-universal/dist/extension.js:2097:23381)
	at Qp.removeRepo (/workspace/.vscode-remote/extensions/github.vscode-pull-request-github-0.92.0-universal/dist/extension.js:2097:24564)
	at n.value (/workspace/.vscode-remote/extensions/github.vscode-pull-request-github-0.92.0-universal/dist/extension.js:2212:4226)
	at r.B (/ide/out/vs/workbench/api/node/extensionHostProcess.js:83:737)
	at r.C (/ide/out/vs/workbench/api/node/extensionHostProcess.js:83:807)
	at r.fire (/ide/out/vs/workbench/api/node/extensionHostProcess.js:83:1023)
	at n.value (/workspace/.vscode-remote/extensions/github.vscode-pull-request-github-0.92.0-universal/dist/extension.js:1992:447189)
	at r.B (/ide/out/vs/workbench/api/node/extensionHostProcess.js:83:737)
	at r.fire (/ide/out/vs/workbench/api/node/extensionHostProcess.js:83:954)
	at /workspace/.vscode-remote/extensions/github.vscode-pull-request-github-0.92.0-universal/dist/extension.js:2097:28280
	at n.value (/ide/extensions/git/dist/main.js:2:1055238)
	at r.B (/ide/out/vs/workbench/api/node/extensionHostProcess.js:83:737)
	at r.C (/ide/out/vs/workbench/api/node/extensionHostProcess.js:83:807)
	at r.fire (/ide/out/vs/workbench/api/node/extensionHostProcess.js:83:1023)
	at Object.p [as dispose] (/ide/extensions/git/dist/main.js:2:968700)
	at /ide/extensions/git/dist/main.js:2:974738
	at Array.forEach (<anonymous>)
	at f.dispose (/ide/extensions/git/dist/main.js:2:974724)
	at c.<anonymous> (/ide/out/vs/workbench/api/node/extensionHostProcess.js:152:4048)
	at c.dispose (/ide/out/vs/workbench/api/node/extensionHostProcess.js:152:4145)
	at c.<anonymous> (/ide/extensions/git/dist/main.js:2:951753)
	at c.dispose (/ide/out/vs/workbench/api/node/extensionHostProcess.js:152:4145)
	at d (/ide/out/vs/workbench/api/node/extensionHostProcess.js:30:744)
	at m.eb (/ide/out/vs/workbench/api/node/extensionHostProcess.js:160:10039)
	at /ide/out/vs/workbench/api/node/extensionHostProcess.js:160:7915
	at Array.map (<anonymous>)
	at m.$ (/ide/out/vs/workbench/api/node/extensionHostProcess.js:160:7902)
	at m.terminate (/ide/out/vs/workbench/api/node/extensionHostProcess.js:160:8175)
	at d.terminate (/ide/out/vs/workbench/api/node/extensionHostProcess.js:164:1513)
	at i (/ide/out/vs/workbench/api/node/extensionHostProcess.js:177:10617)
	at n.value (/ide/out/vs/workbench/api/node/extensionHostProcess.js:177:8585)
	at r.B (/ide/out/vs/workbench/api/node/extensionHostProcess.js:83:737)
	at r.fire (/ide/out/vs/workbench/api/node/extensionHostProcess.js:83:954)
	at o.fire (/ide/out/vs/workbench/api/node/extensionHostProcess.js:108:14502)
	at f.z (/ide/out/vs/workbench/api/node/extensionHostProcess.js:108:17638)
	at n.value (/ide/out/vs/workbench/api/node/extensionHostProcess.js:108:16019)
	at r.B (/ide/out/vs/workbench/api/node/extensionHostProcess.js:83:737)
	at r.fire (/ide/out/vs/workbench/api/node/extensionHostProcess.js:83:954)
	at m.acceptChunk (/ide/out/vs/workbench/api/node/extensionHostProcess.js:108:12248)
	at n.value (/ide/out/vs/workbench/api/node/extensionHostProcess.js:108:11518)
	at r.B (/ide/out/vs/workbench/api/node/extensionHostProcess.js:83:737)
	at r.fire (/ide/out/vs/workbench/api/node/extensionHostProcess.js:83:954)
	at o.z (/ide/out/vs/workbench/api/node/extensionHostProcess.js:174:21438) setContext undefined
2024-08-06 18:07:43.365 [error] Canceled: Canceled
	at new I (/ide/out/vs/workbench/api/node/extensionHostProcess.js:144:34990)
	at S.U (/ide/out/vs/workbench/api/node/extensionHostProcess.js:151:6023)
	at z.<computed>.F.charCodeAt.T.CharCode.DollarSign.z.<computed> (/ide/out/vs/workbench/api/node/extensionHostProcess.js:151:3107)
	at f.g (/ide/out/vs/workbench/api/node/extensionHostProcess.js:154:203861)
	at f.executeCommand (/ide/out/vs/workbench/api/node/extensionHostProcess.js:154:203299)
	at A.registerCommand.description (/ide/out/vs/workbench/api/node/extensionHostProcess.js:154:202623)
	at f.h (/ide/out/vs/workbench/api/node/extensionHostProcess.js:154:204400)
	at f.g (/ide/out/vs/workbench/api/node/extensionHostProcess.js:154:203392)
	at f.executeCommand (/ide/out/vs/workbench/api/node/extensionHostProcess.js:154:203299)
	at Object.executeCommand (/ide/out/vs/workbench/api/node/extensionHostProcess.js:164:23051)
	at e (/workspace/.vscode-remote/extensions/github.vscode-pull-request-github-0.92.0-universal/dist/extension.js:2024:1695)
	at Object.n [as setContext] (/workspace/.vscode-remote/extensions/github.vscode-pull-request-github-0.92.0-universal/dist/extension.js:2024:1810)
	at qm.setReviewModeContexts (/workspace/.vscode-remote/extensions/github.vscode-pull-request-github-0.92.0-universal/dist/extension.js:2199:15401)
	at qm.removePrFromView (/workspace/.vscode-remote/extensions/github.vscode-pull-request-github-0.92.0-universal/dist/extension.js:2199:16028)
	at tp.clear (/workspace/.vscode-remote/extensions/github.vscode-pull-request-github-0.92.0-universal/dist/extension.js:2078:25783)
	at tp.dispose (/workspace/.vscode-remote/extensions/github.vscode-pull-request-github-0.92.0-universal/dist/extension.js:2080:167)
	at Wm.removeReviewManager (/workspace/.vscode-remote/extensions/github.vscode-pull-request-github-0.92.0-universal/dist/extension.js:2199:47379)
	at n.value (/workspace/.vscode-remote/extensions/github.vscode-pull-request-github-0.92.0-universal/dist/extension.js:2212:4244)
	at r.B (/ide/out/vs/workbench/api/node/extensionHostProcess.js:83:737)
	at r.C (/ide/out/vs/workbench/api/node/extensionHostProcess.js:83:807)
	at r.fire (/ide/out/vs/workbench/api/node/extensionHostProcess.js:83:1023)
	at n.value (/workspace/.vscode-remote/extensions/github.vscode-pull-request-github-0.92.0-universal/dist/extension.js:1992:447189)
	at r.B (/ide/out/vs/workbench/api/node/extensionHostProcess.js:83:737)
	at r.fire (/ide/out/vs/workbench/api/node/extensionHostProcess.js:83:954)
	at /workspace/.vscode-remote/extensions/github.vscode-pull-request-github-0.92.0-universal/dist/extension.js:2097:28280
	at n.value (/ide/extensions/git/dist/main.js:2:1055238)
	at r.B (/ide/out/vs/workbench/api/node/extensionHostProcess.js:83:737)
	at r.C (/ide/out/vs/workbench/api/node/extensionHostProcess.js:83:807)
	at r.fire (/ide/out/vs/workbench/api/node/extensionHostProcess.js:83:1023)
	at Object.p [as dispose] (/ide/extensions/git/dist/main.js:2:968700)
	at /ide/extensions/git/dist/main.js:2:974738
	at Array.forEach (<anonymous>)
	at f.dispose (/ide/extensions/git/dist/main.js:2:974724)
	at c.<anonymous> (/ide/out/vs/workbench/api/node/extensionHostProcess.js:152:4048)
	at c.dispose (/ide/out/vs/workbench/api/node/extensionHostProcess.js:152:4145)
	at c.<anonymous> (/ide/extensions/git/dist/main.js:2:951753)
	at c.dispose (/ide/out/vs/workbench/api/node/extensionHostProcess.js:152:4145)
	at d (/ide/out/vs/workbench/api/node/extensionHostProcess.js:30:744)
	at m.eb (/ide/out/vs/workbench/api/node/extensionHostProcess.js:160:10039)
	at /ide/out/vs/workbench/api/node/extensionHostProcess.js:160:7915
	at Array.map (<anonymous>)
	at m.$ (/ide/out/vs/workbench/api/node/extensionHostProcess.js:160:7902)
	at m.terminate (/ide/out/vs/workbench/api/node/extensionHostProcess.js:160:8175)
	at d.terminate (/ide/out/vs/workbench/api/node/extensionHostProcess.js:164:1513)
	at i (/ide/out/vs/workbench/api/node/extensionHostProcess.js:177:10617)
	at n.value (/ide/out/vs/workbench/api/node/extensionHostProcess.js:177:8585)
	at r.B (/ide/out/vs/workbench/api/node/extensionHostProcess.js:83:737)
	at r.fire (/ide/out/vs/workbench/api/node/extensionHostProcess.js:83:954)
	at o.fire (/ide/out/vs/workbench/api/node/extensionHostProcess.js:108:14502)
	at f.z (/ide/out/vs/workbench/api/node/extensionHostProcess.js:108:17638)
	at n.value (/ide/out/vs/workbench/api/node/extensionHostProcess.js:108:16019)
	at r.B (/ide/out/vs/workbench/api/node/extensionHostProcess.js:83:737)
	at r.fire (/ide/out/vs/workbench/api/node/extensionHostProcess.js:83:954)
	at m.acceptChunk (/ide/out/vs/workbench/api/node/extensionHostProcess.js:108:12248)
	at n.value (/ide/out/vs/workbench/api/node/extensionHostProcess.js:108:11518)
	at r.B (/ide/out/vs/workbench/api/node/extensionHostProcess.js:83:737)
	at r.fire (/ide/out/vs/workbench/api/node/extensionHostProcess.js:83:954)
	at o.z (/ide/out/vs/workbench/api/node/extensionHostProcess.js:174:21438) setContext undefined
2024-08-06 18:07:43.365 [error] Canceled: Canceled
	at new I (/ide/out/vs/workbench/api/node/extensionHostProcess.js:144:34990)
	at S.U (/ide/out/vs/workbench/api/node/extensionHostProcess.js:151:6023)
	at z.<computed>.F.charCodeAt.T.CharCode.DollarSign.z.<computed> (/ide/out/vs/workbench/api/node/extensionHostProcess.js:151:3107)
	at f.g (/ide/out/vs/workbench/api/node/extensionHostProcess.js:154:203861)
	at f.executeCommand (/ide/out/vs/workbench/api/node/extensionHostProcess.js:154:203299)
	at A.registerCommand.description (/ide/out/vs/workbench/api/node/extensionHostProcess.js:154:202623)
	at f.h (/ide/out/vs/workbench/api/node/extensionHostProcess.js:154:204400)
	at f.g (/ide/out/vs/workbench/api/node/extensionHostProcess.js:154:203392)
	at f.executeCommand (/ide/out/vs/workbench/api/node/extensionHostProcess.js:154:203299)
	at Object.executeCommand (/ide/out/vs/workbench/api/node/extensionHostProcess.js:164:23051)
	at W2.reset (/workspace/.vscode-remote/extensions/github.vscode-pull-request-github-0.92.0-universal/dist/extension.js:2199:9009)
	at W2.dispose (/workspace/.vscode-remote/extensions/github.vscode-pull-request-github-0.92.0-universal/dist/extension.js:2199:9280)
	at d (/ide/out/vs/workbench/api/node/extensionHostProcess.js:30:744)
	at m.eb (/ide/out/vs/workbench/api/node/extensionHostProcess.js:160:10039)
	at /ide/out/vs/workbench/api/node/extensionHostProcess.js:160:7915
	at Array.map (<anonymous>)
	at m.$ (/ide/out/vs/workbench/api/node/extensionHostProcess.js:160:7902)
	at m.terminate (/ide/out/vs/workbench/api/node/extensionHostProcess.js:160:8175)
	at d.terminate (/ide/out/vs/workbench/api/node/extensionHostProcess.js:164:1513)
	at i (/ide/out/vs/workbench/api/node/extensionHostProcess.js:177:10617)
	at n.value (/ide/out/vs/workbench/api/node/extensionHostProcess.js:177:8585)
	at r.B (/ide/out/vs/workbench/api/node/extensionHostProcess.js:83:737)
	at r.fire (/ide/out/vs/workbench/api/node/extensionHostProcess.js:83:954)
	at o.fire (/ide/out/vs/workbench/api/node/extensionHostProcess.js:108:14502)
	at f.z (/ide/out/vs/workbench/api/node/extensionHostProcess.js:108:17638)
	at n.value (/ide/out/vs/workbench/api/node/extensionHostProcess.js:108:16019)
	at r.B (/ide/out/vs/workbench/api/node/extensionHostProcess.js:83:737)
	at r.fire (/ide/out/vs/workbench/api/node/extensionHostProcess.js:83:954)
	at m.acceptChunk (/ide/out/vs/workbench/api/node/extensionHostProcess.js:108:12248)
	at n.value (/ide/out/vs/workbench/api/node/extensionHostProcess.js:108:11518)
	at r.B (/ide/out/vs/workbench/api/node/extensionHostProcess.js:83:737)
	at r.fire (/ide/out/vs/workbench/api/node/extensionHostProcess.js:83:954)
	at o.z (/ide/out/vs/workbench/api/node/extensionHostProcess.js:174:21438) setContext undefined
2024-08-06 18:07:43.369 [info] Extension host with pid 947 exiting with code 0
