2024-08-05 07:46:42.601 [info] Log level: Info
2024-08-05 07:46:42.601 [info] VSCODE_MACHINE_ID: 3ff7c016-bcda-44bb-9f9b-d7b2249b279d
2024-08-05 07:46:42.601 [info] VSCODE_SESSION_ID: 1c8c98d6-b230-43f3-98be-5dadf317e7711722843965886
2024-08-05 07:46:42.601 [info] VSCODE_VERSION: 1.91.1
2024-08-05 07:46:42.601 [info] VSCODE_APP_NAME: Gitpod Code
2024-08-05 07:46:42.601 [info] VSCODE_APP_HOST: Gitpod
2024-08-05 07:46:42.601 [info] VSCODE_UI_KIND: web
2024-08-05 07:46:42.601 [info] GITPOD_WORKSPACE_CONTEXT_URL: https://github.com/kamenco/blog.git
2024-08-05 07:46:42.601 [info] GITPOD_INSTANCE_ID: 5619028c-755f-40d4-94a1-7d8965bf4d05
2024-08-05 07:46:42.601 [info] GITPOD_WORKSPACE_URL: https://kamenco-blog-2an49o3y8k4.ws.codeinstitute-ide.net
2024-08-05 07:46:42.601 [error] No telemetry: dedicated installations should send data always to own endpoints, host: codeinstitute-ide.net
2024-08-05 07:46:42.601 [error] No telemetry: dedicated installations should send data always to own endpoints, host: codeinstitute-ide.net
2024-08-05 07:46:42.601 [info] Gitpod Web 7ff72a2
2024-08-05 07:46:42.601 [info] Reading sessions from keychain...
2024-08-05 07:46:43.318 [info] Getting sessions for all scopes...
2024-08-05 07:46:43.318 [info] Getting GitHub sessions for all scopes...
2024-08-05 07:46:43.318 [info] Got 1 GitHub sessions for all scopes...
2024-08-05 07:46:43.319 [info] Got stored sessions!
2024-08-05 07:46:43.319 [info] Verified session with the following scopes: function:accessCodeSyncStorage function:closePort function:controlAdmission function:deleteEnvVar function:generateNewGitpodToken function:getDefaultWorkspaceImage function:getEnvVars function:getGitpodTokenScopes function:getIDToken function:getLoggedInUser function:getOpenPorts function:getSupportedWorkspaceClasses function:getTeams function:getToken function:getWorkspace function:getWorkspaceEnvVars function:getWorkspaceOwner function:getWorkspaceTimeout function:getWorkspaceUsers function:guessGitTokenScopes function:isWorkspaceOwner function:openPort function:sendHeartBeat function:setEnvVar function:setWorkspaceTimeout function:stopWorkspace function:takeSnapshot function:trackEvent function:updateGitStatus function:waitForSnapshot resource:contentBlob::*::create/get resource:envVar::kamenco/blog::create/get/update/delete resource:gitpodToken::*::create resource:snapshot::ws-kamenco-blog-2an49o3y8k4::create resource:token::*::get resource:userStorage::*::create/get/update resource:workspace::kamenco-blog-2an49o3y8k4::get/update resource:workspaceInstance::5619028c-755f-40d4-94a1-7d8965bf4d05::get/update/delete
2024-08-05 07:46:43.321 [info] Got 1 verified sessions.
2024-08-05 07:46:43.321 [info] Got 1 sessions for all scopes...
2024-08-05 07:46:45.326 [info] Getting GitHub sessions for all scopes...
2024-08-05 07:46:45.326 [info] Getting sessions for all scopes...
2024-08-05 07:46:45.326 [info] Got 1 GitHub sessions for all scopes...
2024-08-05 07:46:45.326 [info] Got 1 sessions for all scopes...
2024-08-05 07:46:45.692 [info] Getting GitHub sessions for read:user,repo,user:email,workflow...
2024-08-05 07:46:45.692 [info] Got 0 GitHub sessions for read:user,repo,user:email,workflow...
2024-08-05 07:46:46.205 [info] Getting GitHub sessions for project,read:org,read:user,repo,user:email,workflow...
2024-08-05 07:46:46.205 [info] Got 0 GitHub sessions for project,read:org,read:user,repo,user:email,workflow...
2024-08-05 07:46:46.288 [info] Getting GitHub sessions for read:user,repo,user:email,workflow...
2024-08-05 07:46:46.288 [info] Got 0 GitHub sessions for read:user,repo,user:email,workflow...
2024-08-05 07:46:46.366 [info] Getting GitHub sessions for read:user,repo,user:email...
2024-08-05 07:46:46.366 [info] Got 0 GitHub sessions for read:user,repo,user:email...
2024-08-05 07:46:46.646 [info] Getting GitHub sessions for read:user,repo,user:email,workflow...
2024-08-05 07:46:46.646 [info] Got 0 GitHub sessions for read:user,repo,user:email,workflow...
2024-08-05 07:46:47.430 [info] Getting sessions for function:accessCodeSyncStorage...
2024-08-05 07:46:47.434 [info] Got 1 sessions for function:accessCodeSyncStorage...
