2024-08-06 08:05:13.143 [info] Log level: Info
2024-08-06 08:05:13.143 [info] VSCODE_MACHINE_ID: 3ff7c016-bcda-44bb-9f9b-d7b2249b279d
2024-08-06 08:05:13.143 [info] VSCODE_SESSION_ID: 21212fd5-3b78-4556-9a78-ccc05efceae81722931507168
2024-08-06 08:05:13.143 [info] VSCODE_VERSION: 1.91.1
2024-08-06 08:05:13.143 [info] VSCODE_APP_NAME: Gitpod Code
2024-08-06 08:05:13.143 [info] VSCODE_APP_HOST: Gitpod
2024-08-06 08:05:13.143 [info] VSCODE_UI_KIND: web
2024-08-06 08:05:13.143 [info] GITPOD_WORKSPACE_CONTEXT_URL: https://github.com/kamenco/blog.git
2024-08-06 08:05:13.143 [info] GITPOD_INSTANCE_ID: 29049dca-f271-439a-ac10-480962badc7c
2024-08-06 08:05:13.143 [info] GITPOD_WORKSPACE_URL: https://kamenco-blog-2an49o3y8k4.ws.codeinstitute-ide.net
2024-08-06 08:05:13.143 [error] No telemetry: dedicated installations should send data always to own endpoints, host: codeinstitute-ide.net
2024-08-06 08:05:13.143 [error] No telemetry: dedicated installations should send data always to own endpoints, host: codeinstitute-ide.net
2024-08-06 08:05:13.143 [info] Gitpod Web 7ff72a2
2024-08-06 08:05:13.143 [info] Reading sessions from keychain...
2024-08-06 08:05:13.279 [info] Getting sessions for all scopes...
2024-08-06 08:05:13.279 [info] Getting GitHub sessions for all scopes...
2024-08-06 08:05:13.279 [info] Got stored sessions!
2024-08-06 08:05:13.279 [info] Verified session with the following scopes: function:accessCodeSyncStorage function:closePort function:controlAdmission function:deleteEnvVar function:generateNewGitpodToken function:getDefaultWorkspaceImage function:getEnvVars function:getGitpodTokenScopes function:getIDToken function:getLoggedInUser function:getOpenPorts function:getSupportedWorkspaceClasses function:getTeams function:getToken function:getWorkspace function:getWorkspaceEnvVars function:getWorkspaceOwner function:getWorkspaceTimeout function:getWorkspaceUsers function:guessGitTokenScopes function:isWorkspaceOwner function:openPort function:sendHeartBeat function:setEnvVar function:setWorkspaceTimeout function:stopWorkspace function:takeSnapshot function:trackEvent function:updateGitStatus function:waitForSnapshot resource:contentBlob::*::create/get resource:envVar::kamenco/blog::create/get/update/delete resource:gitpodToken::*::create resource:snapshot::ws-kamenco-blog-2an49o3y8k4::create resource:token::*::get resource:userStorage::*::create/get/update resource:workspace::kamenco-blog-2an49o3y8k4::get/update resource:workspaceInstance::29049dca-f271-439a-ac10-480962badc7c::get/update/delete
2024-08-06 08:05:13.281 [info] Got 1 verified sessions.
2024-08-06 08:05:13.281 [info] Got 1 sessions for all scopes...
2024-08-06 08:05:13.393 [info] Got 1 GitHub sessions for all scopes...
2024-08-06 08:05:13.775 [info] Getting sessions for all scopes...
2024-08-06 08:05:13.775 [info] Got 1 sessions for all scopes...
2024-08-06 08:05:13.888 [info] Getting GitHub sessions for all scopes...
2024-08-06 08:05:13.888 [info] Got 1 GitHub sessions for all scopes...
2024-08-06 08:05:13.972 [info] Getting GitHub sessions for read:user,repo,user:email,workflow...
2024-08-06 08:05:13.972 [info] Got 0 GitHub sessions for read:user,repo,user:email,workflow...
2024-08-06 08:05:14.026 [info] Getting GitHub sessions for project,read:org,read:user,repo,user:email,workflow...
2024-08-06 08:05:14.026 [info] Got 0 GitHub sessions for project,read:org,read:user,repo,user:email,workflow...
2024-08-06 08:05:14.068 [info] Getting GitHub sessions for read:user,repo,user:email,workflow...
2024-08-06 08:05:14.068 [info] Got 0 GitHub sessions for read:user,repo,user:email,workflow...
2024-08-06 08:05:14.111 [info] Getting GitHub sessions for read:user,repo,user:email...
2024-08-06 08:05:14.111 [info] Got 0 GitHub sessions for read:user,repo,user:email...
2024-08-06 08:05:14.168 [info] Getting GitHub sessions for read:user,repo,user:email,workflow...
2024-08-06 08:05:14.168 [info] Got 0 GitHub sessions for read:user,repo,user:email,workflow...
2024-08-06 08:08:32.979 [info] Getting sessions for all scopes...
2024-08-06 08:08:32.979 [info] Getting GitHub sessions for all scopes...
2024-08-06 08:08:32.979 [info] Got 1 sessions for all scopes...
2024-08-06 08:08:32.979 [info] Got 1 GitHub sessions for all scopes...
2024-08-06 08:08:33.052 [info] Getting sessions for all scopes...
2024-08-06 08:08:33.052 [info] Getting GitHub sessions for all scopes...
2024-08-06 08:08:33.052 [info] Got 1 sessions for all scopes...
2024-08-06 08:08:33.052 [info] Got 1 GitHub sessions for all scopes...
2024-08-06 08:08:35.143 [info] Getting sessions for function:accessCodeSyncStorage...
2024-08-06 08:08:35.148 [info] Got 1 sessions for function:accessCodeSyncStorage...
2024-08-06 09:04:12.529 [error] No telemetry: dedicated installations should send data always to own endpoints, host: codeinstitute-ide.net
2024-08-06 10:08:11.597 [error] 09ddc27d-1ef5-4d46-b56b-3f1b6941de31 terminal: shutdown failed: 4 DEADLINE_EXCEEDED: Deadline exceeded
2024-08-06 10:11:06.349 [error] No telemetry: dedicated installations should send data always to own endpoints, host: codeinstitute-ide.net
2024-08-06 10:12:33.552 [error] No telemetry: dedicated installations should send data always to own endpoints, host: codeinstitute-ide.net
