2024-08-07 19:05:27.888 [info] Log level: Info
2024-08-07 19:05:27.895 [info] VSCODE_MACHINE_ID: 3ff7c016-bcda-44bb-9f9b-d7b2249b279d
2024-08-07 19:05:27.895 [info] VSCODE_SESSION_ID: b7434006-8c05-4126-a042-885030d94e181723057520613
2024-08-07 19:05:27.895 [info] VSCODE_VERSION: 1.92.0
2024-08-07 19:05:27.895 [info] VSCODE_APP_NAME: Gitpod Code
2024-08-07 19:05:27.895 [info] VSCODE_APP_HOST: Gitpod
2024-08-07 19:05:27.895 [info] VSCODE_UI_KIND: web
2024-08-07 19:05:27.895 [info] GITPOD_WORKSPACE_CONTEXT_URL: https://github.com/kamenco/blog.git
2024-08-07 19:05:27.895 [info] GITPOD_INSTANCE_ID: 367b590d-51e1-443d-9d11-ab00013319d5
2024-08-07 19:05:27.895 [info] GITPOD_WORKSPACE_URL: https://kamenco-blog-2an49o3y8k4.ws.codeinstitute-ide.net
2024-08-07 19:05:27.895 [error] No telemetry: dedicated installations should send data always to own endpoints, host: codeinstitute-ide.net
2024-08-07 19:05:27.895 [error] No telemetry: dedicated installations should send data always to own endpoints, host: codeinstitute-ide.net
2024-08-07 19:05:27.899 [info] Gitpod Web 7ff72a2
2024-08-07 19:05:27.899 [info] Reading sessions from keychain...
2024-08-07 19:05:28.084 [info] Getting sessions for all scopes...
2024-08-07 19:05:28.084 [info] Getting GitHub sessions for all scopes...
2024-08-07 19:05:28.084 [info] Got stored sessions!
2024-08-07 19:05:28.084 [info] Verified session with the following scopes: function:accessCodeSyncStorage function:closePort function:controlAdmission function:deleteEnvVar function:generateNewGitpodToken function:getDefaultWorkspaceImage function:getEnvVars function:getGitpodTokenScopes function:getIDToken function:getLoggedInUser function:getOpenPorts function:getSupportedWorkspaceClasses function:getTeams function:getToken function:getWorkspace function:getWorkspaceEnvVars function:getWorkspaceOwner function:getWorkspaceTimeout function:getWorkspaceUsers function:guessGitTokenScopes function:isWorkspaceOwner function:openPort function:sendHeartBeat function:setEnvVar function:setWorkspaceTimeout function:stopWorkspace function:takeSnapshot function:trackEvent function:updateGitStatus function:waitForSnapshot resource:contentBlob::*::create/get resource:envVar::kamenco/blog::create/get/update/delete resource:gitpodToken::*::create resource:snapshot::ws-kamenco-blog-2an49o3y8k4::create resource:token::*::get resource:userStorage::*::create/get/update resource:workspace::kamenco-blog-2an49o3y8k4::get/update resource:workspaceInstance::367b590d-51e1-443d-9d11-ab00013319d5::get/update/delete
2024-08-07 19:05:28.086 [info] Got 1 verified sessions.
2024-08-07 19:05:28.086 [info] Got 1 sessions for all scopes...
2024-08-07 19:05:28.172 [info] Got 1 GitHub sessions for all scopes...
2024-08-07 19:05:29.381 [info] Getting sessions for all scopes...
2024-08-07 19:05:29.381 [info] Got 1 sessions for all scopes...
2024-08-07 19:05:29.383 [info] Getting GitHub sessions for all scopes...
2024-08-07 19:05:29.383 [info] Got 1 GitHub sessions for all scopes...
2024-08-07 19:05:29.798 [info] Getting GitHub sessions for read:user,repo,user:email,workflow...
2024-08-07 19:05:29.798 [info] Got 0 GitHub sessions for read:user,repo,user:email,workflow...
2024-08-07 19:05:30.169 [info] Getting GitHub sessions for project,read:org,read:user,repo,user:email,workflow...
2024-08-07 19:05:30.169 [info] Got 0 GitHub sessions for project,read:org,read:user,repo,user:email,workflow...
2024-08-07 19:05:30.340 [info] Getting GitHub sessions for read:user,repo,user:email,workflow...
2024-08-07 19:05:30.340 [info] Got 0 GitHub sessions for read:user,repo,user:email,workflow...
2024-08-07 19:05:30.434 [info] Getting GitHub sessions for read:user,repo,user:email...
2024-08-07 19:05:30.434 [info] Got 0 GitHub sessions for read:user,repo,user:email...
2024-08-07 19:05:30.436 [info] Getting sessions for all scopes...
2024-08-07 19:05:30.436 [info] Getting GitHub sessions for all scopes...
2024-08-07 19:05:30.436 [info] Got 1 sessions for all scopes...
2024-08-07 19:05:30.436 [info] Got 1 GitHub sessions for all scopes...
2024-08-07 19:05:30.456 [info] Getting sessions for all scopes...
2024-08-07 19:05:30.456 [info] Getting GitHub sessions for all scopes...
2024-08-07 19:05:30.456 [info] Got 1 sessions for all scopes...
2024-08-07 19:05:30.456 [info] Got 1 GitHub sessions for all scopes...
2024-08-07 19:05:30.518 [info] Getting GitHub sessions for read:user,repo,user:email,workflow...
2024-08-07 19:05:30.518 [info] Got 0 GitHub sessions for read:user,repo,user:email,workflow...
2024-08-07 19:05:33.356 [info] Getting sessions for function:accessCodeSyncStorage...
2024-08-07 19:05:33.359 [info] Got 1 sessions for function:accessCodeSyncStorage...
2024-08-07 19:05:46.511 [error] 8e78b425-abf9-4487-bed0-29b13a05eac4 terminal: shutdown failed: 4 DEADLINE_EXCEEDED: Deadline exceeded
