2024-08-04 17:32:26.774 [info] Log level: Info
2024-08-04 17:32:26.774 [info] VSCODE_MACHINE_ID: 3ff7c016-bcda-44bb-9f9b-d7b2249b279d
2024-08-04 17:32:26.774 [info] VSCODE_SESSION_ID: 0f1f1b01-ac94-47a7-8fca-6a98aa2fa6461722792741935
2024-08-04 17:32:26.774 [info] VSCODE_VERSION: 1.91.1
2024-08-04 17:32:26.774 [info] VSCODE_APP_NAME: Gitpod Code
2024-08-04 17:32:26.774 [info] VSCODE_APP_HOST: Gitpod
2024-08-04 17:32:26.774 [info] VSCODE_UI_KIND: web
2024-08-04 17:32:26.774 [info] GITPOD_WORKSPACE_CONTEXT_URL: https://github.com/kamenco/blog.git
2024-08-04 17:32:26.774 [info] GITPOD_INSTANCE_ID: d9466cea-bb7e-4fe1-9ebe-18b54cec54f1
2024-08-04 17:32:26.774 [info] GITPOD_WORKSPACE_URL: https://kamenco-blog-2an49o3y8k4.ws.codeinstitute-ide.net
2024-08-04 17:32:26.774 [error] No telemetry: dedicated installations should send data always to own endpoints, host: codeinstitute-ide.net
2024-08-04 17:32:26.774 [error] No telemetry: dedicated installations should send data always to own endpoints, host: codeinstitute-ide.net
2024-08-04 17:32:26.774 [info] Gitpod Web 7ff72a2
2024-08-04 17:32:26.774 [info] Reading sessions from keychain...
2024-08-04 17:32:27.070 [info] Getting sessions for all scopes...
2024-08-04 17:32:27.070 [info] Getting GitHub sessions for all scopes...
2024-08-04 17:32:27.070 [info] Got 1 GitHub sessions for all scopes...
2024-08-04 17:32:27.070 [info] Got stored sessions!
2024-08-04 17:32:27.070 [info] Verified session with the following scopes: function:accessCodeSyncStorage function:closePort function:controlAdmission function:deleteEnvVar function:generateNewGitpodToken function:getDefaultWorkspaceImage function:getEnvVars function:getGitpodTokenScopes function:getIDToken function:getLoggedInUser function:getOpenPorts function:getSupportedWorkspaceClasses function:getTeams function:getToken function:getWorkspace function:getWorkspaceEnvVars function:getWorkspaceOwner function:getWorkspaceTimeout function:getWorkspaceUsers function:guessGitTokenScopes function:isWorkspaceOwner function:openPort function:sendHeartBeat function:setEnvVar function:setWorkspaceTimeout function:stopWorkspace function:takeSnapshot function:trackEvent function:updateGitStatus function:waitForSnapshot resource:contentBlob::*::create/get resource:envVar::kamenco/blog::create/get/update/delete resource:gitpodToken::*::create resource:snapshot::ws-kamenco-blog-2an49o3y8k4::create resource:token::*::get resource:userStorage::*::create/get/update resource:workspace::kamenco-blog-2an49o3y8k4::get/update resource:workspaceInstance::d9466cea-bb7e-4fe1-9ebe-18b54cec54f1::get/update/delete
2024-08-04 17:32:27.070 [info] Got 1 verified sessions.
2024-08-04 17:32:27.070 [info] Got 1 sessions for all scopes...
2024-08-04 17:32:28.418 [info] Getting GitHub sessions for all scopes...
2024-08-04 17:32:28.418 [info] Getting sessions for all scopes...
2024-08-04 17:32:28.418 [info] Got 1 GitHub sessions for all scopes...
2024-08-04 17:32:28.418 [info] Got 1 sessions for all scopes...
2024-08-04 17:32:28.776 [info] Getting GitHub sessions for read:user,repo,user:email,workflow...
2024-08-04 17:32:28.776 [info] Got 0 GitHub sessions for read:user,repo,user:email,workflow...
2024-08-04 17:32:29.078 [info] Getting GitHub sessions for project,read:org,read:user,repo,user:email,workflow...
2024-08-04 17:32:29.079 [info] Got 0 GitHub sessions for project,read:org,read:user,repo,user:email,workflow...
2024-08-04 17:32:29.257 [info] Getting GitHub sessions for read:user,repo,user:email,workflow...
2024-08-04 17:32:29.257 [info] Got 0 GitHub sessions for read:user,repo,user:email,workflow...
2024-08-04 17:32:29.386 [info] Getting GitHub sessions for read:user,repo,user:email...
2024-08-04 17:32:29.386 [info] Got 0 GitHub sessions for read:user,repo,user:email...
2024-08-04 17:32:29.602 [info] Getting sessions for function:accessCodeSyncStorage...
2024-08-04 17:32:29.606 [info] Got 1 sessions for function:accessCodeSyncStorage...
2024-08-04 17:32:29.699 [info] Getting GitHub sessions for read:user,repo,user:email,workflow...
2024-08-04 17:32:29.699 [info] Got 0 GitHub sessions for read:user,repo,user:email,workflow...
2024-08-04 17:34:21.130 [error] No telemetry: dedicated installations should send data always to own endpoints, host: codeinstitute-ide.net
2024-08-04 19:20:35.711 [error] cannot maintain connection to supervisor 13 INTERNAL: closed
2024-08-04 19:20:36.713 [error] cannot maintain connection to supervisor 13 INTERNAL: closed
2024-08-04 19:20:37.715 [error] cannot maintain connection to supervisor 13 INTERNAL: closed
2024-08-04 19:20:38.717 [error] cannot maintain connection to supervisor 13 INTERNAL: closed
2024-08-04 19:20:39.719 [error] cannot maintain connection to supervisor 13 INTERNAL: closed
2024-08-04 19:20:40.721 [error] cannot maintain connection to supervisor 13 INTERNAL: closed
2024-08-04 19:20:41.723 [error] cannot maintain connection to supervisor 13 INTERNAL: closed
2024-08-04 19:20:42.725 [error] cannot maintain connection to supervisor 13 INTERNAL: closed
2024-08-04 19:20:43.727 [error] cannot maintain connection to supervisor 13 INTERNAL: closed
2024-08-04 19:20:44.728 [error] cannot maintain connection to supervisor 13 INTERNAL: closed
2024-08-04 19:20:45.730 [error] cannot maintain connection to supervisor 13 INTERNAL: closed
2024-08-04 19:20:46.733 [error] cannot maintain connection to supervisor 13 INTERNAL: closed
2024-08-04 19:20:47.735 [error] cannot maintain connection to supervisor 13 INTERNAL: closed
2024-08-04 19:20:48.737 [error] cannot maintain connection to supervisor 13 INTERNAL: closed
