2024-08-05 10:23:38.323 [info] Log level: Info
2024-08-05 10:23:38.323 [info] Validating found git in: "git"
2024-08-05 10:23:38.323 [info] Using git "2.45.2" from "git"
2024-08-05 10:23:38.323 [info] > git rev-parse --show-toplevel [1ms]
2024-08-05 10:23:38.323 [info] > git rev-parse --git-dir --git-common-dir [1ms]
2024-08-05 10:23:38.323 [info] Open repository: /workspace/blog
2024-08-05 10:23:38.323 [info] > git config --get commit.template [2ms]
2024-08-05 10:23:38.323 [info] > git rev-parse --show-toplevel [1ms]
2024-08-05 10:23:38.323 [info] > git for-each-ref --format=%(refname)%00%(upstream:short)%00%(objectname)%00%(upstream:track)%00%(upstream:remotename)%00%(upstream:remoteref) refs/heads/main refs/remotes/main [3ms]
2024-08-05 10:23:38.323 [info] > git rev-parse --show-toplevel [27ms]
2024-08-05 10:23:38.323 [info] > git status -z -uall [4ms]
2024-08-05 10:23:38.323 [info] > git rev-parse --show-toplevel [9ms]
2024-08-05 10:23:38.323 [info] > git for-each-ref --format=%(refname)%00%(upstream:short)%00%(objectname)%00%(upstream:track)%00%(upstream:remotename)%00%(upstream:remoteref) refs/heads/main refs/remotes/main [47ms]
2024-08-05 10:23:38.323 [info] > git rev-parse --show-toplevel [52ms]
2024-08-05 10:23:38.323 [info] > git config --local branch.main.vscode-merge-base [4ms]
2024-08-05 10:23:38.323 [info] > git config --get commit.template [50ms]
2024-08-05 10:23:38.323 [info] > git rev-parse --show-toplevel [25ms]
2024-08-05 10:23:38.323 [info] > git for-each-ref --format=%(refname)%00%(upstream:short)%00%(objectname)%00%(upstream:track)%00%(upstream:remotename)%00%(upstream:remoteref) refs/heads/origin/main refs/remotes/origin/main [27ms]
2024-08-05 10:23:38.323 [info] > git rev-parse --show-toplevel [4ms]
2024-08-05 10:23:38.323 [info] > git for-each-ref --format=%(refname)%00%(upstream:short)%00%(objectname)%00%(upstream:track)%00%(upstream:remotename)%00%(upstream:remoteref) refs/heads/main refs/remotes/main [6ms]
2024-08-05 10:23:38.323 [info] > git merge-base refs/heads/main refs/remotes/origin/main [5ms]
2024-08-05 10:23:38.323 [info] > git rev-parse --show-toplevel [2ms]
2024-08-05 10:23:38.323 [info] > git status -z -uall [9ms]
2024-08-05 10:23:38.323 [info] > git rev-parse --show-toplevel [11ms]
2024-08-05 10:23:38.323 [info] > git rev-list --count --left-right refs/heads/main...refs/remotes/origin/main [14ms]
2024-08-05 10:23:38.323 [info] > git for-each-ref --format=%(refname)%00%(upstream:short)%00%(objectname)%00%(upstream:track)%00%(upstream:remotename)%00%(upstream:remoteref) refs/heads/main refs/remotes/main [2ms]
2024-08-05 10:23:38.323 [info] > git diff --name-status -z --diff-filter=ADMR ccf76fd6496311a0380d3261139b9d03fe8bc319...refs/remotes/origin/main [15ms]
2024-08-05 10:23:38.323 [info] > git config --local branch.main.vscode-merge-base [1ms]
2024-08-05 10:23:38.323 [info] > git for-each-ref --format=%(refname)%00%(upstream:short)%00%(objectname)%00%(upstream:track)%00%(upstream:remotename)%00%(upstream:remoteref) refs/heads/origin/main refs/remotes/origin/main [2ms]
2024-08-05 10:23:38.826 [info] > git check-ignore -v -z --stdin [1ms]
2024-08-05 10:23:40.139 [info] > git show --textconv :blog/views.py [2ms]
2024-08-05 10:23:40.140 [info] > git ls-files --stage -- /workspace/blog/blog/views.py [1ms]
2024-08-05 10:23:40.143 [info] > git cat-file -s 3c768d5b984582861f3a5554cbc5f353a07e88d5 [1ms]
2024-08-05 10:23:40.354 [info] > git config --local branch.main.github-pr-owner-number [1ms]
2024-08-05 10:23:40.354 [warning] git config failed: Failed to execute git
2024-08-05 10:24:08.317 [info] > git check-ignore -v -z --stdin [1ms]
2024-08-05 10:24:10.267 [info] > git check-ignore -v -z --stdin [1ms]
2024-08-05 10:24:10.296 [info] > git show --textconv :blog/templates/blog/post_detail.html [2ms]
2024-08-05 10:24:10.297 [info] > git ls-files --stage -- /workspace/blog/blog/templates/blog/post_detail.html [1ms]
2024-08-05 10:24:10.299 [info] > git cat-file -s 9a352bf4d05afee499e20fdd83a6c9acc036e76b [1ms]
2024-08-05 10:25:14.255 [info] > git show --textconv :blog/views.py [2ms]
2024-08-05 10:25:14.256 [info] > git ls-files --stage -- /workspace/blog/blog/views.py [2ms]
2024-08-05 10:25:14.258 [info] > git cat-file -s 3c768d5b984582861f3a5554cbc5f353a07e88d5 [1ms]
2024-08-05 10:26:20.346 [info] > git show --textconv :blog/templates/blog/post_list.html [2ms]
2024-08-05 10:26:20.347 [info] > git ls-files --stage -- /workspace/blog/blog/templates/blog/post_list.html [1ms]
2024-08-05 10:26:20.349 [info] > git cat-file -s e7852a8ace9c831887f871a24f749a0bdd8b3ff1 [1ms]
2024-08-05 10:26:26.072 [info] > git show --textconv :blog/templates/blog/post_detail.html [2ms]
2024-08-05 10:26:26.073 [info] > git ls-files --stage -- /workspace/blog/blog/templates/blog/post_detail.html [1ms]
2024-08-05 10:26:26.076 [info] > git cat-file -s 9a352bf4d05afee499e20fdd83a6c9acc036e76b [1ms]
2024-08-05 10:26:50.293 [info] > git config --get commit.template [3ms]
2024-08-05 10:26:50.294 [info] > git for-each-ref --format=%(refname)%00%(upstream:short)%00%(objectname)%00%(upstream:track)%00%(upstream:remotename)%00%(upstream:remoteref) refs/heads/main refs/remotes/main [2ms]
2024-08-05 10:26:50.297 [info] > git status -z -uall [1ms]
2024-08-05 10:26:50.301 [info] > git for-each-ref --format=%(refname)%00%(upstream:short)%00%(objectname)%00%(upstream:track)%00%(upstream:remotename)%00%(upstream:remoteref) refs/heads/main refs/remotes/main [1ms]
2024-08-05 10:26:50.304 [info] > git config --local branch.main.vscode-merge-base [0ms]
2024-08-05 10:26:50.306 [info] > git for-each-ref --format=%(refname)%00%(upstream:short)%00%(objectname)%00%(upstream:track)%00%(upstream:remotename)%00%(upstream:remoteref) refs/heads/origin/main refs/remotes/origin/main [1ms]
2024-08-05 10:27:06.661 [info] > git config --get commit.template [3ms]
2024-08-05 10:27:06.662 [info] > git for-each-ref --format=%(refname)%00%(upstream:short)%00%(objectname)%00%(upstream:track)%00%(upstream:remotename)%00%(upstream:remoteref) refs/heads/main refs/remotes/main [1ms]
2024-08-05 10:27:06.665 [info] > git status -z -uall [2ms]
2024-08-05 10:27:06.669 [info] > git for-each-ref --format=%(refname)%00%(upstream:short)%00%(objectname)%00%(upstream:track)%00%(upstream:remotename)%00%(upstream:remoteref) refs/heads/main refs/remotes/main [1ms]
2024-08-05 10:27:06.671 [info] > git config --local branch.main.vscode-merge-base [0ms]
2024-08-05 10:27:06.674 [info] > git for-each-ref --format=%(refname)%00%(upstream:short)%00%(objectname)%00%(upstream:track)%00%(upstream:remotename)%00%(upstream:remoteref) refs/heads/origin/main refs/remotes/origin/main [1ms]
2024-08-05 10:28:25.566 [info] > git config --get commit.template [2ms]
2024-08-05 10:28:25.567 [info] > git for-each-ref --format=%(refname)%00%(upstream:short)%00%(objectname)%00%(upstream:track)%00%(upstream:remotename)%00%(upstream:remoteref) refs/heads/main refs/remotes/main [2ms]
2024-08-05 10:28:25.570 [info] > git status -z -uall [1ms]
2024-08-05 10:28:25.574 [info] > git for-each-ref --format=%(refname)%00%(upstream:short)%00%(objectname)%00%(upstream:track)%00%(upstream:remotename)%00%(upstream:remoteref) refs/heads/main refs/remotes/main [2ms]
2024-08-05 10:28:25.577 [info] > git config --local branch.main.vscode-merge-base [0ms]
2024-08-05 10:28:25.579 [info] > git for-each-ref --format=%(refname)%00%(upstream:short)%00%(objectname)%00%(upstream:track)%00%(upstream:remotename)%00%(upstream:remoteref) refs/heads/origin/main refs/remotes/origin/main [1ms]
2024-08-05 10:28:26.819 [info] > git ls-files --stage -- /workspace/blog/blog/templates/blog/post_detail.html [1ms]
2024-08-05 10:28:26.821 [info] > git cat-file -s 9a352bf4d05afee499e20fdd83a6c9acc036e76b [1ms]
2024-08-05 10:28:26.836 [info] > git show --textconv :blog/templates/blog/post_detail.html [1ms]
2024-08-05 10:28:30.578 [info] > git config --get commit.template [2ms]
2024-08-05 10:28:30.579 [info] > git for-each-ref --format=%(refname)%00%(upstream:short)%00%(objectname)%00%(upstream:track)%00%(upstream:remotename)%00%(upstream:remoteref) refs/heads/main refs/remotes/main [1ms]
2024-08-05 10:28:30.582 [info] > git status -z -uall [1ms]
2024-08-05 10:28:30.586 [info] > git for-each-ref --format=%(refname)%00%(upstream:short)%00%(objectname)%00%(upstream:track)%00%(upstream:remotename)%00%(upstream:remoteref) refs/heads/main refs/remotes/main [2ms]
2024-08-05 10:28:30.588 [info] > git config --local branch.main.vscode-merge-base [1ms]
2024-08-05 10:28:30.591 [info] > git for-each-ref --format=%(refname)%00%(upstream:short)%00%(objectname)%00%(upstream:track)%00%(upstream:remotename)%00%(upstream:remoteref) refs/heads/origin/main refs/remotes/origin/main [1ms]
2024-08-05 10:28:40.278 [info] > git config --local branch.main.github-pr-owner-number [1ms]
2024-08-05 10:28:40.278 [warning] git config failed: Failed to execute git
2024-08-05 10:33:40.282 [info] > git config --local branch.main.github-pr-owner-number [1ms]
2024-08-05 10:33:40.283 [warning] git config failed: Failed to execute git
2024-08-05 10:37:15.488 [info] > git show --textconv :blog/templates/blog/post_list.html [2ms]
2024-08-05 10:37:15.489 [info] > git ls-files --stage -- /workspace/blog/blog/templates/blog/post_list.html [1ms]
2024-08-05 10:37:15.491 [info] > git cat-file -s e7852a8ace9c831887f871a24f749a0bdd8b3ff1 [1ms]
2024-08-05 10:37:23.854 [info] > git show --textconv :blog/templates/blog/post_detail.html [3ms]
2024-08-05 10:37:23.854 [info] > git ls-files --stage -- /workspace/blog/blog/templates/blog/post_detail.html [1ms]
2024-08-05 10:37:23.857 [info] > git cat-file -s 9a352bf4d05afee499e20fdd83a6c9acc036e76b [1ms]
2024-08-05 10:38:40.287 [info] > git config --local branch.main.github-pr-owner-number [0ms]
2024-08-05 10:38:40.287 [warning] git config failed: Failed to execute git
2024-08-05 10:43:40.290 [info] > git config --local branch.main.github-pr-owner-number [1ms]
2024-08-05 10:43:40.290 [warning] git config failed: Failed to execute git
2024-08-05 10:47:20.659 [info] > git show --textconv :blog/urls.py [2ms]
2024-08-05 10:47:20.660 [info] > git ls-files --stage -- /workspace/blog/blog/urls.py [1ms]
2024-08-05 10:47:20.662 [info] > git cat-file -s abaaa5d1af51e11f157325204b41f8ca325229d7 [1ms]
2024-08-05 10:48:40.295 [info] > git config --local branch.main.github-pr-owner-number [1ms]
2024-08-05 10:48:40.295 [warning] git config failed: Failed to execute git
2024-08-05 10:53:40.300 [info] > git config --local branch.main.github-pr-owner-number [1ms]
2024-08-05 10:53:40.300 [warning] git config failed: Failed to execute git
2024-08-05 10:58:40.305 [info] > git config --local branch.main.github-pr-owner-number [1ms]
2024-08-05 10:58:40.305 [warning] git config failed: Failed to execute git
2024-08-05 11:03:40.309 [info] > git config --local branch.main.github-pr-owner-number [1ms]
2024-08-05 11:03:40.309 [warning] git config failed: Failed to execute git
2024-08-05 11:08:40.312 [info] > git config --local branch.main.github-pr-owner-number [1ms]
2024-08-05 11:08:40.312 [warning] git config failed: Failed to execute git
2024-08-05 11:13:40.316 [info] > git config --local branch.main.github-pr-owner-number [1ms]
2024-08-05 11:13:40.316 [warning] git config failed: Failed to execute git
2024-08-05 11:18:40.321 [info] > git config --local branch.main.github-pr-owner-number [1ms]
2024-08-05 11:18:40.321 [warning] git config failed: Failed to execute git
