2024-08-06 08:05:13.237 [info] Log level: Info
2024-08-06 08:05:13.237 [info] Validating found git in: "git"
2024-08-06 08:05:13.237 [info] Using git "2.45.2" from "git"
2024-08-06 08:05:13.237 [info] > git rev-parse --show-toplevel [8ms]
2024-08-06 08:05:13.237 [info] > git rev-parse --git-dir --git-common-dir [6ms]
2024-08-06 08:05:13.237 [info] Open repository: /workspace/blog
2024-08-06 08:05:13.237 [info] > git rev-parse --show-toplevel [27ms]
2024-08-06 08:05:13.237 [info] > git config --get commit.template [28ms]
2024-08-06 08:05:13.237 [info] > git rev-parse --show-toplevel [36ms]
2024-08-06 08:05:13.237 [info] > git for-each-ref --format=%(refname)%00%(upstream:short)%00%(objectname)%00%(upstream:track)%00%(upstream:remotename)%00%(upstream:remoteref) refs/heads/main refs/remotes/main [5ms]
2024-08-06 08:05:13.237 [info] > git rev-parse --show-toplevel [2ms]
2024-08-06 08:05:13.242 [info] > git status -z -uall [2ms]
2024-08-06 08:05:13.242 [info] > git rev-parse --show-toplevel [5ms]
2024-08-06 08:05:13.259 [info] > git for-each-ref --format=%(refname)%00%(upstream:short)%00%(objectname)%00%(upstream:track)%00%(upstream:remotename)%00%(upstream:remoteref) refs/heads/main refs/remotes/main [7ms]
2024-08-06 08:05:13.261 [info] > git rev-parse --show-toplevel [17ms]
2024-08-06 08:05:13.264 [info] > git config --get commit.template [5ms]
2024-08-06 08:05:13.264 [info] > git rev-parse --show-toplevel [1ms]
2024-08-06 08:05:13.264 [info] > git config --local branch.main.vscode-merge-base [3ms]
2024-08-06 08:05:13.270 [info] > git for-each-ref --format=%(refname)%00%(upstream:short)%00%(objectname)%00%(upstream:track)%00%(upstream:remotename)%00%(upstream:remoteref) refs/heads/main refs/remotes/main [3ms]
2024-08-06 08:05:13.270 [info] > git for-each-ref --format=%(refname)%00%(upstream:short)%00%(objectname)%00%(upstream:track)%00%(upstream:remotename)%00%(upstream:remoteref) refs/heads/origin/main refs/remotes/origin/main [4ms]
2024-08-06 08:05:13.274 [info] > git rev-parse --show-toplevel [5ms]
2024-08-06 08:05:13.275 [info] > git merge-base refs/heads/main refs/remotes/origin/main [2ms]
2024-08-06 08:05:13.376 [info] > git rev-parse --show-toplevel [98ms]
2024-08-06 08:05:13.376 [info] > git rev-list --count --left-right refs/heads/main...refs/remotes/origin/main [99ms]
2024-08-06 08:05:13.378 [info] > git status -z -uall [3ms]
2024-08-06 08:05:13.382 [info] > git diff --name-status -z --diff-filter=ADMR ccf76fd6496311a0380d3261139b9d03fe8bc319...refs/remotes/origin/main [4ms]
2024-08-06 08:05:13.383 [info] > git for-each-ref --format=%(refname)%00%(upstream:short)%00%(objectname)%00%(upstream:track)%00%(upstream:remotename)%00%(upstream:remoteref) refs/heads/main refs/remotes/main [2ms]
2024-08-06 08:05:13.386 [info] > git config --local branch.main.vscode-merge-base [2ms]
2024-08-06 08:05:13.390 [info] > git for-each-ref --format=%(refname)%00%(upstream:short)%00%(objectname)%00%(upstream:track)%00%(upstream:remotename)%00%(upstream:remoteref) refs/heads/origin/main refs/remotes/origin/main [2ms]
2024-08-06 08:05:13.746 [info] > git check-ignore -v -z --stdin [2ms]
2024-08-06 08:05:14.255 [info] > git config --local branch.main.github-pr-owner-number [10ms]
2024-08-06 08:05:14.255 [warning] git config failed: Failed to execute git
2024-08-06 08:08:35.340 [info] > git show --textconv :blog/views.py [3ms]
2024-08-06 08:08:35.340 [info] > git ls-files --stage -- /workspace/blog/blog/views.py [1ms]
2024-08-06 08:08:35.343 [info] > git cat-file -s 3c768d5b984582861f3a5554cbc5f353a07e88d5 [1ms]
2024-08-06 08:09:36.611 [info] > git show --textconv :codestar/urls.py [19ms]
2024-08-06 08:09:36.612 [info] > git ls-files --stage -- /workspace/blog/codestar/urls.py [1ms]
2024-08-06 08:09:36.615 [info] > git cat-file -s 3850603327e430d542402cf19b7c4d89f264295c [1ms]
2024-08-06 08:09:50.276 [info] > git show --textconv :blog/models.py [3ms]
2024-08-06 08:09:50.277 [info] > git ls-files --stage -- /workspace/blog/blog/models.py [1ms]
2024-08-06 08:09:50.280 [info] > git cat-file -s 134c40ec1a6da50a3ecb084794615565bf0785ff [1ms]
2024-08-06 08:10:14.194 [info] > git config --local branch.main.github-pr-owner-number [1ms]
2024-08-06 08:10:14.194 [warning] git config failed: Failed to execute git
2024-08-06 08:11:31.679 [info] > git show --textconv :blog/apps.py [2ms]
2024-08-06 08:11:31.680 [info] > git ls-files --stage -- /workspace/blog/blog/apps.py [1ms]
2024-08-06 08:11:31.682 [info] > git cat-file -s 94788a5eac6e07453581d2bd6d9289c87b8a6ecf [1ms]
2024-08-06 08:11:46.591 [info] > git check-ignore -v -z --stdin [1ms]
2024-08-06 08:12:01.316 [info] > git show --textconv :blog/views.py [2ms]
2024-08-06 08:12:01.317 [info] > git ls-files --stage -- /workspace/blog/blog/views.py [1ms]
2024-08-06 08:12:01.319 [info] > git cat-file -s 3c768d5b984582861f3a5554cbc5f353a07e88d5 [1ms]
2024-08-06 08:12:09.018 [info] > git show --textconv :blog/urls.py [3ms]
2024-08-06 08:12:09.018 [info] > git ls-files --stage -- /workspace/blog/blog/urls.py [1ms]
2024-08-06 08:12:09.022 [info] > git cat-file -s abaaa5d1af51e11f157325204b41f8ca325229d7 [1ms]
2024-08-06 08:12:11.351 [info] > git show --textconv :blog/tests.py [3ms]
2024-08-06 08:12:11.352 [info] > git ls-files --stage -- /workspace/blog/blog/tests.py [2ms]
2024-08-06 08:12:11.355 [info] > git cat-file -s 7ce503c2dd97ba78597f6ff6e4393132753573f6 [1ms]
2024-08-06 08:12:56.310 [info] > git show --textconv :blog/urls.py [2ms]
2024-08-06 08:12:56.311 [info] > git ls-files --stage -- /workspace/blog/blog/urls.py [1ms]
2024-08-06 08:12:56.314 [info] > git cat-file -s abaaa5d1af51e11f157325204b41f8ca325229d7 [1ms]
2024-08-06 08:13:05.911 [info] > git show --textconv :codestar/urls.py [2ms]
2024-08-06 08:13:05.912 [info] > git ls-files --stage -- /workspace/blog/codestar/urls.py [1ms]
2024-08-06 08:13:05.915 [info] > git cat-file -s 3850603327e430d542402cf19b7c4d89f264295c [1ms]
2024-08-06 08:14:16.688 [info] > git show --textconv :blog/models.py [2ms]
2024-08-06 08:14:16.689 [info] > git ls-files --stage -- /workspace/blog/blog/models.py [2ms]
2024-08-06 08:14:16.692 [info] > git cat-file -s 134c40ec1a6da50a3ecb084794615565bf0785ff [1ms]
2024-08-06 08:15:14.198 [info] > git config --local branch.main.github-pr-owner-number [1ms]
2024-08-06 08:15:14.198 [warning] git config failed: Failed to execute git
2024-08-06 08:19:01.000 [info] > git config --get commit.template [2ms]
2024-08-06 08:19:01.001 [info] > git for-each-ref --format=%(refname)%00%(upstream:short)%00%(objectname)%00%(upstream:track)%00%(upstream:remotename)%00%(upstream:remoteref) refs/heads/main refs/remotes/main [1ms]
2024-08-06 08:19:01.005 [info] > git status -z -uall [2ms]
2024-08-06 08:19:01.011 [info] > git for-each-ref --format=%(refname)%00%(upstream:short)%00%(objectname)%00%(upstream:track)%00%(upstream:remotename)%00%(upstream:remoteref) refs/heads/main refs/remotes/main [3ms]
2024-08-06 08:19:01.014 [info] > git config --local branch.main.vscode-merge-base [1ms]
2024-08-06 08:19:01.016 [info] > git for-each-ref --format=%(refname)%00%(upstream:short)%00%(objectname)%00%(upstream:track)%00%(upstream:remotename)%00%(upstream:remoteref) refs/heads/origin/main refs/remotes/origin/main [1ms]
2024-08-06 08:19:17.231 [info] > git check-ignore -v -z --stdin [1ms]
2024-08-06 08:20:14.202 [info] > git config --local branch.main.github-pr-owner-number [1ms]
2024-08-06 08:20:14.202 [warning] git config failed: Failed to execute git
2024-08-06 08:21:08.161 [info] > git check-ignore -v -z --stdin [1ms]
2024-08-06 08:21:09.948 [info] > git check-ignore -v -z --stdin [1ms]
2024-08-06 08:21:14.649 [info] > git check-ignore -v -z --stdin [1ms]
2024-08-06 08:21:17.761 [info] > git show --textconv :codestar/settings.py [2ms]
2024-08-06 08:21:17.762 [info] > git ls-files --stage -- /workspace/blog/codestar/settings.py [1ms]
2024-08-06 08:21:17.766 [info] > git cat-file -s 7ee8f2c3f656e9b3a96aa072831a4d7a6a9195e7 [1ms]
2024-08-06 08:22:00.318 [info] > git config --get commit.template [2ms]
2024-08-06 08:22:00.319 [info] > git for-each-ref --format=%(refname)%00%(upstream:short)%00%(objectname)%00%(upstream:track)%00%(upstream:remotename)%00%(upstream:remoteref) refs/heads/main refs/remotes/main [1ms]
2024-08-06 08:22:00.323 [info] > git status -z -uall [2ms]
2024-08-06 08:22:00.327 [info] > git for-each-ref --format=%(refname)%00%(upstream:short)%00%(objectname)%00%(upstream:track)%00%(upstream:remotename)%00%(upstream:remoteref) refs/heads/main refs/remotes/main [2ms]
2024-08-06 08:22:00.329 [info] > git config --local branch.main.vscode-merge-base [1ms]
2024-08-06 08:22:00.332 [info] > git for-each-ref --format=%(refname)%00%(upstream:short)%00%(objectname)%00%(upstream:track)%00%(upstream:remotename)%00%(upstream:remoteref) refs/heads/origin/main refs/remotes/origin/main [1ms]
2024-08-06 08:25:14.207 [info] > git config --local branch.main.github-pr-owner-number [1ms]
2024-08-06 08:25:14.207 [warning] git config failed: Failed to execute git
2024-08-06 08:30:14.211 [info] > git config --local branch.main.github-pr-owner-number [1ms]
2024-08-06 08:30:14.211 [warning] git config failed: Failed to execute git
2024-08-06 08:32:25.403 [info] > git check-ignore -v -z --stdin [1ms]
2024-08-06 08:32:43.818 [info] > git show --textconv :about/models.py [3ms]
2024-08-06 08:32:43.818 [info] > git ls-files --stage -- /workspace/blog/about/models.py [1ms]
2024-08-06 08:33:07.533 [info] > git config --get commit.template [3ms]
2024-08-06 08:33:07.534 [info] > git for-each-ref --format=%(refname)%00%(upstream:short)%00%(objectname)%00%(upstream:track)%00%(upstream:remotename)%00%(upstream:remoteref) refs/heads/main refs/remotes/main [2ms]
2024-08-06 08:33:07.537 [info] > git status -z -uall [2ms]
2024-08-06 08:33:07.541 [info] > git for-each-ref --format=%(refname)%00%(upstream:short)%00%(objectname)%00%(upstream:track)%00%(upstream:remotename)%00%(upstream:remoteref) refs/heads/main refs/remotes/main [2ms]
2024-08-06 08:33:07.543 [info] > git config --local branch.main.vscode-merge-base [1ms]
2024-08-06 08:33:07.546 [info] > git for-each-ref --format=%(refname)%00%(upstream:short)%00%(objectname)%00%(upstream:track)%00%(upstream:remotename)%00%(upstream:remoteref) refs/heads/origin/main refs/remotes/origin/main [1ms]
2024-08-06 08:35:14.217 [info] > git config --local branch.main.github-pr-owner-number [1ms]
2024-08-06 08:35:14.217 [warning] git config failed: Failed to execute git
2024-08-06 08:36:31.231 [info] > git config --get commit.template [2ms]
2024-08-06 08:36:31.232 [info] > git for-each-ref --format=%(refname)%00%(upstream:short)%00%(objectname)%00%(upstream:track)%00%(upstream:remotename)%00%(upstream:remoteref) refs/heads/main refs/remotes/main [1ms]
2024-08-06 08:36:31.236 [info] > git status -z -uall [2ms]
2024-08-06 08:36:31.239 [info] > git for-each-ref --format=%(refname)%00%(upstream:short)%00%(objectname)%00%(upstream:track)%00%(upstream:remotename)%00%(upstream:remoteref) refs/heads/main refs/remotes/main [1ms]
2024-08-06 08:36:31.241 [info] > git config --local branch.main.vscode-merge-base [0ms]
2024-08-06 08:36:31.244 [info] > git for-each-ref --format=%(refname)%00%(upstream:short)%00%(objectname)%00%(upstream:track)%00%(upstream:remotename)%00%(upstream:remoteref) refs/heads/origin/main refs/remotes/origin/main [1ms]
2024-08-06 08:36:31.252 [info] > git check-ignore -v -z --stdin [1ms]
2024-08-06 08:36:35.707 [info] > git check-ignore -v -z --stdin [1ms]
2024-08-06 08:37:35.380 [info] > git config --get commit.template [3ms]
2024-08-06 08:37:35.380 [info] > git for-each-ref --format=%(refname)%00%(upstream:short)%00%(objectname)%00%(upstream:track)%00%(upstream:remotename)%00%(upstream:remoteref) refs/heads/main refs/remotes/main [1ms]
2024-08-06 08:37:35.384 [info] > git status -z -uall [2ms]
2024-08-06 08:37:35.388 [info] > git for-each-ref --format=%(refname)%00%(upstream:short)%00%(objectname)%00%(upstream:track)%00%(upstream:remotename)%00%(upstream:remoteref) refs/heads/main refs/remotes/main [1ms]
2024-08-06 08:37:35.391 [info] > git config --local branch.main.vscode-merge-base [1ms]
2024-08-06 08:37:35.394 [info] > git for-each-ref --format=%(refname)%00%(upstream:short)%00%(objectname)%00%(upstream:track)%00%(upstream:remotename)%00%(upstream:remoteref) refs/heads/origin/main refs/remotes/origin/main [1ms]
2024-08-06 08:37:47.717 [info] > git check-ignore -v -z --stdin [2ms]
2024-08-06 08:37:58.654 [info] > git show --textconv :about/models.py [2ms]
2024-08-06 08:37:58.655 [info] > git ls-files --stage -- /workspace/blog/about/models.py [1ms]
2024-08-06 08:37:59.564 [info] > git config --get commit.template [3ms]
2024-08-06 08:37:59.565 [info] > git for-each-ref --format=%(refname)%00%(upstream:short)%00%(objectname)%00%(upstream:track)%00%(upstream:remotename)%00%(upstream:remoteref) refs/heads/main refs/remotes/main [2ms]
2024-08-06 08:37:59.568 [info] > git status -z -uall [1ms]
2024-08-06 08:37:59.572 [info] > git for-each-ref --format=%(refname)%00%(upstream:short)%00%(objectname)%00%(upstream:track)%00%(upstream:remotename)%00%(upstream:remoteref) refs/heads/main refs/remotes/main [1ms]
2024-08-06 08:37:59.574 [info] > git config --local branch.main.vscode-merge-base [0ms]
2024-08-06 08:37:59.577 [info] > git for-each-ref --format=%(refname)%00%(upstream:short)%00%(objectname)%00%(upstream:track)%00%(upstream:remotename)%00%(upstream:remoteref) refs/heads/origin/main refs/remotes/origin/main [1ms]
2024-08-06 08:38:01.192 [info] > git check-ignore -v -z --stdin [1ms]
2024-08-06 08:38:27.554 [info] > git show --textconv :about/__init__.py [2ms]
2024-08-06 08:38:27.555 [info] > git ls-files --stage -- /workspace/blog/about/__init__.py [0ms]
2024-08-06 08:38:43.814 [info] > git show --textconv :about/__init__.py [2ms]
2024-08-06 08:38:43.814 [info] > git ls-files --stage -- /workspace/blog/about/__init__.py [1ms]
2024-08-06 08:39:14.385 [info] > git config --get commit.template [2ms]
2024-08-06 08:39:14.386 [info] > git for-each-ref --format=%(refname)%00%(upstream:short)%00%(objectname)%00%(upstream:track)%00%(upstream:remotename)%00%(upstream:remoteref) refs/heads/main refs/remotes/main [1ms]
2024-08-06 08:39:14.390 [info] > git status -z -uall [2ms]
2024-08-06 08:39:14.394 [info] > git for-each-ref --format=%(refname)%00%(upstream:short)%00%(objectname)%00%(upstream:track)%00%(upstream:remotename)%00%(upstream:remoteref) refs/heads/main refs/remotes/main [2ms]
2024-08-06 08:39:14.396 [info] > git config --local branch.main.vscode-merge-base [1ms]
2024-08-06 08:39:14.399 [info] > git for-each-ref --format=%(refname)%00%(upstream:short)%00%(objectname)%00%(upstream:track)%00%(upstream:remotename)%00%(upstream:remoteref) refs/heads/origin/main refs/remotes/origin/main [1ms]
2024-08-06 08:40:14.222 [info] > git config --local branch.main.github-pr-owner-number [1ms]
2024-08-06 08:40:14.222 [warning] git config failed: Failed to execute git
2024-08-06 08:41:53.463 [info] > git show --textconv :about/admin.py [2ms]
2024-08-06 08:41:53.464 [info] > git ls-files --stage -- /workspace/blog/about/admin.py [1ms]
2024-08-06 08:42:34.917 [info] > git config --get commit.template [2ms]
2024-08-06 08:42:34.918 [info] > git for-each-ref --format=%(refname)%00%(upstream:short)%00%(objectname)%00%(upstream:track)%00%(upstream:remotename)%00%(upstream:remoteref) refs/heads/main refs/remotes/main [1ms]
2024-08-06 08:42:34.921 [info] > git status -z -uall [2ms]
2024-08-06 08:42:34.925 [info] > git for-each-ref --format=%(refname)%00%(upstream:short)%00%(objectname)%00%(upstream:track)%00%(upstream:remotename)%00%(upstream:remoteref) refs/heads/main refs/remotes/main [1ms]
2024-08-06 08:42:34.928 [info] > git config --local branch.main.vscode-merge-base [1ms]
2024-08-06 08:42:34.930 [info] > git for-each-ref --format=%(refname)%00%(upstream:short)%00%(objectname)%00%(upstream:track)%00%(upstream:remotename)%00%(upstream:remoteref) refs/heads/origin/main refs/remotes/origin/main [1ms]
2024-08-06 08:45:14.226 [info] > git config --local branch.main.github-pr-owner-number [1ms]
2024-08-06 08:45:14.226 [warning] git config failed: Failed to execute git
2024-08-06 08:50:14.229 [info] > git config --local branch.main.github-pr-owner-number [1ms]
2024-08-06 08:50:14.229 [warning] git config failed: Failed to execute git
2024-08-06 08:55:14.235 [info] > git config --local branch.main.github-pr-owner-number [1ms]
2024-08-06 08:55:14.235 [warning] git config failed: Failed to execute git
2024-08-06 09:00:14.239 [info] > git config --local branch.main.github-pr-owner-number [1ms]
2024-08-06 09:00:14.239 [warning] git config failed: Failed to execute git
2024-08-06 09:01:28.872 [info] > git show --textconv :about/views.py [2ms]
2024-08-06 09:01:28.873 [info] > git ls-files --stage -- /workspace/blog/about/views.py [1ms]
2024-08-06 09:02:51.080 [info] > git config --get commit.template [1ms]
2024-08-06 09:02:51.083 [info] > git for-each-ref --format=%(refname)%00%(upstream:short)%00%(objectname)%00%(upstream:track)%00%(upstream:remotename)%00%(upstream:remoteref) refs/heads/main refs/remotes/main [1ms]
2024-08-06 09:02:51.087 [info] > git status -z -uall [2ms]
2024-08-06 09:02:51.091 [info] > git for-each-ref --format=%(refname)%00%(upstream:short)%00%(objectname)%00%(upstream:track)%00%(upstream:remotename)%00%(upstream:remoteref) refs/heads/main refs/remotes/main [2ms]
2024-08-06 09:02:51.093 [info] > git config --local branch.main.vscode-merge-base [1ms]
2024-08-06 09:02:51.096 [info] > git for-each-ref --format=%(refname)%00%(upstream:short)%00%(objectname)%00%(upstream:track)%00%(upstream:remotename)%00%(upstream:remoteref) refs/heads/origin/main refs/remotes/origin/main [1ms]
2024-08-06 09:04:09.202 [info] > git check-ignore -v -z --stdin [1ms]
2024-08-06 09:04:11.222 [info] > git check-ignore -v -z --stdin [1ms]
2024-08-06 09:04:12.748 [info] > git show --textconv :templates/base.html [2ms]
2024-08-06 09:04:12.749 [info] > git ls-files --stage -- /workspace/blog/templates/base.html [1ms]
2024-08-06 09:04:12.751 [info] > git cat-file -s 4cb63f56dac9a0b0f85f04603350f06e62dd0961 [1ms]
2024-08-06 09:05:14.243 [info] > git config --local branch.main.github-pr-owner-number [1ms]
2024-08-06 09:05:14.243 [warning] git config failed: Failed to execute git
2024-08-06 09:06:18.655 [info] > git config --get commit.template [3ms]
2024-08-06 09:06:18.655 [info] > git for-each-ref --format=%(refname)%00%(upstream:short)%00%(objectname)%00%(upstream:track)%00%(upstream:remotename)%00%(upstream:remoteref) refs/heads/main refs/remotes/main [1ms]
2024-08-06 09:06:18.659 [info] > git status -z -uall [2ms]
2024-08-06 09:06:18.663 [info] > git for-each-ref --format=%(refname)%00%(upstream:short)%00%(objectname)%00%(upstream:track)%00%(upstream:remotename)%00%(upstream:remoteref) refs/heads/main refs/remotes/main [2ms]
2024-08-06 09:06:18.666 [info] > git config --local branch.main.vscode-merge-base [1ms]
2024-08-06 09:06:18.668 [info] > git for-each-ref --format=%(refname)%00%(upstream:short)%00%(objectname)%00%(upstream:track)%00%(upstream:remotename)%00%(upstream:remoteref) refs/heads/origin/main refs/remotes/origin/main [0ms]
2024-08-06 09:10:14.247 [info] > git config --local branch.main.github-pr-owner-number [1ms]
2024-08-06 09:10:14.247 [warning] git config failed: Failed to execute git
2024-08-06 09:12:31.215 [info] > git config --get commit.template [3ms]
2024-08-06 09:12:31.215 [info] > git for-each-ref --format=%(refname)%00%(upstream:short)%00%(objectname)%00%(upstream:track)%00%(upstream:remotename)%00%(upstream:remoteref) refs/heads/main refs/remotes/main [1ms]
2024-08-06 09:12:31.219 [info] > git status -z -uall [2ms]
2024-08-06 09:12:31.223 [info] > git for-each-ref --format=%(refname)%00%(upstream:short)%00%(objectname)%00%(upstream:track)%00%(upstream:remotename)%00%(upstream:remoteref) refs/heads/main refs/remotes/main [1ms]
2024-08-06 09:12:31.226 [info] > git config --local branch.main.vscode-merge-base [1ms]
2024-08-06 09:12:31.229 [info] > git for-each-ref --format=%(refname)%00%(upstream:short)%00%(objectname)%00%(upstream:track)%00%(upstream:remotename)%00%(upstream:remoteref) refs/heads/origin/main refs/remotes/origin/main [1ms]
2024-08-06 09:15:14.250 [info] > git config --local branch.main.github-pr-owner-number [1ms]
2024-08-06 09:15:14.250 [warning] git config failed: Failed to execute git
2024-08-06 09:20:14.254 [info] > git config --local branch.main.github-pr-owner-number [1ms]
2024-08-06 09:20:14.254 [warning] git config failed: Failed to execute git
2024-08-06 09:25:14.258 [info] > git config --local branch.main.github-pr-owner-number [1ms]
2024-08-06 09:25:14.258 [warning] git config failed: Failed to execute git
2024-08-06 09:26:22.370 [info] > git check-ignore -v -z --stdin [1ms]
2024-08-06 09:26:22.875 [info] > git config --get commit.template [2ms]
2024-08-06 09:26:22.876 [info] > git for-each-ref --format=%(refname)%00%(upstream:short)%00%(objectname)%00%(upstream:track)%00%(upstream:remotename)%00%(upstream:remoteref) refs/heads/main refs/remotes/main [1ms]
2024-08-06 09:26:22.880 [info] > git status -z -uall [2ms]
2024-08-06 09:26:22.883 [info] > git for-each-ref --format=%(refname)%00%(upstream:short)%00%(objectname)%00%(upstream:track)%00%(upstream:remotename)%00%(upstream:remoteref) refs/heads/main refs/remotes/main [1ms]
2024-08-06 09:26:22.886 [info] > git config --local branch.main.vscode-merge-base [1ms]
2024-08-06 09:26:22.889 [info] > git for-each-ref --format=%(refname)%00%(upstream:short)%00%(objectname)%00%(upstream:track)%00%(upstream:remotename)%00%(upstream:remoteref) refs/heads/origin/main refs/remotes/origin/main [1ms]
2024-08-06 09:30:14.262 [info] > git config --local branch.main.github-pr-owner-number [1ms]
2024-08-06 09:30:14.262 [warning] git config failed: Failed to execute git
2024-08-06 09:31:16.574 [info] > git check-ignore -v -z --stdin [1ms]
2024-08-06 09:31:16.694 [info] > git config --get commit.template [1ms]
2024-08-06 09:31:16.697 [info] > git for-each-ref --format=%(refname)%00%(upstream:short)%00%(objectname)%00%(upstream:track)%00%(upstream:remotename)%00%(upstream:remoteref) refs/heads/main refs/remotes/main [1ms]
2024-08-06 09:31:16.701 [info] > git status -z -uall [2ms]
2024-08-06 09:31:16.704 [info] > git for-each-ref --format=%(refname)%00%(upstream:short)%00%(objectname)%00%(upstream:track)%00%(upstream:remotename)%00%(upstream:remoteref) refs/heads/main refs/remotes/main [1ms]
2024-08-06 09:31:16.707 [info] > git config --local branch.main.vscode-merge-base [1ms]
2024-08-06 09:31:16.710 [info] > git for-each-ref --format=%(refname)%00%(upstream:short)%00%(objectname)%00%(upstream:track)%00%(upstream:remotename)%00%(upstream:remoteref) refs/heads/origin/main refs/remotes/origin/main [1ms]
2024-08-06 09:31:38.067 [info] > git show --textconv :about/templates/about/about.html [2ms]
2024-08-06 09:31:38.068 [info] > git ls-files --stage -- /workspace/blog/about/templates/about/about.html [1ms]
2024-08-06 09:31:38.128 [info] > git check-ignore -v -z --stdin [1ms]
2024-08-06 09:31:38.675 [info] > git config --get commit.template [3ms]
2024-08-06 09:31:38.675 [info] > git for-each-ref --format=%(refname)%00%(upstream:short)%00%(objectname)%00%(upstream:track)%00%(upstream:remotename)%00%(upstream:remoteref) refs/heads/main refs/remotes/main [1ms]
2024-08-06 09:31:38.679 [info] > git status -z -uall [2ms]
2024-08-06 09:31:38.683 [info] > git for-each-ref --format=%(refname)%00%(upstream:short)%00%(objectname)%00%(upstream:track)%00%(upstream:remotename)%00%(upstream:remoteref) refs/heads/main refs/remotes/main [1ms]
2024-08-06 09:31:38.685 [info] > git config --local branch.main.vscode-merge-base [1ms]
2024-08-06 09:31:38.688 [info] > git for-each-ref --format=%(refname)%00%(upstream:short)%00%(objectname)%00%(upstream:track)%00%(upstream:remotename)%00%(upstream:remoteref) refs/heads/origin/main refs/remotes/origin/main [1ms]
2024-08-06 09:32:27.421 [info] > git config --get commit.template [4ms]
2024-08-06 09:32:27.422 [info] > git for-each-ref --format=%(refname)%00%(upstream:short)%00%(objectname)%00%(upstream:track)%00%(upstream:remotename)%00%(upstream:remoteref) refs/heads/main refs/remotes/main [2ms]
2024-08-06 09:32:27.426 [info] > git status -z -uall [2ms]
2024-08-06 09:32:27.429 [info] > git for-each-ref --format=%(refname)%00%(upstream:short)%00%(objectname)%00%(upstream:track)%00%(upstream:remotename)%00%(upstream:remoteref) refs/heads/main refs/remotes/main [1ms]
2024-08-06 09:32:27.432 [info] > git config --local branch.main.vscode-merge-base [1ms]
2024-08-06 09:32:27.435 [info] > git for-each-ref --format=%(refname)%00%(upstream:short)%00%(objectname)%00%(upstream:track)%00%(upstream:remotename)%00%(upstream:remoteref) refs/heads/origin/main refs/remotes/origin/main [1ms]
2024-08-06 09:35:14.266 [info] > git config --local branch.main.github-pr-owner-number [1ms]
2024-08-06 09:35:14.266 [warning] git config failed: Failed to execute git
2024-08-06 09:40:14.270 [info] > git config --local branch.main.github-pr-owner-number [1ms]
2024-08-06 09:40:14.270 [warning] git config failed: Failed to execute git
2024-08-06 09:40:49.023 [info] > git show --textconv :about/apps.py [2ms]
2024-08-06 09:40:49.024 [info] > git ls-files --stage -- /workspace/blog/about/apps.py [1ms]
2024-08-06 09:40:54.793 [info] > git show --textconv :about/models.py [2ms]
2024-08-06 09:40:54.794 [info] > git ls-files --stage -- /workspace/blog/about/models.py [1ms]
2024-08-06 09:40:56.301 [info] > git show --textconv :about/tests.py [3ms]
2024-08-06 09:40:56.301 [info] > git ls-files --stage -- /workspace/blog/about/tests.py [1ms]
2024-08-06 09:40:58.196 [info] > git show --textconv :about/views.py [3ms]
2024-08-06 09:40:58.197 [info] > git ls-files --stage -- /workspace/blog/about/views.py [1ms]
2024-08-06 09:44:19.487 [info] > git show --textconv :about/urls.py [2ms]
2024-08-06 09:44:19.488 [info] > git ls-files --stage -- /workspace/blog/about/urls.py [1ms]
2024-08-06 09:44:19.651 [info] > git check-ignore -v -z --stdin [1ms]
2024-08-06 09:44:20.192 [info] > git config --get commit.template [4ms]
2024-08-06 09:44:20.192 [info] > git for-each-ref --format=%(refname)%00%(upstream:short)%00%(objectname)%00%(upstream:track)%00%(upstream:remotename)%00%(upstream:remoteref) refs/heads/main refs/remotes/main [2ms]
2024-08-06 09:44:20.196 [info] > git status -z -uall [2ms]
2024-08-06 09:44:20.200 [info] > git for-each-ref --format=%(refname)%00%(upstream:short)%00%(objectname)%00%(upstream:track)%00%(upstream:remotename)%00%(upstream:remoteref) refs/heads/main refs/remotes/main [1ms]
2024-08-06 09:44:20.202 [info] > git config --local branch.main.vscode-merge-base [1ms]
2024-08-06 09:44:20.205 [info] > git for-each-ref --format=%(refname)%00%(upstream:short)%00%(objectname)%00%(upstream:track)%00%(upstream:remotename)%00%(upstream:remoteref) refs/heads/origin/main refs/remotes/origin/main [1ms]
2024-08-06 09:45:14.274 [info] > git config --local branch.main.github-pr-owner-number [1ms]
2024-08-06 09:45:14.274 [warning] git config failed: Failed to execute git
2024-08-06 09:46:13.410 [info] > git config --get commit.template [2ms]
2024-08-06 09:46:13.411 [info] > git for-each-ref --format=%(refname)%00%(upstream:short)%00%(objectname)%00%(upstream:track)%00%(upstream:remotename)%00%(upstream:remoteref) refs/heads/main refs/remotes/main [1ms]
2024-08-06 09:46:13.415 [info] > git status -z -uall [2ms]
2024-08-06 09:46:13.418 [info] > git for-each-ref --format=%(refname)%00%(upstream:short)%00%(objectname)%00%(upstream:track)%00%(upstream:remotename)%00%(upstream:remoteref) refs/heads/main refs/remotes/main [1ms]
2024-08-06 09:46:13.421 [info] > git config --local branch.main.vscode-merge-base [1ms]
2024-08-06 09:46:13.423 [info] > git for-each-ref --format=%(refname)%00%(upstream:short)%00%(objectname)%00%(upstream:track)%00%(upstream:remotename)%00%(upstream:remoteref) refs/heads/origin/main refs/remotes/origin/main [1ms]
2024-08-06 09:50:14.280 [info] > git config --local branch.main.github-pr-owner-number [1ms]
2024-08-06 09:50:14.280 [warning] git config failed: Failed to execute git
2024-08-06 09:53:17.621 [info] > git show --textconv :codestar/urls.py [2ms]
2024-08-06 09:53:17.622 [info] > git ls-files --stage -- /workspace/blog/codestar/urls.py [1ms]
2024-08-06 09:53:17.624 [info] > git cat-file -s 3850603327e430d542402cf19b7c4d89f264295c [1ms]
2024-08-06 09:53:33.078 [info] > git config --get commit.template [2ms]
2024-08-06 09:53:33.079 [info] > git for-each-ref --format=%(refname)%00%(upstream:short)%00%(objectname)%00%(upstream:track)%00%(upstream:remotename)%00%(upstream:remoteref) refs/heads/main refs/remotes/main [1ms]
2024-08-06 09:53:33.083 [info] > git status -z -uall [2ms]
2024-08-06 09:53:33.087 [info] > git for-each-ref --format=%(refname)%00%(upstream:short)%00%(objectname)%00%(upstream:track)%00%(upstream:remotename)%00%(upstream:remoteref) refs/heads/main refs/remotes/main [2ms]
2024-08-06 09:53:33.089 [info] > git config --local branch.main.vscode-merge-base [1ms]
2024-08-06 09:53:33.092 [info] > git for-each-ref --format=%(refname)%00%(upstream:short)%00%(objectname)%00%(upstream:track)%00%(upstream:remotename)%00%(upstream:remoteref) refs/heads/origin/main refs/remotes/origin/main [1ms]
2024-08-06 09:54:47.760 [info] > git config --get commit.template [3ms]
2024-08-06 09:54:47.761 [info] > git for-each-ref --format=%(refname)%00%(upstream:short)%00%(objectname)%00%(upstream:track)%00%(upstream:remotename)%00%(upstream:remoteref) refs/heads/main refs/remotes/main [2ms]
2024-08-06 09:54:47.764 [info] > git status -z -uall [1ms]
2024-08-06 09:54:47.768 [info] > git for-each-ref --format=%(refname)%00%(upstream:short)%00%(objectname)%00%(upstream:track)%00%(upstream:remotename)%00%(upstream:remoteref) refs/heads/main refs/remotes/main [1ms]
2024-08-06 09:54:47.770 [info] > git config --local branch.main.vscode-merge-base [0ms]
2024-08-06 09:54:47.773 [info] > git for-each-ref --format=%(refname)%00%(upstream:short)%00%(objectname)%00%(upstream:track)%00%(upstream:remotename)%00%(upstream:remoteref) refs/heads/origin/main refs/remotes/origin/main [1ms]
2024-08-06 09:55:14.284 [info] > git config --local branch.main.github-pr-owner-number [1ms]
2024-08-06 09:55:14.284 [warning] git config failed: Failed to execute git
2024-08-06 09:55:38.844 [info] > git config --get commit.template [1ms]
2024-08-06 09:55:38.847 [info] > git for-each-ref --format=%(refname)%00%(upstream:short)%00%(objectname)%00%(upstream:track)%00%(upstream:remotename)%00%(upstream:remoteref) refs/heads/main refs/remotes/main [1ms]
2024-08-06 09:55:38.852 [info] > git status -z -uall [3ms]
2024-08-06 09:55:38.856 [info] > git for-each-ref --format=%(refname)%00%(upstream:short)%00%(objectname)%00%(upstream:track)%00%(upstream:remotename)%00%(upstream:remoteref) refs/heads/main refs/remotes/main [1ms]
2024-08-06 09:55:38.859 [info] > git config --local branch.main.vscode-merge-base [1ms]
2024-08-06 09:55:38.861 [info] > git for-each-ref --format=%(refname)%00%(upstream:short)%00%(objectname)%00%(upstream:track)%00%(upstream:remotename)%00%(upstream:remoteref) refs/heads/origin/main refs/remotes/origin/main [1ms]
2024-08-06 09:55:38.992 [info] > git ls-files --stage -- /workspace/blog/codestar/urls.py [1ms]
2024-08-06 09:55:38.995 [info] > git cat-file -s 7e791344e3850b5b10205d631d2b6156fa8dc045 [1ms]
2024-08-06 09:55:39.013 [info] > git show --textconv :codestar/urls.py [1ms]
2024-08-06 09:56:02.238 [info] > git config --get commit.template [3ms]
2024-08-06 09:56:02.239 [info] > git for-each-ref --format=%(refname)%00%(upstream:short)%00%(objectname)%00%(upstream:track)%00%(upstream:remotename)%00%(upstream:remoteref) refs/heads/main refs/remotes/main [1ms]
2024-08-06 09:56:02.242 [info] > git status -z -uall [2ms]
2024-08-06 09:56:02.248 [info] > git for-each-ref --format=%(refname)%00%(upstream:short)%00%(objectname)%00%(upstream:track)%00%(upstream:remotename)%00%(upstream:remoteref) refs/heads/main refs/remotes/main [3ms]
2024-08-06 09:56:02.250 [info] > git config --local branch.main.vscode-merge-base [0ms]
2024-08-06 09:56:02.253 [info] > git for-each-ref --format=%(refname)%00%(upstream:short)%00%(objectname)%00%(upstream:track)%00%(upstream:remotename)%00%(upstream:remoteref) refs/heads/origin/main refs/remotes/origin/main [1ms]
2024-08-06 09:56:02.256 [info] > git merge-base refs/heads/main refs/remotes/origin/main [1ms]
2024-08-06 09:56:02.259 [info] > git rev-list --count --left-right refs/heads/main...refs/remotes/origin/main [1ms]
2024-08-06 09:56:02.262 [info] > git diff --name-status -z --diff-filter=ADMR ccf76fd6496311a0380d3261139b9d03fe8bc319...refs/remotes/origin/main [1ms]
2024-08-06 09:56:02.422 [info] > git config --local branch.main.github-pr-owner-number [1ms]
2024-08-06 09:56:02.422 [warning] git config failed: Failed to execute git
2024-08-06 09:56:02.510 [info] > git ls-files --stage -- /workspace/blog/codestar/urls.py [1ms]
2024-08-06 09:56:02.513 [info] > git cat-file -s 7e791344e3850b5b10205d631d2b6156fa8dc045 [1ms]
2024-08-06 09:56:02.557 [info] > git show --textconv :codestar/urls.py [1ms]
2024-08-06 09:56:09.878 [info] > git show --textconv :codestar/settings.py [2ms]
2024-08-06 09:56:09.879 [info] > git ls-files --stage -- /workspace/blog/codestar/settings.py [1ms]
2024-08-06 09:56:09.882 [info] > git cat-file -s b447c8f3c3325c1e527cdbcabd7661bd0d85392c [1ms]
2024-08-06 09:56:24.646 [info] > git config --get commit.template [3ms]
2024-08-06 09:56:24.646 [info] > git for-each-ref --format=%(refname)%00%(upstream:short)%00%(objectname)%00%(upstream:track)%00%(upstream:remotename)%00%(upstream:remoteref) refs/heads/main refs/remotes/main [1ms]
2024-08-06 09:56:24.650 [info] > git status -z -uall [2ms]
2024-08-06 09:56:24.654 [info] > git for-each-ref --format=%(refname)%00%(upstream:short)%00%(objectname)%00%(upstream:track)%00%(upstream:remotename)%00%(upstream:remoteref) refs/heads/main refs/remotes/main [2ms]
2024-08-06 09:56:24.657 [info] > git config --local branch.main.vscode-merge-base [1ms]
2024-08-06 09:56:24.660 [info] > git for-each-ref --format=%(refname)%00%(upstream:short)%00%(objectname)%00%(upstream:track)%00%(upstream:remotename)%00%(upstream:remoteref) refs/heads/origin/main refs/remotes/origin/main [1ms]
2024-08-06 09:56:39.039 [info] > git config --get commit.template [3ms]
2024-08-06 09:56:39.040 [info] > git for-each-ref --format=%(refname)%00%(upstream:short)%00%(objectname)%00%(upstream:track)%00%(upstream:remotename)%00%(upstream:remoteref) refs/heads/main refs/remotes/main [1ms]
2024-08-06 09:56:39.044 [info] > git status -z -uall [2ms]
2024-08-06 09:56:39.048 [info] > git for-each-ref --format=%(refname)%00%(upstream:short)%00%(objectname)%00%(upstream:track)%00%(upstream:remotename)%00%(upstream:remoteref) refs/heads/main refs/remotes/main [2ms]
2024-08-06 09:56:39.050 [info] > git config --local branch.main.vscode-merge-base [0ms]
2024-08-06 09:56:39.053 [info] > git for-each-ref --format=%(refname)%00%(upstream:short)%00%(objectname)%00%(upstream:track)%00%(upstream:remotename)%00%(upstream:remoteref) refs/heads/origin/main refs/remotes/origin/main [1ms]
2024-08-06 09:56:39.056 [info] > git merge-base refs/heads/main refs/remotes/origin/main [1ms]
2024-08-06 09:56:39.059 [info] > git rev-list --count --left-right refs/heads/main...refs/remotes/origin/main [1ms]
2024-08-06 09:56:39.062 [info] > git diff --name-status -z --diff-filter=ADMR f299bae19c91f096eade645ad7ec0e04569f1d9d...refs/remotes/origin/main [1ms]
2024-08-06 09:56:39.087 [info] > git config --local branch.main.github-pr-owner-number [1ms]
2024-08-06 09:56:39.087 [warning] git config failed: Failed to execute git
2024-08-06 09:56:39.154 [info] > git ls-files --stage -- /workspace/blog/codestar/settings.py [1ms]
2024-08-06 09:56:39.157 [info] > git cat-file -s b447c8f3c3325c1e527cdbcabd7661bd0d85392c [1ms]
2024-08-06 09:56:39.190 [info] > git show --textconv :codestar/settings.py [2ms]
2024-08-06 09:56:56.296 [info] > git config --get commit.template [2ms]
2024-08-06 09:56:56.297 [info] > git for-each-ref --format=%(refname)%00%(upstream:short)%00%(objectname)%00%(upstream:track)%00%(upstream:remotename)%00%(upstream:remoteref) refs/heads/main refs/remotes/main [1ms]
2024-08-06 09:56:56.301 [info] > git status -z -uall [2ms]
2024-08-06 09:56:56.304 [info] > git for-each-ref --format=%(refname)%00%(upstream:short)%00%(objectname)%00%(upstream:track)%00%(upstream:remotename)%00%(upstream:remoteref) refs/heads/main refs/remotes/main [1ms]
2024-08-06 09:56:56.307 [info] > git config --local branch.main.vscode-merge-base [1ms]
2024-08-06 09:56:56.310 [info] > git for-each-ref --format=%(refname)%00%(upstream:short)%00%(objectname)%00%(upstream:track)%00%(upstream:remotename)%00%(upstream:remoteref) refs/heads/origin/main refs/remotes/origin/main [1ms]
2024-08-06 09:56:56.417 [info] > git ls-files --stage -- /workspace/blog/codestar/settings.py [1ms]
2024-08-06 09:56:56.420 [info] > git cat-file -s 9a8052fbb075980798658c348ecf0d1d007f3670 [1ms]
2024-08-06 09:56:56.439 [info] > git show --textconv :codestar/settings.py [1ms]
2024-08-06 09:57:12.343 [info] > git config --get commit.template [2ms]
2024-08-06 09:57:12.343 [info] > git for-each-ref --format=%(refname)%00%(upstream:short)%00%(objectname)%00%(upstream:track)%00%(upstream:remotename)%00%(upstream:remoteref) refs/heads/main refs/remotes/main [1ms]
2024-08-06 09:57:12.347 [info] > git status -z -uall [2ms]
2024-08-06 09:57:12.351 [info] > git for-each-ref --format=%(refname)%00%(upstream:short)%00%(objectname)%00%(upstream:track)%00%(upstream:remotename)%00%(upstream:remoteref) refs/heads/main refs/remotes/main [2ms]
2024-08-06 09:57:12.353 [info] > git config --local branch.main.vscode-merge-base [1ms]
2024-08-06 09:57:12.356 [info] > git for-each-ref --format=%(refname)%00%(upstream:short)%00%(objectname)%00%(upstream:track)%00%(upstream:remotename)%00%(upstream:remoteref) refs/heads/origin/main refs/remotes/origin/main [1ms]
2024-08-06 09:57:12.359 [info] > git merge-base refs/heads/main refs/remotes/origin/main [1ms]
2024-08-06 09:57:12.362 [info] > git rev-list --count --left-right refs/heads/main...refs/remotes/origin/main [2ms]
2024-08-06 09:57:12.365 [info] > git diff --name-status -z --diff-filter=ADMR f299bae19c91f096eade645ad7ec0e04569f1d9d...refs/remotes/origin/main [1ms]
2024-08-06 09:57:12.407 [info] > git config --local branch.main.github-pr-owner-number [1ms]
2024-08-06 09:57:12.408 [warning] git config failed: Failed to execute git
2024-08-06 09:57:12.457 [info] > git ls-files --stage -- /workspace/blog/codestar/settings.py [1ms]
2024-08-06 09:57:12.460 [info] > git cat-file -s 9a8052fbb075980798658c348ecf0d1d007f3670 [1ms]
2024-08-06 09:57:12.495 [info] > git show --textconv :codestar/settings.py [1ms]
2024-08-06 09:57:19.332 [info] > git config --get commit.template [2ms]
2024-08-06 09:57:19.333 [info] > git for-each-ref --format=%(refname)%00%(upstream:short)%00%(objectname)%00%(upstream:track)%00%(upstream:remotename)%00%(upstream:remoteref) refs/heads/main refs/remotes/main [1ms]
2024-08-06 09:57:19.337 [info] > git status -z -uall [2ms]
2024-08-06 09:57:19.341 [info] > git for-each-ref --format=%(refname)%00%(upstream:short)%00%(objectname)%00%(upstream:track)%00%(upstream:remotename)%00%(upstream:remoteref) refs/heads/main refs/remotes/main [2ms]
2024-08-06 09:57:19.344 [info] > git config --local branch.main.vscode-merge-base [1ms]
2024-08-06 09:57:19.347 [info] > git for-each-ref --format=%(refname)%00%(upstream:short)%00%(objectname)%00%(upstream:track)%00%(upstream:remotename)%00%(upstream:remoteref) refs/heads/origin/main refs/remotes/origin/main [1ms]
2024-08-06 09:57:19.350 [info] > git merge-base refs/heads/main refs/remotes/origin/main [1ms]
2024-08-06 09:57:19.353 [info] > git rev-list --count --left-right refs/heads/main...refs/remotes/origin/main [2ms]
2024-08-06 09:57:19.355 [info] > git diff --name-status -z --diff-filter=ADMR 15915c395169acc961d05f93f51b3549dc3a1e03...refs/remotes/origin/main [1ms]
2024-08-06 09:57:19.397 [info] > git config --local branch.main.github-pr-owner-number [1ms]
2024-08-06 09:57:19.397 [warning] git config failed: Failed to execute git
2024-08-06 09:57:19.445 [info] > git ls-files --stage -- /workspace/blog/codestar/settings.py [1ms]
2024-08-06 09:57:19.448 [info] > git cat-file -s 9a8052fbb075980798658c348ecf0d1d007f3670 [1ms]
2024-08-06 09:57:19.498 [info] > git show --textconv :codestar/settings.py [2ms]
2024-08-06 09:58:11.543 [info] > git config --get commit.template [3ms]
2024-08-06 09:58:11.543 [info] > git for-each-ref --format=%(refname)%00%(upstream:short)%00%(objectname)%00%(upstream:track)%00%(upstream:remotename)%00%(upstream:remoteref) refs/heads/main refs/remotes/main [1ms]
2024-08-06 09:58:11.547 [info] > git status -z -uall [2ms]
2024-08-06 09:58:11.551 [info] > git for-each-ref --format=%(refname)%00%(upstream:short)%00%(objectname)%00%(upstream:track)%00%(upstream:remotename)%00%(upstream:remoteref) refs/heads/main refs/remotes/main [1ms]
2024-08-06 09:58:11.553 [info] > git config --local branch.main.vscode-merge-base [0ms]
2024-08-06 09:58:11.557 [info] > git for-each-ref --format=%(refname)%00%(upstream:short)%00%(objectname)%00%(upstream:track)%00%(upstream:remotename)%00%(upstream:remoteref) refs/heads/origin/main refs/remotes/origin/main [1ms]
2024-08-06 10:00:14.287 [info] > git config --local branch.main.github-pr-owner-number [1ms]
2024-08-06 10:00:14.287 [warning] git config failed: Failed to execute git
2024-08-06 10:00:28.932 [info] > git show --textconv :about/templates/about/about.html [2ms]
2024-08-06 10:00:28.933 [info] > git ls-files --stage -- /workspace/blog/about/templates/about/about.html [1ms]
2024-08-06 10:00:28.936 [info] > git cat-file -s c5acc4ec48fa595e99a59451f41cdc8d9e0cfb84 [1ms]
2024-08-06 10:02:18.019 [info] > git show --textconv :about/templates/about/about.html [2ms]
2024-08-06 10:02:18.020 [info] > git ls-files --stage -- /workspace/blog/about/templates/about/about.html [1ms]
2024-08-06 10:02:18.022 [info] > git cat-file -s c5acc4ec48fa595e99a59451f41cdc8d9e0cfb84 [1ms]
2024-08-06 10:05:14.293 [info] > git config --local branch.main.github-pr-owner-number [1ms]
2024-08-06 10:05:14.293 [warning] git config failed: Failed to execute git
2024-08-06 10:10:14.297 [info] > git config --local branch.main.github-pr-owner-number [1ms]
2024-08-06 10:10:14.297 [warning] git config failed: Failed to execute git
2024-08-06 10:11:06.502 [info] > git show --textconv :.gitpod.yml [2ms]
2024-08-06 10:11:06.503 [info] > git ls-files --stage -- /workspace/blog/.gitpod.yml [1ms]
2024-08-06 10:11:06.506 [info] > git cat-file -s 601706cfe7121d1fbfdd695b7298694350e223f6 [1ms]
2024-08-06 10:11:06.904 [info] > git check-ignore -v -z --stdin [1ms]
2024-08-06 10:11:50.395 [info] > git show --textconv :about/templates/about/about.html [2ms]
2024-08-06 10:11:50.396 [info] > git ls-files --stage -- /workspace/blog/about/templates/about/about.html [1ms]
2024-08-06 10:11:50.398 [info] > git cat-file -s c5acc4ec48fa595e99a59451f41cdc8d9e0cfb84 [1ms]
2024-08-06 10:12:56.996 [info] > git show --textconv :blog/templates/blog/post_detail.html [3ms]
2024-08-06 10:12:56.996 [info] > git ls-files --stage -- /workspace/blog/blog/templates/blog/post_detail.html [1ms]
2024-08-06 10:12:56.999 [info] > git cat-file -s 9a352bf4d05afee499e20fdd83a6c9acc036e76b [1ms]
2024-08-06 10:12:57.191 [info] > git check-ignore -v -z --stdin [1ms]
2024-08-06 10:13:42.291 [info] > git show --textconv :about/templates/about/about.html [2ms]
2024-08-06 10:13:42.292 [info] > git ls-files --stage -- /workspace/blog/about/templates/about/about.html [1ms]
2024-08-06 10:13:42.294 [info] > git cat-file -s c5acc4ec48fa595e99a59451f41cdc8d9e0cfb84 [1ms]
2024-08-06 10:14:01.498 [info] > git config --get commit.template [2ms]
2024-08-06 10:14:01.499 [info] > git for-each-ref --format=%(refname)%00%(upstream:short)%00%(objectname)%00%(upstream:track)%00%(upstream:remotename)%00%(upstream:remoteref) refs/heads/main refs/remotes/main [1ms]
2024-08-06 10:14:01.503 [info] > git status -z -uall [2ms]
2024-08-06 10:14:01.507 [info] > git for-each-ref --format=%(refname)%00%(upstream:short)%00%(objectname)%00%(upstream:track)%00%(upstream:remotename)%00%(upstream:remoteref) refs/heads/main refs/remotes/main [2ms]
2024-08-06 10:14:01.509 [info] > git config --local branch.main.vscode-merge-base [1ms]
2024-08-06 10:14:01.512 [info] > git for-each-ref --format=%(refname)%00%(upstream:short)%00%(objectname)%00%(upstream:track)%00%(upstream:remotename)%00%(upstream:remoteref) refs/heads/origin/main refs/remotes/origin/main [1ms]
2024-08-06 10:15:14.301 [info] > git config --local branch.main.github-pr-owner-number [1ms]
2024-08-06 10:15:14.301 [warning] git config failed: Failed to execute git
2024-08-06 10:16:13.291 [info] > git config --get commit.template [3ms]
2024-08-06 10:16:13.292 [info] > git for-each-ref --format=%(refname)%00%(upstream:short)%00%(objectname)%00%(upstream:track)%00%(upstream:remotename)%00%(upstream:remoteref) refs/heads/main refs/remotes/main [1ms]
2024-08-06 10:16:13.296 [info] > git status -z -uall [2ms]
2024-08-06 10:16:13.300 [info] > git for-each-ref --format=%(refname)%00%(upstream:short)%00%(objectname)%00%(upstream:track)%00%(upstream:remotename)%00%(upstream:remoteref) refs/heads/main refs/remotes/main [2ms]
2024-08-06 10:16:13.303 [info] > git config --local branch.main.vscode-merge-base [1ms]
2024-08-06 10:16:13.305 [info] > git for-each-ref --format=%(refname)%00%(upstream:short)%00%(objectname)%00%(upstream:track)%00%(upstream:remotename)%00%(upstream:remoteref) refs/heads/origin/main refs/remotes/origin/main [1ms]
2024-08-06 10:16:16.997 [info] > git ls-files --stage -- /workspace/blog/about/templates/about/about.html [2ms]
2024-08-06 10:16:17.000 [info] > git cat-file -s c5acc4ec48fa595e99a59451f41cdc8d9e0cfb84 [1ms]
2024-08-06 10:16:17.020 [info] > git show --textconv :about/templates/about/about.html [1ms]
2024-08-06 10:17:29.973 [info] > git config --get commit.template [3ms]
2024-08-06 10:17:29.974 [info] > git for-each-ref --format=%(refname)%00%(upstream:short)%00%(objectname)%00%(upstream:track)%00%(upstream:remotename)%00%(upstream:remoteref) refs/heads/main refs/remotes/main [2ms]
2024-08-06 10:17:29.977 [info] > git status -z -uall [2ms]
2024-08-06 10:17:29.980 [info] > git for-each-ref --format=%(refname)%00%(upstream:short)%00%(objectname)%00%(upstream:track)%00%(upstream:remotename)%00%(upstream:remoteref) refs/heads/main refs/remotes/main [1ms]
2024-08-06 10:17:29.983 [info] > git config --local branch.main.vscode-merge-base [1ms]
2024-08-06 10:17:29.986 [info] > git for-each-ref --format=%(refname)%00%(upstream:short)%00%(objectname)%00%(upstream:track)%00%(upstream:remotename)%00%(upstream:remoteref) refs/heads/origin/main refs/remotes/origin/main [1ms]
2024-08-06 10:18:21.240 [info] > git check-ignore -v -z --stdin [1ms]
2024-08-06 10:18:21.758 [info] > git config --get commit.template [2ms]
2024-08-06 10:18:21.759 [info] > git for-each-ref --format=%(refname)%00%(upstream:short)%00%(objectname)%00%(upstream:track)%00%(upstream:remotename)%00%(upstream:remoteref) refs/heads/main refs/remotes/main [1ms]
2024-08-06 10:18:21.763 [info] > git status -z -uall [2ms]
2024-08-06 10:18:21.767 [info] > git for-each-ref --format=%(refname)%00%(upstream:short)%00%(objectname)%00%(upstream:track)%00%(upstream:remotename)%00%(upstream:remoteref) refs/heads/main refs/remotes/main [2ms]
2024-08-06 10:18:21.769 [info] > git config --local branch.main.vscode-merge-base [1ms]
2024-08-06 10:18:21.773 [info] > git for-each-ref --format=%(refname)%00%(upstream:short)%00%(objectname)%00%(upstream:track)%00%(upstream:remotename)%00%(upstream:remoteref) refs/heads/origin/main refs/remotes/origin/main [1ms]
2024-08-06 10:18:31.512 [info] > git show --textconv :about/templates/about/about.html [2ms]
2024-08-06 10:18:31.513 [info] > git ls-files --stage -- /workspace/blog/about/templates/about/about.html [1ms]
2024-08-06 10:18:31.515 [info] > git cat-file -s c5acc4ec48fa595e99a59451f41cdc8d9e0cfb84 [1ms]
2024-08-06 10:18:46.558 [info] > git config --get commit.template [3ms]
2024-08-06 10:18:46.558 [info] > git for-each-ref --format=%(refname)%00%(upstream:short)%00%(objectname)%00%(upstream:track)%00%(upstream:remotename)%00%(upstream:remoteref) refs/heads/main refs/remotes/main [1ms]
2024-08-06 10:18:46.562 [info] > git status -z -uall [2ms]
2024-08-06 10:18:46.565 [info] > git for-each-ref --format=%(refname)%00%(upstream:short)%00%(objectname)%00%(upstream:track)%00%(upstream:remotename)%00%(upstream:remoteref) refs/heads/main refs/remotes/main [1ms]
2024-08-06 10:18:46.568 [info] > git config --local branch.main.vscode-merge-base [1ms]
2024-08-06 10:18:46.570 [info] > git for-each-ref --format=%(refname)%00%(upstream:short)%00%(objectname)%00%(upstream:track)%00%(upstream:remotename)%00%(upstream:remoteref) refs/heads/origin/main refs/remotes/origin/main [1ms]
2024-08-06 10:20:14.305 [info] > git config --local branch.main.github-pr-owner-number [1ms]
2024-08-06 10:20:14.305 [warning] git config failed: Failed to execute git
2024-08-06 10:20:19.230 [info] > git config --get commit.template [3ms]
2024-08-06 10:20:19.231 [info] > git for-each-ref --format=%(refname)%00%(upstream:short)%00%(objectname)%00%(upstream:track)%00%(upstream:remotename)%00%(upstream:remoteref) refs/heads/main refs/remotes/main [1ms]
2024-08-06 10:20:19.234 [info] > git status -z -uall [1ms]
2024-08-06 10:20:19.239 [info] > git for-each-ref --format=%(refname)%00%(upstream:short)%00%(objectname)%00%(upstream:track)%00%(upstream:remotename)%00%(upstream:remoteref) refs/heads/main refs/remotes/main [2ms]
2024-08-06 10:20:19.241 [info] > git config --local branch.main.vscode-merge-base [1ms]
2024-08-06 10:20:19.244 [info] > git for-each-ref --format=%(refname)%00%(upstream:short)%00%(objectname)%00%(upstream:track)%00%(upstream:remotename)%00%(upstream:remoteref) refs/heads/origin/main refs/remotes/origin/main [1ms]
2024-08-06 10:21:16.217 [info] > git config --get commit.template [2ms]
2024-08-06 10:21:16.217 [info] > git for-each-ref --format=%(refname)%00%(upstream:short)%00%(objectname)%00%(upstream:track)%00%(upstream:remotename)%00%(upstream:remoteref) refs/heads/main refs/remotes/main [1ms]
2024-08-06 10:21:16.222 [info] > git status -z -uall [2ms]
2024-08-06 10:21:16.226 [info] > git for-each-ref --format=%(refname)%00%(upstream:short)%00%(objectname)%00%(upstream:track)%00%(upstream:remotename)%00%(upstream:remoteref) refs/heads/main refs/remotes/main [1ms]
2024-08-06 10:21:16.229 [info] > git config --local branch.main.vscode-merge-base [1ms]
2024-08-06 10:21:16.232 [info] > git for-each-ref --format=%(refname)%00%(upstream:short)%00%(objectname)%00%(upstream:track)%00%(upstream:remotename)%00%(upstream:remoteref) refs/heads/origin/main refs/remotes/origin/main [1ms]
2024-08-06 10:21:16.332 [info] > git ls-files --stage -- /workspace/blog/about/templates/about/about.html [1ms]
2024-08-06 10:21:16.335 [info] > git cat-file -s dd242ddb510315fa92436f8442a0b75f9aa86a4d [1ms]
2024-08-06 10:21:16.356 [info] > git show --textconv :about/templates/about/about.html [1ms]
2024-08-06 10:21:43.013 [info] > git config --get commit.template [3ms]
2024-08-06 10:21:43.014 [info] > git for-each-ref --format=%(refname)%00%(upstream:short)%00%(objectname)%00%(upstream:track)%00%(upstream:remotename)%00%(upstream:remoteref) refs/heads/main refs/remotes/main [2ms]
2024-08-06 10:21:43.018 [info] > git status -z -uall [2ms]
2024-08-06 10:21:43.023 [info] > git for-each-ref --format=%(refname)%00%(upstream:short)%00%(objectname)%00%(upstream:track)%00%(upstream:remotename)%00%(upstream:remoteref) refs/heads/main refs/remotes/main [2ms]
2024-08-06 10:21:43.026 [info] > git config --local branch.main.vscode-merge-base [1ms]
2024-08-06 10:21:43.029 [info] > git for-each-ref --format=%(refname)%00%(upstream:short)%00%(objectname)%00%(upstream:track)%00%(upstream:remotename)%00%(upstream:remoteref) refs/heads/origin/main refs/remotes/origin/main [1ms]
2024-08-06 10:21:43.032 [info] > git merge-base refs/heads/main refs/remotes/origin/main [2ms]
2024-08-06 10:21:43.035 [info] > git rev-list --count --left-right refs/heads/main...refs/remotes/origin/main [1ms]
2024-08-06 10:21:43.038 [info] > git diff --name-status -z --diff-filter=ADMR 15915c395169acc961d05f93f51b3549dc3a1e03...refs/remotes/origin/main [1ms]
2024-08-06 10:21:43.063 [info] > git config --local branch.main.github-pr-owner-number [1ms]
2024-08-06 10:21:43.063 [warning] git config failed: Failed to execute git
2024-08-06 10:21:43.155 [info] > git ls-files --stage -- /workspace/blog/about/templates/about/about.html [1ms]
2024-08-06 10:21:43.158 [info] > git cat-file -s dd242ddb510315fa92436f8442a0b75f9aa86a4d [1ms]
2024-08-06 10:21:43.197 [info] > git show --textconv :about/templates/about/about.html [1ms]
2024-08-06 10:21:52.378 [info] > git config --get commit.template [2ms]
2024-08-06 10:21:52.379 [info] > git for-each-ref --format=%(refname)%00%(upstream:short)%00%(objectname)%00%(upstream:track)%00%(upstream:remotename)%00%(upstream:remoteref) refs/heads/main refs/remotes/main [1ms]
2024-08-06 10:21:52.383 [info] > git status -z -uall [2ms]
2024-08-06 10:21:52.387 [info] > git for-each-ref --format=%(refname)%00%(upstream:short)%00%(objectname)%00%(upstream:track)%00%(upstream:remotename)%00%(upstream:remoteref) refs/heads/main refs/remotes/main [2ms]
2024-08-06 10:21:52.390 [info] > git config --local branch.main.vscode-merge-base [1ms]
2024-08-06 10:21:52.392 [info] > git for-each-ref --format=%(refname)%00%(upstream:short)%00%(objectname)%00%(upstream:track)%00%(upstream:remotename)%00%(upstream:remoteref) refs/heads/origin/main refs/remotes/origin/main [1ms]
2024-08-06 10:21:52.395 [info] > git merge-base refs/heads/main refs/remotes/origin/main [1ms]
2024-08-06 10:21:52.399 [info] > git rev-list --count --left-right refs/heads/main...refs/remotes/origin/main [1ms]
2024-08-06 10:21:52.402 [info] > git diff --name-status -z --diff-filter=ADMR 24d8af7c1e83a923e2a9c0be5e7d6412d5d341df...refs/remotes/origin/main [1ms]
2024-08-06 10:21:52.441 [info] > git config --local branch.main.github-pr-owner-number [1ms]
2024-08-06 10:21:52.441 [warning] git config failed: Failed to execute git
2024-08-06 10:21:52.492 [info] > git ls-files --stage -- /workspace/blog/about/templates/about/about.html [1ms]
2024-08-06 10:21:52.495 [info] > git cat-file -s dd242ddb510315fa92436f8442a0b75f9aa86a4d [1ms]
2024-08-06 10:21:52.521 [info] > git show --textconv :about/templates/about/about.html [2ms]
