2024-08-06 18:11:32.773 [info] Log level: Info
2024-08-06 18:11:32.773 [info] Validating found git in: "git"
2024-08-06 18:11:32.773 [info] Using git "2.45.2" from "git"
2024-08-06 18:11:32.773 [info] > git rev-parse --show-toplevel [70ms]
2024-08-06 18:11:32.773 [info] > git rev-parse --git-dir --git-common-dir [2ms]
2024-08-06 18:11:32.773 [info] Open repository: /workspace/blog
2024-08-06 18:11:32.773 [info] > git rev-parse --show-toplevel [24ms]
2024-08-06 18:11:32.773 [info] > git config --get commit.template [26ms]
2024-08-06 18:11:32.773 [info] > git for-each-ref --format=%(refname)%00%(upstream:short)%00%(objectname)%00%(upstream:track)%00%(upstream:remotename)%00%(upstream:remoteref) refs/heads/main refs/remotes/main [3ms]
2024-08-06 18:11:32.773 [info] > git rev-parse --show-toplevel [1ms]
2024-08-06 18:11:32.773 [info] > git status -z -uall [5ms]
2024-08-06 18:11:32.773 [info] > git rev-parse --show-toplevel [7ms]
2024-08-06 18:11:32.773 [info] > git for-each-ref --format=%(refname)%00%(upstream:short)%00%(objectname)%00%(upstream:track)%00%(upstream:remotename)%00%(upstream:remoteref) refs/heads/main refs/remotes/main [6ms]
2024-08-06 18:11:32.773 [info] > git rev-parse --show-toplevel [14ms]
2024-08-06 18:11:32.773 [info] > git config --get commit.template [5ms]
2024-08-06 18:11:32.773 [info] > git config --local branch.main.vscode-merge-base [2ms]
2024-08-06 18:11:32.773 [info] > git rev-parse --show-toplevel [5ms]
2024-08-06 18:11:32.773 [info] > git for-each-ref --format=%(refname)%00%(upstream:short)%00%(objectname)%00%(upstream:track)%00%(upstream:remotename)%00%(upstream:remoteref) refs/heads/origin/main refs/remotes/origin/main [2ms]
2024-08-06 18:11:32.773 [info] > git for-each-ref --format=%(refname)%00%(upstream:short)%00%(objectname)%00%(upstream:track)%00%(upstream:remotename)%00%(upstream:remoteref) refs/heads/main refs/remotes/main [5ms]
2024-08-06 18:11:32.773 [info] > git merge-base refs/heads/main refs/remotes/origin/main [2ms]
2024-08-06 18:11:32.773 [info] > git rev-parse --show-toplevel [4ms]
2024-08-06 18:11:32.773 [info] > git rev-list --count --left-right refs/heads/main...refs/remotes/origin/main [3ms]
2024-08-06 18:11:32.773 [info] > git rev-parse --show-toplevel [4ms]
2024-08-06 18:11:32.773 [info] > git diff --name-status -z --diff-filter=ADMR 24d8af7c1e83a923e2a9c0be5e7d6412d5d341df...refs/remotes/origin/main [2ms]
2024-08-06 18:11:32.775 [info] > git status -z -uall [3ms]
2024-08-06 18:11:32.779 [info] > git for-each-ref --format=%(refname)%00%(upstream:short)%00%(objectname)%00%(upstream:track)%00%(upstream:remotename)%00%(upstream:remoteref) refs/heads/main refs/remotes/main [2ms]
2024-08-06 18:11:32.780 [info] > git rev-parse --show-toplevel [5ms]
2024-08-06 18:11:32.782 [info] > git config --local branch.main.vscode-merge-base [2ms]
2024-08-06 18:11:32.784 [info] > git rev-parse --show-toplevel [2ms]
2024-08-06 18:11:32.785 [info] > git for-each-ref --format=%(refname)%00%(upstream:short)%00%(objectname)%00%(upstream:track)%00%(upstream:remotename)%00%(upstream:remoteref) refs/heads/origin/main refs/remotes/origin/main [1ms]
2024-08-06 18:11:33.457 [info] > git check-ignore -v -z --stdin [1ms]
2024-08-06 18:11:34.388 [info] > git config --local branch.main.github-pr-owner-number [1ms]
2024-08-06 18:11:34.388 [warning] git config failed: Failed to execute git
2024-08-06 18:11:34.662 [info] > git show --textconv :about/migrations/0001_initial.py [2ms]
2024-08-06 18:11:34.663 [info] > git ls-files --stage -- /workspace/blog/about/migrations/0001_initial.py [1ms]
2024-08-06 18:11:34.666 [info] > git cat-file -s 6bea87018c24a0c39b6c91fd00ba0efea853c431 [1ms]
