2024-08-05 10:23:38.130 [info] Log level: Info
2024-08-05 10:23:38.154 [info] VSCODE_MACHINE_ID: 3ff7c016-bcda-44bb-9f9b-d7b2249b279d
2024-08-05 10:23:38.155 [info] VSCODE_SESSION_ID: ab8b6773-fb09-471e-874a-26deeecbb8ed1722853411720
2024-08-05 10:23:38.155 [info] VSCODE_VERSION: 1.91.1
2024-08-05 10:23:38.155 [info] VSCODE_APP_NAME: Gitpod Code
2024-08-05 10:23:38.155 [info] VSCODE_APP_HOST: Gitpod
2024-08-05 10:23:38.155 [info] VSCODE_UI_KIND: web
2024-08-05 10:23:38.155 [info] GITPOD_WORKSPACE_CONTEXT_URL: https://github.com/kamenco/blog.git
2024-08-05 10:23:38.155 [info] GITPOD_INSTANCE_ID: 2817cf65-fb0e-4739-9620-5608defe620c
2024-08-05 10:23:38.155 [info] GITPOD_WORKSPACE_URL: https://kamenco-blog-2an49o3y8k4.ws.codeinstitute-ide.net
2024-08-05 10:23:38.155 [error] No telemetry: dedicated installations should send data always to own endpoints, host: codeinstitute-ide.net
2024-08-05 10:23:38.155 [error] No telemetry: dedicated installations should send data always to own endpoints, host: codeinstitute-ide.net
2024-08-05 10:23:38.159 [info] Gitpod Web 7ff72a2
2024-08-05 10:23:38.159 [info] Reading sessions from keychain...
2024-08-05 10:23:38.334 [info] Getting sessions for all scopes...
2024-08-05 10:23:38.334 [info] Getting GitHub sessions for all scopes...
2024-08-05 10:23:38.334 [info] Got stored sessions!
2024-08-05 10:23:38.334 [info] Verified session with the following scopes: function:accessCodeSyncStorage function:closePort function:controlAdmission function:deleteEnvVar function:generateNewGitpodToken function:getDefaultWorkspaceImage function:getEnvVars function:getGitpodTokenScopes function:getIDToken function:getLoggedInUser function:getOpenPorts function:getSupportedWorkspaceClasses function:getTeams function:getToken function:getWorkspace function:getWorkspaceEnvVars function:getWorkspaceOwner function:getWorkspaceTimeout function:getWorkspaceUsers function:guessGitTokenScopes function:isWorkspaceOwner function:openPort function:sendHeartBeat function:setEnvVar function:setWorkspaceTimeout function:stopWorkspace function:takeSnapshot function:trackEvent function:updateGitStatus function:waitForSnapshot resource:contentBlob::*::create/get resource:envVar::kamenco/blog::create/get/update/delete resource:gitpodToken::*::create resource:snapshot::ws-kamenco-blog-2an49o3y8k4::create resource:token::*::get resource:userStorage::*::create/get/update resource:workspace::kamenco-blog-2an49o3y8k4::get/update resource:workspaceInstance::2817cf65-fb0e-4739-9620-5608defe620c::get/update/delete
2024-08-05 10:23:38.336 [info] Got 1 verified sessions.
2024-08-05 10:23:38.336 [info] Got 1 sessions for all scopes...
2024-08-05 10:23:38.428 [info] Got 1 GitHub sessions for all scopes...
2024-08-05 10:23:39.104 [info] Getting sessions for all scopes...
2024-08-05 10:23:39.104 [info] Got 1 sessions for all scopes...
2024-08-05 10:23:39.106 [info] Getting GitHub sessions for read:user,repo,user:email,workflow...
2024-08-05 10:23:39.106 [info] Got 0 GitHub sessions for read:user,repo,user:email,workflow...
2024-08-05 10:23:39.107 [info] Getting GitHub sessions for all scopes...
2024-08-05 10:23:39.107 [info] Got 1 GitHub sessions for all scopes...
2024-08-05 10:23:39.655 [info] Getting GitHub sessions for project,read:org,read:user,repo,user:email,workflow...
2024-08-05 10:23:39.655 [info] Got 0 GitHub sessions for project,read:org,read:user,repo,user:email,workflow...
2024-08-05 10:23:39.777 [info] Getting GitHub sessions for read:user,repo,user:email,workflow...
2024-08-05 10:23:39.777 [info] Got 0 GitHub sessions for read:user,repo,user:email,workflow...
2024-08-05 10:23:39.940 [info] Getting sessions for function:accessCodeSyncStorage...
2024-08-05 10:23:39.943 [info] Got 1 sessions for function:accessCodeSyncStorage...
2024-08-05 10:23:40.019 [info] Getting GitHub sessions for read:user,repo,user:email...
2024-08-05 10:23:40.019 [info] Got 0 GitHub sessions for read:user,repo,user:email...
2024-08-05 10:23:40.253 [info] Getting GitHub sessions for read:user,repo,user:email,workflow...
2024-08-05 10:23:40.253 [info] Got 0 GitHub sessions for read:user,repo,user:email,workflow...
2024-08-05 10:24:09.935 [error] No telemetry: dedicated installations should send data always to own endpoints, host: codeinstitute-ide.net
