2024-08-05 17:08:19.890 [info] Log level: Info
2024-08-05 17:08:19.890 [info] VSCODE_MACHINE_ID: 3ff7c016-bcda-44bb-9f9b-d7b2249b279d
2024-08-05 17:08:19.890 [info] VSCODE_SESSION_ID: 4a6c8a34-31d7-402c-b515-49fb4c12c5121722877694025
2024-08-05 17:08:19.890 [info] VSCODE_VERSION: 1.91.1
2024-08-05 17:08:19.890 [info] VSCODE_APP_NAME: Gitpod Code
2024-08-05 17:08:19.890 [info] VSCODE_APP_HOST: Gitpod
2024-08-05 17:08:19.890 [info] VSCODE_UI_KIND: web
2024-08-05 17:08:19.890 [info] GITPOD_WORKSPACE_CONTEXT_URL: https://github.com/kamenco/blog.git
2024-08-05 17:08:19.890 [info] GITPOD_INSTANCE_ID: 8b7a5155-3e56-4adc-9a48-b709addb5488
2024-08-05 17:08:19.890 [info] GITPOD_WORKSPACE_URL: https://kamenco-blog-2an49o3y8k4.ws.codeinstitute-ide.net
2024-08-05 17:08:19.890 [error] No telemetry: dedicated installations should send data always to own endpoints, host: codeinstitute-ide.net
2024-08-05 17:08:19.890 [error] No telemetry: dedicated installations should send data always to own endpoints, host: codeinstitute-ide.net
2024-08-05 17:08:19.890 [info] Gitpod Web 7ff72a2
2024-08-05 17:08:19.890 [info] Reading sessions from keychain...
2024-08-05 17:08:20.137 [info] Getting sessions for all scopes...
2024-08-05 17:08:20.137 [info] Getting GitHub sessions for all scopes...
2024-08-05 17:08:20.137 [info] Got 1 GitHub sessions for all scopes...
2024-08-05 17:08:20.137 [info] Got stored sessions!
2024-08-05 17:08:20.138 [info] Verified session with the following scopes: function:accessCodeSyncStorage function:closePort function:controlAdmission function:deleteEnvVar function:generateNewGitpodToken function:getDefaultWorkspaceImage function:getEnvVars function:getGitpodTokenScopes function:getIDToken function:getLoggedInUser function:getOpenPorts function:getSupportedWorkspaceClasses function:getTeams function:getToken function:getWorkspace function:getWorkspaceEnvVars function:getWorkspaceOwner function:getWorkspaceTimeout function:getWorkspaceUsers function:guessGitTokenScopes function:isWorkspaceOwner function:openPort function:sendHeartBeat function:setEnvVar function:setWorkspaceTimeout function:stopWorkspace function:takeSnapshot function:trackEvent function:updateGitStatus function:waitForSnapshot resource:contentBlob::*::create/get resource:envVar::kamenco/blog::create/get/update/delete resource:gitpodToken::*::create resource:snapshot::ws-kamenco-blog-2an49o3y8k4::create resource:token::*::get resource:userStorage::*::create/get/update resource:workspace::kamenco-blog-2an49o3y8k4::get/update resource:workspaceInstance::8b7a5155-3e56-4adc-9a48-b709addb5488::get/update/delete
2024-08-05 17:08:20.139 [info] Got 1 verified sessions.
2024-08-05 17:08:20.139 [info] Got 1 sessions for all scopes...
2024-08-05 17:08:21.035 [info] Getting GitHub sessions for all scopes...
2024-08-05 17:08:21.035 [info] Getting sessions for all scopes...
2024-08-05 17:08:21.035 [info] Got 1 GitHub sessions for all scopes...
2024-08-05 17:08:21.035 [info] Got 1 sessions for all scopes...
2024-08-05 17:08:21.311 [info] Getting GitHub sessions for read:user,repo,user:email,workflow...
2024-08-05 17:08:21.311 [info] Got 0 GitHub sessions for read:user,repo,user:email,workflow...
2024-08-05 17:08:21.612 [info] Getting GitHub sessions for project,read:org,read:user,repo,user:email,workflow...
2024-08-05 17:08:21.612 [info] Got 0 GitHub sessions for project,read:org,read:user,repo,user:email,workflow...
2024-08-05 17:08:21.813 [info] Getting GitHub sessions for read:user,repo,user:email,workflow...
2024-08-05 17:08:21.813 [info] Got 0 GitHub sessions for read:user,repo,user:email,workflow...
2024-08-05 17:08:21.976 [info] Getting sessions for function:accessCodeSyncStorage...
2024-08-05 17:08:21.979 [info] Got 1 sessions for function:accessCodeSyncStorage...
2024-08-05 17:08:22.094 [info] Getting GitHub sessions for read:user,repo,user:email...
2024-08-05 17:08:22.094 [info] Got 0 GitHub sessions for read:user,repo,user:email...
2024-08-05 17:08:22.212 [info] Getting GitHub sessions for read:user,repo,user:email,workflow...
2024-08-05 17:08:22.212 [info] Got 0 GitHub sessions for read:user,repo,user:email,workflow...
2024-08-05 17:13:23.410 [error] No telemetry: dedicated installations should send data always to own endpoints, host: codeinstitute-ide.net
