2024-08-06 14:56:36.823 [info] Log level: Info
2024-08-06 14:56:36.823 [info] VSCODE_MACHINE_ID: 3ff7c016-bcda-44bb-9f9b-d7b2249b279d
2024-08-06 14:56:36.823 [info] VSCODE_SESSION_ID: ee83e95a-1755-4160-b2f7-2390dcba65c21722956191141
2024-08-06 14:56:36.823 [info] VSCODE_VERSION: 1.91.1
2024-08-06 14:56:36.823 [info] VSCODE_APP_NAME: Gitpod Code
2024-08-06 14:56:36.823 [info] VSCODE_APP_HOST: Gitpod
2024-08-06 14:56:36.823 [info] VSCODE_UI_KIND: web
2024-08-06 14:56:36.823 [info] GITPOD_WORKSPACE_CONTEXT_URL: https://github.com/kamenco/blog.git
2024-08-06 14:56:36.823 [info] GITPOD_INSTANCE_ID: 59284e87-2b28-4178-ae53-2bad2a291a3f
2024-08-06 14:56:36.823 [info] GITPOD_WORKSPACE_URL: https://kamenco-blog-2an49o3y8k4.ws.codeinstitute-ide.net
2024-08-06 14:56:36.823 [error] No telemetry: dedicated installations should send data always to own endpoints, host: codeinstitute-ide.net
2024-08-06 14:56:36.823 [error] No telemetry: dedicated installations should send data always to own endpoints, host: codeinstitute-ide.net
2024-08-06 14:56:36.823 [info] Gitpod Web 7ff72a2
2024-08-06 14:56:36.823 [info] Reading sessions from keychain...
2024-08-06 14:56:37.066 [info] Getting sessions for all scopes...
2024-08-06 14:56:37.066 [info] Getting GitHub sessions for all scopes...
2024-08-06 14:56:37.066 [info] Got 1 GitHub sessions for all scopes...
2024-08-06 14:56:37.066 [info] Got stored sessions!
2024-08-06 14:56:37.066 [info] Verified session with the following scopes: function:accessCodeSyncStorage function:closePort function:controlAdmission function:deleteEnvVar function:generateNewGitpodToken function:getDefaultWorkspaceImage function:getEnvVars function:getGitpodTokenScopes function:getIDToken function:getLoggedInUser function:getOpenPorts function:getSupportedWorkspaceClasses function:getTeams function:getToken function:getWorkspace function:getWorkspaceEnvVars function:getWorkspaceOwner function:getWorkspaceTimeout function:getWorkspaceUsers function:guessGitTokenScopes function:isWorkspaceOwner function:openPort function:sendHeartBeat function:setEnvVar function:setWorkspaceTimeout function:stopWorkspace function:takeSnapshot function:trackEvent function:updateGitStatus function:waitForSnapshot resource:contentBlob::*::create/get resource:envVar::kamenco/blog::create/get/update/delete resource:gitpodToken::*::create resource:snapshot::ws-kamenco-blog-2an49o3y8k4::create resource:token::*::get resource:userStorage::*::create/get/update resource:workspace::kamenco-blog-2an49o3y8k4::get/update resource:workspaceInstance::59284e87-2b28-4178-ae53-2bad2a291a3f::get/update/delete
2024-08-06 14:56:37.066 [info] Got 1 verified sessions.
2024-08-06 14:56:37.066 [info] Got 1 sessions for all scopes...
2024-08-06 14:56:38.584 [info] Getting GitHub sessions for all scopes...
2024-08-06 14:56:38.584 [info] Getting sessions for all scopes...
2024-08-06 14:56:38.584 [info] Got 1 GitHub sessions for all scopes...
2024-08-06 14:56:38.584 [info] Got 1 sessions for all scopes...
2024-08-06 14:56:39.104 [info] Getting GitHub sessions for read:user,repo,user:email,workflow...
2024-08-06 14:56:39.105 [info] Got 0 GitHub sessions for read:user,repo,user:email,workflow...
2024-08-06 14:56:39.305 [info] Getting GitHub sessions for project,read:org,read:user,repo,user:email,workflow...
2024-08-06 14:56:39.305 [info] Got 0 GitHub sessions for project,read:org,read:user,repo,user:email,workflow...
2024-08-06 14:56:39.402 [info] Getting GitHub sessions for read:user,repo,user:email,workflow...
2024-08-06 14:56:39.402 [info] Got 0 GitHub sessions for read:user,repo,user:email,workflow...
2024-08-06 14:56:39.521 [info] Getting GitHub sessions for read:user,repo,user:email...
2024-08-06 14:56:39.521 [info] Got 0 GitHub sessions for read:user,repo,user:email...
2024-08-06 14:56:39.570 [info] Getting sessions for all scopes...
2024-08-06 14:56:39.570 [info] Getting GitHub sessions for all scopes...
2024-08-06 14:56:39.570 [info] Got 1 sessions for all scopes...
2024-08-06 14:56:39.570 [info] Got 1 GitHub sessions for all scopes...
2024-08-06 14:56:39.600 [info] Getting GitHub sessions for read:user,repo,user:email,workflow...
2024-08-06 14:56:39.600 [info] Got 0 GitHub sessions for read:user,repo,user:email,workflow...
2024-08-06 14:56:39.602 [info] Getting sessions for all scopes...
2024-08-06 14:56:39.602 [info] Getting GitHub sessions for all scopes...
2024-08-06 14:56:39.602 [info] Got 1 sessions for all scopes...
2024-08-06 14:56:39.602 [info] Got 1 GitHub sessions for all scopes...
2024-08-06 14:56:41.575 [info] Getting sessions for function:accessCodeSyncStorage...
2024-08-06 14:56:41.578 [info] Got 1 sessions for function:accessCodeSyncStorage...
2024-08-06 14:56:50.177 [error] No telemetry: dedicated installations should send data always to own endpoints, host: codeinstitute-ide.net
