2024-08-06 18:55:09.111 [info] Log level: Info
2024-08-06 18:55:09.112 [info] VSCODE_MACHINE_ID: 3ff7c016-bcda-44bb-9f9b-d7b2249b279d
2024-08-06 18:55:09.112 [info] VSCODE_SESSION_ID: d308df46-d882-49b1-b86c-d5b94511b48c1722970503029
2024-08-06 18:55:09.112 [info] VSCODE_VERSION: 1.91.1
2024-08-06 18:55:09.112 [info] VSCODE_APP_NAME: Gitpod Code
2024-08-06 18:55:09.112 [info] VSCODE_APP_HOST: Gitpod
2024-08-06 18:55:09.112 [info] VSCODE_UI_KIND: web
2024-08-06 18:55:09.112 [info] GITPOD_WORKSPACE_CONTEXT_URL: https://github.com/kamenco/blog.git
2024-08-06 18:55:09.112 [info] GITPOD_INSTANCE_ID: 7420eac7-a0bc-450f-87e7-b0724f430f25
2024-08-06 18:55:09.112 [info] GITPOD_WORKSPACE_URL: https://kamenco-blog-2an49o3y8k4.ws.codeinstitute-ide.net
2024-08-06 18:55:09.112 [error] No telemetry: dedicated installations should send data always to own endpoints, host: codeinstitute-ide.net
2024-08-06 18:55:09.112 [error] No telemetry: dedicated installations should send data always to own endpoints, host: codeinstitute-ide.net
2024-08-06 18:55:09.112 [info] Gitpod Web 7ff72a2
2024-08-06 18:55:09.112 [info] Reading sessions from keychain...
2024-08-06 18:55:09.315 [info] Getting sessions for all scopes...
2024-08-06 18:55:09.315 [info] Getting GitHub sessions for all scopes...
2024-08-06 18:55:09.315 [info] Got stored sessions!
2024-08-06 18:55:09.315 [info] Verified session with the following scopes: function:accessCodeSyncStorage function:closePort function:controlAdmission function:deleteEnvVar function:generateNewGitpodToken function:getDefaultWorkspaceImage function:getEnvVars function:getGitpodTokenScopes function:getIDToken function:getLoggedInUser function:getOpenPorts function:getSupportedWorkspaceClasses function:getTeams function:getToken function:getWorkspace function:getWorkspaceEnvVars function:getWorkspaceOwner function:getWorkspaceTimeout function:getWorkspaceUsers function:guessGitTokenScopes function:isWorkspaceOwner function:openPort function:sendHeartBeat function:setEnvVar function:setWorkspaceTimeout function:stopWorkspace function:takeSnapshot function:trackEvent function:updateGitStatus function:waitForSnapshot resource:contentBlob::*::create/get resource:envVar::kamenco/blog::create/get/update/delete resource:gitpodToken::*::create resource:snapshot::ws-kamenco-blog-2an49o3y8k4::create resource:token::*::get resource:userStorage::*::create/get/update resource:workspace::kamenco-blog-2an49o3y8k4::get/update resource:workspaceInstance::7420eac7-a0bc-450f-87e7-b0724f430f25::get/update/delete
2024-08-06 18:55:09.317 [info] Got 1 verified sessions.
2024-08-06 18:55:09.317 [info] Got 1 sessions for all scopes...
2024-08-06 18:55:09.421 [info] Got 1 GitHub sessions for all scopes...
2024-08-06 18:55:10.441 [info] Getting sessions for all scopes...
2024-08-06 18:55:10.441 [info] Got 1 sessions for all scopes...
2024-08-06 18:55:10.443 [info] Getting GitHub sessions for all scopes...
2024-08-06 18:55:10.443 [info] Got 1 GitHub sessions for all scopes...
2024-08-06 18:55:10.717 [info] Getting GitHub sessions for read:user,repo,user:email,workflow...
2024-08-06 18:55:10.718 [info] Got 0 GitHub sessions for read:user,repo,user:email,workflow...
2024-08-06 18:55:10.928 [info] Getting GitHub sessions for project,read:org,read:user,repo,user:email,workflow...
2024-08-06 18:55:10.928 [info] Got 0 GitHub sessions for project,read:org,read:user,repo,user:email,workflow...
2024-08-06 18:55:11.193 [info] Getting GitHub sessions for read:user,repo,user:email,workflow...
2024-08-06 18:55:11.194 [info] Got 0 GitHub sessions for read:user,repo,user:email,workflow...
2024-08-06 18:55:11.398 [info] Getting GitHub sessions for read:user,repo,user:email...
2024-08-06 18:55:11.398 [info] Got 0 GitHub sessions for read:user,repo,user:email...
2024-08-06 18:55:11.487 [info] Getting GitHub sessions for read:user,repo,user:email,workflow...
2024-08-06 18:55:11.487 [info] Got 0 GitHub sessions for read:user,repo,user:email,workflow...
2024-08-06 18:55:11.935 [info] Getting sessions for function:accessCodeSyncStorage...
2024-08-06 18:55:11.938 [info] Got 1 sessions for function:accessCodeSyncStorage...
2024-08-06 19:19:02.426 [error] 773b8034-13fa-457d-b010-56ac2136fe5c terminal: shutdown failed: 4 DEADLINE_EXCEEDED: Deadline exceeded
2024-08-06 19:56:33.680 [error] 6437452b-3467-46f4-862a-50993465c087 terminal: shutdown failed: 4 DEADLINE_EXCEEDED: Deadline exceeded
2024-08-06 20:02:14.936 [error] No telemetry: dedicated installations should send data always to own endpoints, host: codeinstitute-ide.net
