2024-08-07 06:10:29.499 [info] Log level: Info
2024-08-07 06:10:29.504 [info] VSCODE_MACHINE_ID: 3ff7c016-bcda-44bb-9f9b-d7b2249b279d
2024-08-07 06:10:29.504 [info] VSCODE_SESSION_ID: 8b6dfcd2-a8f3-4f1f-be99-75c8576d7dc51723011021852
2024-08-07 06:10:29.504 [info] VSCODE_VERSION: 1.92.0
2024-08-07 06:10:29.504 [info] VSCODE_APP_NAME: Gitpod Code
2024-08-07 06:10:29.504 [info] VSCODE_APP_HOST: Gitpod
2024-08-07 06:10:29.504 [info] VSCODE_UI_KIND: web
2024-08-07 06:10:29.504 [info] GITPOD_WORKSPACE_CONTEXT_URL: https://github.com/kamenco/blog.git
2024-08-07 06:10:29.504 [info] GITPOD_INSTANCE_ID: b4092529-d0f6-4e1a-8708-b1c9837afe0c
2024-08-07 06:10:29.504 [info] GITPOD_WORKSPACE_URL: https://kamenco-blog-2an49o3y8k4.ws.codeinstitute-ide.net
2024-08-07 06:10:29.504 [error] No telemetry: dedicated installations should send data always to own endpoints, host: codeinstitute-ide.net
2024-08-07 06:10:29.504 [error] No telemetry: dedicated installations should send data always to own endpoints, host: codeinstitute-ide.net
2024-08-07 06:10:29.509 [info] Gitpod Web 7ff72a2
2024-08-07 06:10:29.509 [info] Reading sessions from keychain...
2024-08-07 06:10:29.705 [info] Getting sessions for all scopes...
2024-08-07 06:10:29.705 [info] Getting GitHub sessions for all scopes...
2024-08-07 06:10:29.705 [info] Got stored sessions!
2024-08-07 06:10:29.705 [info] Verified session with the following scopes: function:accessCodeSyncStorage function:closePort function:controlAdmission function:deleteEnvVar function:generateNewGitpodToken function:getDefaultWorkspaceImage function:getEnvVars function:getGitpodTokenScopes function:getIDToken function:getLoggedInUser function:getOpenPorts function:getSupportedWorkspaceClasses function:getTeams function:getToken function:getWorkspace function:getWorkspaceEnvVars function:getWorkspaceOwner function:getWorkspaceTimeout function:getWorkspaceUsers function:guessGitTokenScopes function:isWorkspaceOwner function:openPort function:sendHeartBeat function:setEnvVar function:setWorkspaceTimeout function:stopWorkspace function:takeSnapshot function:trackEvent function:updateGitStatus function:waitForSnapshot resource:contentBlob::*::create/get resource:envVar::kamenco/blog::create/get/update/delete resource:gitpodToken::*::create resource:snapshot::ws-kamenco-blog-2an49o3y8k4::create resource:token::*::get resource:userStorage::*::create/get/update resource:workspace::kamenco-blog-2an49o3y8k4::get/update resource:workspaceInstance::b4092529-d0f6-4e1a-8708-b1c9837afe0c::get/update/delete
2024-08-07 06:10:29.707 [info] Got 1 verified sessions.
2024-08-07 06:10:29.707 [info] Got 1 sessions for all scopes...
2024-08-07 06:10:29.864 [info] Got 1 GitHub sessions for all scopes...
2024-08-07 06:10:31.231 [info] Getting sessions for all scopes...
2024-08-07 06:10:31.231 [info] Got 1 sessions for all scopes...
2024-08-07 06:10:31.279 [info] Getting GitHub sessions for all scopes...
2024-08-07 06:10:31.279 [info] Got 1 GitHub sessions for all scopes...
2024-08-07 06:10:31.738 [info] Getting GitHub sessions for read:user,repo,user:email,workflow...
2024-08-07 06:10:31.738 [info] Got 0 GitHub sessions for read:user,repo,user:email,workflow...
2024-08-07 06:10:31.837 [info] Getting sessions for all scopes...
2024-08-07 06:10:31.837 [info] Getting GitHub sessions for all scopes...
2024-08-07 06:10:31.837 [info] Got 1 sessions for all scopes...
2024-08-07 06:10:31.837 [info] Got 1 GitHub sessions for all scopes...
2024-08-07 06:10:32.065 [info] Getting sessions for all scopes...
2024-08-07 06:10:32.065 [info] Getting GitHub sessions for all scopes...
2024-08-07 06:10:32.065 [info] Got 1 sessions for all scopes...
2024-08-07 06:10:32.065 [info] Got 1 GitHub sessions for all scopes...
2024-08-07 06:10:32.176 [info] Getting GitHub sessions for project,read:org,read:user,repo,user:email,workflow...
2024-08-07 06:10:32.176 [info] Got 0 GitHub sessions for project,read:org,read:user,repo,user:email,workflow...
2024-08-07 06:10:32.284 [info] Getting GitHub sessions for read:user,repo,user:email,workflow...
2024-08-07 06:10:32.284 [info] Got 0 GitHub sessions for read:user,repo,user:email,workflow...
2024-08-07 06:10:32.402 [info] Getting GitHub sessions for read:user,repo,user:email...
2024-08-07 06:10:32.402 [info] Got 0 GitHub sessions for read:user,repo,user:email...
2024-08-07 06:10:32.549 [info] Getting GitHub sessions for read:user,repo,user:email,workflow...
2024-08-07 06:10:32.549 [info] Got 0 GitHub sessions for read:user,repo,user:email,workflow...
2024-08-07 06:10:34.579 [info] Getting sessions for function:accessCodeSyncStorage...
2024-08-07 06:10:34.582 [info] Got 1 sessions for function:accessCodeSyncStorage...
2024-08-07 06:11:05.720 [error] e1d545f6-0a51-434a-80ec-49e9fe384f66 terminal: shutdown failed: 4 DEADLINE_EXCEEDED: Deadline exceeded
