2024-08-06 15:42:04.855 [info] Log level: Info
2024-08-06 15:42:04.855 [info] VSCODE_MACHINE_ID: 3ff7c016-bcda-44bb-9f9b-d7b2249b279d
2024-08-06 15:42:04.855 [info] VSCODE_SESSION_ID: 0dc8a935-2f9e-4c5f-8824-1f6005ed8cc21722958918962
2024-08-06 15:42:04.855 [info] VSCODE_VERSION: 1.91.1
2024-08-06 15:42:04.855 [info] VSCODE_APP_NAME: Gitpod Code
2024-08-06 15:42:04.855 [info] VSCODE_APP_HOST: Gitpod
2024-08-06 15:42:04.855 [info] VSCODE_UI_KIND: web
2024-08-06 15:42:04.855 [info] GITPOD_WORKSPACE_CONTEXT_URL: https://github.com/kamenco/blog.git
2024-08-06 15:42:04.855 [info] GITPOD_INSTANCE_ID: 7c231689-e067-4be6-b3c9-0309b5a8026f
2024-08-06 15:42:04.855 [info] GITPOD_WORKSPACE_URL: https://kamenco-blog-2an49o3y8k4.ws.codeinstitute-ide.net
2024-08-06 15:42:04.855 [error] No telemetry: dedicated installations should send data always to own endpoints, host: codeinstitute-ide.net
2024-08-06 15:42:04.855 [error] No telemetry: dedicated installations should send data always to own endpoints, host: codeinstitute-ide.net
2024-08-06 15:42:04.855 [info] Gitpod Web 7ff72a2
2024-08-06 15:42:04.855 [info] Reading sessions from keychain...
2024-08-06 15:42:05.082 [info] Getting sessions for all scopes...
2024-08-06 15:42:05.082 [info] Getting GitHub sessions for all scopes...
2024-08-06 15:42:05.082 [info] Got stored sessions!
2024-08-06 15:42:05.082 [info] Verified session with the following scopes: function:accessCodeSyncStorage function:closePort function:controlAdmission function:deleteEnvVar function:generateNewGitpodToken function:getDefaultWorkspaceImage function:getEnvVars function:getGitpodTokenScopes function:getIDToken function:getLoggedInUser function:getOpenPorts function:getSupportedWorkspaceClasses function:getTeams function:getToken function:getWorkspace function:getWorkspaceEnvVars function:getWorkspaceOwner function:getWorkspaceTimeout function:getWorkspaceUsers function:guessGitTokenScopes function:isWorkspaceOwner function:openPort function:sendHeartBeat function:setEnvVar function:setWorkspaceTimeout function:stopWorkspace function:takeSnapshot function:trackEvent function:updateGitStatus function:waitForSnapshot resource:contentBlob::*::create/get resource:envVar::kamenco/blog::create/get/update/delete resource:gitpodToken::*::create resource:snapshot::ws-kamenco-blog-2an49o3y8k4::create resource:token::*::get resource:userStorage::*::create/get/update resource:workspace::kamenco-blog-2an49o3y8k4::get/update resource:workspaceInstance::7c231689-e067-4be6-b3c9-0309b5a8026f::get/update/delete
2024-08-06 15:42:05.084 [info] Got 1 verified sessions.
2024-08-06 15:42:05.084 [info] Got 1 sessions for all scopes...
2024-08-06 15:42:05.163 [info] Got 1 GitHub sessions for all scopes...
2024-08-06 15:42:05.910 [info] Getting sessions for all scopes...
2024-08-06 15:42:05.910 [info] Got 1 sessions for all scopes...
2024-08-06 15:42:05.911 [info] Getting GitHub sessions for all scopes...
2024-08-06 15:42:05.911 [info] Got 1 GitHub sessions for all scopes...
2024-08-06 15:42:06.175 [info] Getting GitHub sessions for read:user,repo,user:email,workflow...
2024-08-06 15:42:06.175 [info] Got 0 GitHub sessions for read:user,repo,user:email,workflow...
2024-08-06 15:42:06.324 [info] Getting GitHub sessions for project,read:org,read:user,repo,user:email,workflow...
2024-08-06 15:42:06.324 [info] Got 0 GitHub sessions for project,read:org,read:user,repo,user:email,workflow...
2024-08-06 15:42:06.380 [info] Getting GitHub sessions for read:user,repo,user:email,workflow...
2024-08-06 15:42:06.380 [info] Got 0 GitHub sessions for read:user,repo,user:email,workflow...
2024-08-06 15:42:06.596 [info] Getting GitHub sessions for read:user,repo,user:email...
2024-08-06 15:42:06.596 [info] Got 0 GitHub sessions for read:user,repo,user:email...
2024-08-06 15:42:06.674 [info] Getting GitHub sessions for read:user,repo,user:email,workflow...
2024-08-06 15:42:06.674 [info] Got 0 GitHub sessions for read:user,repo,user:email,workflow...
2024-08-06 15:42:07.083 [info] Getting sessions for function:accessCodeSyncStorage...
2024-08-06 15:42:07.087 [info] Got 1 sessions for function:accessCodeSyncStorage...
2024-08-06 15:48:31.960 [error] No telemetry: dedicated installations should send data always to own endpoints, host: codeinstitute-ide.net
2024-08-06 16:22:10.977 [error] No telemetry: dedicated installations should send data always to own endpoints, host: codeinstitute-ide.net
2024-08-06 16:32:29.490 [error] 697731da-cc92-402d-9cce-93dacf354aff terminal: shutdown failed: 4 DEADLINE_EXCEEDED: Deadline exceeded
2024-08-06 16:38:49.757 [error] 411d6b50-fe66-44a8-bd61-831938cb049e terminal: shutdown failed: 4 DEADLINE_EXCEEDED: Deadline exceeded
2024-08-06 17:20:05.381 [error] No telemetry: dedicated installations should send data always to own endpoints, host: codeinstitute-ide.net
