2024-08-05 07:46:43.231 [info] Log level: Info
2024-08-05 07:46:43.231 [info] Validating found git in: "git"
2024-08-05 07:46:43.231 [info] Using git "2.45.2" from "git"
2024-08-05 07:46:43.231 [info] > git rev-parse --show-toplevel [28ms]
2024-08-05 07:46:43.231 [info] > git rev-parse --git-dir --git-common-dir [7ms]
2024-08-05 07:46:43.231 [info] Open repository: /workspace/blog
2024-08-05 07:46:43.231 [info] > git rev-parse --show-toplevel [50ms]
2024-08-05 07:46:43.231 [info] > git config --get commit.template [52ms]
2024-08-05 07:46:43.231 [info] > git rev-parse --show-toplevel [4ms]
2024-08-05 07:46:43.231 [info] > git for-each-ref --format=%(refname)%00%(upstream:short)%00%(objectname)%00%(upstream:track)%00%(upstream:remotename)%00%(upstream:remoteref) refs/heads/main refs/remotes/main [3ms]
2024-08-05 07:46:43.231 [info] > git rev-parse --show-toplevel [2ms]
2024-08-05 07:46:43.231 [info] > git rev-parse --show-toplevel [3ms]
2024-08-05 07:46:43.231 [info] > git status -z -uall [8ms]
2024-08-05 07:46:43.231 [info] > git for-each-ref --format=%(refname)%00%(upstream:short)%00%(objectname)%00%(upstream:track)%00%(upstream:remotename)%00%(upstream:remoteref) refs/heads/main refs/remotes/main [5ms]
2024-08-05 07:46:43.231 [info] > git rev-parse --show-toplevel [15ms]
2024-08-05 07:46:43.231 [info] > git config --get commit.template [5ms]
2024-08-05 07:46:43.231 [info] > git rev-parse --show-toplevel [1ms]
2024-08-05 07:46:43.231 [info] > git config --local branch.main.vscode-merge-base [3ms]
2024-08-05 07:46:43.231 [info] > git rev-parse --show-toplevel [2ms]
2024-08-05 07:46:43.231 [info] > git for-each-ref --format=%(refname)%00%(upstream:short)%00%(objectname)%00%(upstream:track)%00%(upstream:remotename)%00%(upstream:remoteref) refs/heads/main refs/remotes/main [3ms]
2024-08-05 07:46:43.231 [info] > git for-each-ref --format=%(refname)%00%(upstream:short)%00%(objectname)%00%(upstream:track)%00%(upstream:remotename)%00%(upstream:remoteref) refs/heads/origin/main refs/remotes/origin/main [5ms]
2024-08-05 07:46:43.231 [info] > git merge-base refs/heads/main refs/remotes/origin/main [1ms]
2024-08-05 07:46:43.231 [info] > git rev-parse --show-toplevel [3ms]
2024-08-05 07:46:43.231 [info] > git rev-list --count --left-right refs/heads/main...refs/remotes/origin/main [3ms]
2024-08-05 07:46:43.231 [info] > git status -z -uall [3ms]
2024-08-05 07:46:43.231 [info] > git for-each-ref --format=%(refname)%00%(upstream:short)%00%(objectname)%00%(upstream:track)%00%(upstream:remotename)%00%(upstream:remoteref) refs/heads/main refs/remotes/main [1ms]
2024-08-05 07:46:43.231 [info] > git diff --name-status -z --diff-filter=ADMR ccf76fd6496311a0380d3261139b9d03fe8bc319...refs/remotes/origin/main [6ms]
2024-08-05 07:46:43.231 [info] > git config --local branch.main.vscode-merge-base [1ms]
2024-08-05 07:46:43.231 [info] > git for-each-ref --format=%(refname)%00%(upstream:short)%00%(objectname)%00%(upstream:track)%00%(upstream:remotename)%00%(upstream:remoteref) refs/heads/origin/main refs/remotes/origin/main [1ms]
2024-08-05 07:46:43.794 [info] > git check-ignore -v -z --stdin [1ms]
2024-08-05 07:46:45.639 [info] > git check-ignore -v -z --stdin [1ms]
2024-08-05 07:46:46.810 [info] > git config --local branch.main.github-pr-owner-number [1ms]
2024-08-05 07:46:46.810 [warning] git config failed: Failed to execute git
2024-08-05 07:46:47.707 [info] > git show --textconv :blog/views.py [2ms]
2024-08-05 07:46:47.708 [info] > git ls-files --stage -- /workspace/blog/blog/views.py [1ms]
2024-08-05 07:46:47.710 [info] > git cat-file -s 3c768d5b984582861f3a5554cbc5f353a07e88d5 [1ms]
2024-08-05 07:48:24.325 [info] > git show --textconv :blog/models.py [3ms]
2024-08-05 07:48:24.325 [info] > git ls-files --stage -- /workspace/blog/blog/models.py [1ms]
2024-08-05 07:48:24.328 [info] > git cat-file -s 134c40ec1a6da50a3ecb084794615565bf0785ff [1ms]
2024-08-05 07:48:42.380 [info] > git show --textconv :codestar/settings.py [2ms]
2024-08-05 07:48:42.380 [info] > git ls-files --stage -- /workspace/blog/codestar/settings.py [1ms]
2024-08-05 07:48:42.383 [info] > git cat-file -s 7ee8f2c3f656e9b3a96aa072831a4d7a6a9195e7 [1ms]
2024-08-05 07:48:42.725 [info] > git check-ignore -v -z --stdin [1ms]
2024-08-05 07:48:57.544 [info] > git show --textconv :blog/views.py [2ms]
2024-08-05 07:48:57.545 [info] > git ls-files --stage -- /workspace/blog/blog/views.py [1ms]
2024-08-05 07:48:57.548 [info] > git cat-file -s 3c768d5b984582861f3a5554cbc5f353a07e88d5 [1ms]
2024-08-05 07:51:46.710 [info] > git config --local branch.main.github-pr-owner-number [0ms]
2024-08-05 07:51:46.710 [warning] git config failed: Failed to execute git
2024-08-05 07:53:58.531 [info] > git show --textconv :codestar/settings.py [3ms]
2024-08-05 07:53:58.531 [info] > git ls-files --stage -- /workspace/blog/codestar/settings.py [1ms]
2024-08-05 07:53:58.534 [info] > git cat-file -s 7ee8f2c3f656e9b3a96aa072831a4d7a6a9195e7 [1ms]
2024-08-05 07:54:04.671 [info] > git show --textconv :blog/models.py [2ms]
2024-08-05 07:54:04.672 [info] > git ls-files --stage -- /workspace/blog/blog/models.py [1ms]
2024-08-05 07:54:04.674 [info] > git cat-file -s 134c40ec1a6da50a3ecb084794615565bf0785ff [1ms]
2024-08-05 07:54:32.424 [info] > git show --textconv :blog/tests.py [2ms]
2024-08-05 07:54:32.425 [info] > git ls-files --stage -- /workspace/blog/blog/tests.py [1ms]
2024-08-05 07:54:32.428 [info] > git cat-file -s 7ce503c2dd97ba78597f6ff6e4393132753573f6 [0ms]
2024-08-05 07:54:35.296 [info] > git show --textconv :blog/urls.py [2ms]
2024-08-05 07:54:35.297 [info] > git ls-files --stage -- /workspace/blog/blog/urls.py [1ms]
2024-08-05 07:54:35.299 [info] > git cat-file -s abaaa5d1af51e11f157325204b41f8ca325229d7 [1ms]
2024-08-05 07:54:48.643 [info] > git check-ignore -v -z --stdin [2ms]
2024-08-05 07:54:51.294 [info] > git check-ignore -v -z --stdin [1ms]
2024-08-05 07:54:57.580 [info] > git show --textconv :codestar/urls.py [3ms]
2024-08-05 07:54:57.580 [info] > git ls-files --stage -- /workspace/blog/codestar/urls.py [1ms]
2024-08-05 07:54:57.583 [info] > git cat-file -s 3850603327e430d542402cf19b7c4d89f264295c [1ms]
2024-08-05 07:55:16.909 [info] > git show --textconv :blog/urls.py [3ms]
2024-08-05 07:55:16.909 [info] > git ls-files --stage -- /workspace/blog/blog/urls.py [1ms]
2024-08-05 07:55:16.913 [info] > git cat-file -s abaaa5d1af51e11f157325204b41f8ca325229d7 [1ms]
2024-08-05 07:56:42.933 [info] > git show --textconv :blog/models.py [2ms]
2024-08-05 07:56:42.934 [info] > git ls-files --stage -- /workspace/blog/blog/models.py [1ms]
2024-08-05 07:56:42.937 [info] > git cat-file -s 134c40ec1a6da50a3ecb084794615565bf0785ff [1ms]
2024-08-05 07:56:46.714 [info] > git config --local branch.main.github-pr-owner-number [1ms]
2024-08-05 07:56:46.714 [warning] git config failed: Failed to execute git
2024-08-05 07:59:19.784 [info] > git show --textconv :blog/views.py [3ms]
2024-08-05 07:59:19.784 [info] > git ls-files --stage -- /workspace/blog/blog/views.py [1ms]
2024-08-05 07:59:19.787 [info] > git cat-file -s 3c768d5b984582861f3a5554cbc5f353a07e88d5 [1ms]
2024-08-05 08:01:46.718 [info] > git config --local branch.main.github-pr-owner-number [1ms]
2024-08-05 08:01:46.718 [warning] git config failed: Failed to execute git
2024-08-05 08:06:46.723 [info] > git config --local branch.main.github-pr-owner-number [1ms]
2024-08-05 08:06:46.723 [warning] git config failed: Failed to execute git
2024-08-05 08:11:46.728 [info] > git config --local branch.main.github-pr-owner-number [1ms]
2024-08-05 08:11:46.728 [warning] git config failed: Failed to execute git
2024-08-05 08:16:46.732 [info] > git config --local branch.main.github-pr-owner-number [0ms]
2024-08-05 08:16:46.732 [warning] git config failed: Failed to execute git
2024-08-05 08:21:46.736 [info] > git config --local branch.main.github-pr-owner-number [1ms]
2024-08-05 08:21:46.736 [warning] git config failed: Failed to execute git
2024-08-05 08:26:46.740 [info] > git config --local branch.main.github-pr-owner-number [1ms]
2024-08-05 08:26:46.740 [warning] git config failed: Failed to execute git
2024-08-05 08:31:46.745 [info] > git config --local branch.main.github-pr-owner-number [1ms]
2024-08-05 08:31:46.745 [warning] git config failed: Failed to execute git
2024-08-05 08:36:46.750 [info] > git config --local branch.main.github-pr-owner-number [1ms]
2024-08-05 08:36:46.750 [warning] git config failed: Failed to execute git
2024-08-05 08:41:46.753 [info] > git config --local branch.main.github-pr-owner-number [1ms]
2024-08-05 08:41:46.753 [warning] git config failed: Failed to execute git
2024-08-05 08:45:07.070 [info] > git show --textconv :blog/models.py [3ms]
2024-08-05 08:45:07.071 [info] > git ls-files --stage -- /workspace/blog/blog/models.py [1ms]
2024-08-05 08:45:07.074 [info] > git cat-file -s 134c40ec1a6da50a3ecb084794615565bf0785ff [1ms]
2024-08-05 08:46:46.757 [info] > git config --local branch.main.github-pr-owner-number [1ms]
2024-08-05 08:46:46.757 [warning] git config failed: Failed to execute git
2024-08-05 08:47:19.340 [info] > git show --textconv :codestar/urls.py [3ms]
2024-08-05 08:47:19.341 [info] > git ls-files --stage -- /workspace/blog/codestar/urls.py [1ms]
2024-08-05 08:47:19.344 [info] > git cat-file -s 3850603327e430d542402cf19b7c4d89f264295c [1ms]
2024-08-05 08:47:29.781 [info] > git show --textconv :blog/urls.py [2ms]
2024-08-05 08:47:29.781 [info] > git ls-files --stage -- /workspace/blog/blog/urls.py [1ms]
2024-08-05 08:47:29.784 [info] > git cat-file -s abaaa5d1af51e11f157325204b41f8ca325229d7 [1ms]
2024-08-05 08:51:46.762 [info] > git config --local branch.main.github-pr-owner-number [1ms]
2024-08-05 08:51:46.762 [warning] git config failed: Failed to execute git
2024-08-05 08:56:46.767 [info] > git config --local branch.main.github-pr-owner-number [2ms]
2024-08-05 08:56:46.767 [warning] git config failed: Failed to execute git
2024-08-05 09:00:51.481 [info] > git show --textconv :blog/views.py [2ms]
2024-08-05 09:00:51.482 [info] > git ls-files --stage -- /workspace/blog/blog/views.py [1ms]
2024-08-05 09:00:51.485 [info] > git cat-file -s 3c768d5b984582861f3a5554cbc5f353a07e88d5 [1ms]
2024-08-05 09:01:46.772 [info] > git config --local branch.main.github-pr-owner-number [1ms]
2024-08-05 09:01:46.772 [warning] git config failed: Failed to execute git
