2024-08-05 17:08:20.076 [info] Log level: Info
2024-08-05 17:08:20.076 [info] Validating found git in: "git"
2024-08-05 17:08:20.076 [info] Using git "2.45.2" from "git"
2024-08-05 17:08:20.076 [info] > git rev-parse --show-toplevel [11ms]
2024-08-05 17:08:20.076 [info] > git rev-parse --git-dir --git-common-dir [3ms]
2024-08-05 17:08:20.076 [info] Open repository: /workspace/blog
2024-08-05 17:08:20.076 [info] > git rev-parse --show-toplevel [24ms]
2024-08-05 17:08:20.076 [info] > git config --get commit.template [26ms]
2024-08-05 17:08:20.076 [info] > git rev-parse --show-toplevel [4ms]
2024-08-05 17:08:20.076 [info] > git for-each-ref --format=%(refname)%00%(upstream:short)%00%(objectname)%00%(upstream:track)%00%(upstream:remotename)%00%(upstream:remoteref) refs/heads/main refs/remotes/main [1ms]
2024-08-05 17:08:20.076 [info] > git rev-parse --show-toplevel [3ms]
2024-08-05 17:08:20.076 [info] > git status -z -uall [5ms]
2024-08-05 17:08:20.076 [info] > git for-each-ref --format=%(refname)%00%(upstream:short)%00%(objectname)%00%(upstream:track)%00%(upstream:remotename)%00%(upstream:remoteref) refs/heads/main refs/remotes/main [15ms]
2024-08-05 17:08:20.076 [info] > git rev-parse --show-toplevel [23ms]
2024-08-05 17:08:20.076 [info] > git config --local branch.main.vscode-merge-base [3ms]
2024-08-05 17:08:20.076 [info] > git config --get commit.template [10ms]
2024-08-05 17:08:20.076 [info] > git rev-parse --show-toplevel [4ms]
2024-08-05 17:08:20.076 [info] > git for-each-ref --format=%(refname)%00%(upstream:short)%00%(objectname)%00%(upstream:track)%00%(upstream:remotename)%00%(upstream:remoteref) refs/heads/origin/main refs/remotes/origin/main [3ms]
2024-08-05 17:08:20.076 [info] > git for-each-ref --format=%(refname)%00%(upstream:short)%00%(objectname)%00%(upstream:track)%00%(upstream:remotename)%00%(upstream:remoteref) refs/heads/main refs/remotes/main [5ms]
2024-08-05 17:08:20.076 [info] > git merge-base refs/heads/main refs/remotes/origin/main [2ms]
2024-08-05 17:08:20.076 [info] > git rev-parse --show-toplevel [3ms]
2024-08-05 17:08:20.076 [info] > git rev-list --count --left-right refs/heads/main...refs/remotes/origin/main [4ms]
2024-08-05 17:08:20.076 [info] > git status -z -uall [3ms]
2024-08-05 17:08:20.076 [info] > git rev-parse --show-toplevel [7ms]
2024-08-05 17:08:20.076 [info] > git for-each-ref --format=%(refname)%00%(upstream:short)%00%(objectname)%00%(upstream:track)%00%(upstream:remotename)%00%(upstream:remoteref) refs/heads/main refs/remotes/main [3ms]
2024-08-05 17:08:20.076 [info] > git diff --name-status -z --diff-filter=ADMR ccf76fd6496311a0380d3261139b9d03fe8bc319...refs/remotes/origin/main [6ms]
2024-08-05 17:08:20.076 [info] > git rev-parse --show-toplevel [3ms]
2024-08-05 17:08:20.076 [info] > git config --local branch.main.vscode-merge-base [2ms]
2024-08-05 17:08:20.076 [info] > git for-each-ref --format=%(refname)%00%(upstream:short)%00%(objectname)%00%(upstream:track)%00%(upstream:remotename)%00%(upstream:remoteref) refs/heads/origin/main refs/remotes/origin/main [2ms]
2024-08-05 17:08:20.727 [info] > git check-ignore -v -z --stdin [1ms]
2024-08-05 17:08:21.299 [info] > git check-ignore -v -z --stdin [1ms]
2024-08-05 17:08:22.141 [info] > git show --textconv :blog/urls.py [3ms]
2024-08-05 17:08:22.142 [info] > git ls-files --stage -- /workspace/blog/blog/urls.py [1ms]
2024-08-05 17:08:22.144 [info] > git cat-file -s abaaa5d1af51e11f157325204b41f8ca325229d7 [1ms]
2024-08-05 17:08:22.324 [info] > git config --local branch.main.github-pr-owner-number [1ms]
2024-08-05 17:08:22.324 [warning] git config failed: Failed to execute git
2024-08-05 17:08:46.344 [info] > git show --textconv :codestar/settings.py [3ms]
2024-08-05 17:08:46.344 [info] > git ls-files --stage -- /workspace/blog/codestar/settings.py [1ms]
2024-08-05 17:08:46.347 [info] > git cat-file -s 7ee8f2c3f656e9b3a96aa072831a4d7a6a9195e7 [1ms]
2024-08-05 17:10:43.409 [info] > git show --textconv :codestar/urls.py [2ms]
2024-08-05 17:10:43.409 [info] > git ls-files --stage -- /workspace/blog/codestar/urls.py [1ms]
2024-08-05 17:10:43.412 [info] > git cat-file -s 3850603327e430d542402cf19b7c4d89f264295c [1ms]
2024-08-05 17:13:17.406 [info] > git check-ignore -v -z --stdin [1ms]
2024-08-05 17:13:20.171 [info] > git check-ignore -v -z --stdin [1ms]
2024-08-05 17:13:20.916 [info] > git check-ignore -v -z --stdin [1ms]
2024-08-05 17:13:22.256 [info] > git config --local branch.main.github-pr-owner-number [1ms]
2024-08-05 17:13:22.256 [warning] git config failed: Failed to execute git
2024-08-05 17:13:23.592 [info] > git show --textconv :templates/base.html [2ms]
2024-08-05 17:13:23.593 [info] > git ls-files --stage -- /workspace/blog/templates/base.html [1ms]
2024-08-05 17:13:23.596 [info] > git cat-file -s 4cb63f56dac9a0b0f85f04603350f06e62dd0961 [1ms]
2024-08-05 17:17:16.388 [info] > git show --textconv :blog/models.py [2ms]
2024-08-05 17:17:16.389 [info] > git ls-files --stage -- /workspace/blog/blog/models.py [1ms]
2024-08-05 17:17:16.392 [info] > git cat-file -s 134c40ec1a6da50a3ecb084794615565bf0785ff [2ms]
2024-08-05 17:17:33.237 [info] > git show --textconv :blog/views.py [2ms]
2024-08-05 17:17:33.237 [info] > git ls-files --stage -- /workspace/blog/blog/views.py [1ms]
2024-08-05 17:17:33.240 [info] > git cat-file -s 3c768d5b984582861f3a5554cbc5f353a07e88d5 [1ms]
2024-08-05 17:18:22.260 [info] > git config --local branch.main.github-pr-owner-number [0ms]
2024-08-05 17:18:22.260 [warning] git config failed: Failed to execute git
