2024-08-06 14:56:37.012 [info] Log level: Info
2024-08-06 14:56:37.012 [info] Validating found git in: "git"
2024-08-06 14:56:37.012 [info] Using git "2.45.2" from "git"
2024-08-06 14:56:37.012 [info] > git rev-parse --show-toplevel [9ms]
2024-08-06 14:56:37.012 [info] > git rev-parse --git-dir --git-common-dir [49ms]
2024-08-06 14:56:37.012 [info] Open repository: /workspace/blog
2024-08-06 14:56:37.012 [info] > git config --get commit.template [3ms]
2024-08-06 14:56:37.012 [info] > git rev-parse --show-toplevel [2ms]
2024-08-06 14:56:37.012 [info] > git for-each-ref --format=%(refname)%00%(upstream:short)%00%(objectname)%00%(upstream:track)%00%(upstream:remotename)%00%(upstream:remoteref) refs/heads/main refs/remotes/main [3ms]
2024-08-06 14:56:37.012 [info] > git rev-parse --show-toplevel [1ms]
2024-08-06 14:56:37.012 [info] > git rev-parse --show-toplevel [3ms]
2024-08-06 14:56:37.012 [info] > git status -z -uall [4ms]
2024-08-06 14:56:37.012 [info] > git for-each-ref --format=%(refname)%00%(upstream:short)%00%(objectname)%00%(upstream:track)%00%(upstream:remotename)%00%(upstream:remoteref) refs/heads/main refs/remotes/main [8ms]
2024-08-06 14:56:37.012 [info] > git rev-parse --show-toplevel [15ms]
2024-08-06 14:56:37.012 [info] > git config --get commit.template [4ms]
2024-08-06 14:56:37.012 [info] > git rev-parse --show-toplevel [1ms]
2024-08-06 14:56:37.012 [info] > git config --local branch.main.vscode-merge-base [3ms]
2024-08-06 14:56:37.012 [info] > git for-each-ref --format=%(refname)%00%(upstream:short)%00%(objectname)%00%(upstream:track)%00%(upstream:remotename)%00%(upstream:remoteref) refs/heads/main refs/remotes/main [2ms]
2024-08-06 14:56:37.012 [info] > git for-each-ref --format=%(refname)%00%(upstream:short)%00%(objectname)%00%(upstream:track)%00%(upstream:remotename)%00%(upstream:remoteref) refs/heads/origin/main refs/remotes/origin/main [4ms]
2024-08-06 14:56:37.012 [info] > git rev-parse --show-toplevel [3ms]
2024-08-06 14:56:37.012 [info] > git merge-base refs/heads/main refs/remotes/origin/main [2ms]
2024-08-06 14:56:37.012 [info] > git rev-parse --show-toplevel [4ms]
2024-08-06 14:56:37.012 [info] > git rev-list --count --left-right refs/heads/main...refs/remotes/origin/main [2ms]
2024-08-06 14:56:37.012 [info] > git status -z -uall [4ms]
2024-08-06 14:56:37.012 [info] > git for-each-ref --format=%(refname)%00%(upstream:short)%00%(objectname)%00%(upstream:track)%00%(upstream:remotename)%00%(upstream:remoteref) refs/heads/main refs/remotes/main [1ms]
2024-08-06 14:56:37.012 [info] > git rev-parse --show-toplevel [5ms]
2024-08-06 14:56:37.012 [info] > git diff --name-status -z --diff-filter=ADMR 24d8af7c1e83a923e2a9c0be5e7d6412d5d341df...refs/remotes/origin/main [7ms]
2024-08-06 14:56:37.012 [info] > git config --local branch.main.vscode-merge-base [2ms]
2024-08-06 14:56:37.012 [info] > git rev-parse --show-toplevel [2ms]
2024-08-06 14:56:37.012 [info] > git for-each-ref --format=%(refname)%00%(upstream:short)%00%(objectname)%00%(upstream:track)%00%(upstream:remotename)%00%(upstream:remoteref) refs/heads/origin/main refs/remotes/origin/main [1ms]
2024-08-06 14:56:37.662 [info] > git check-ignore -v -z --stdin [1ms]
2024-08-06 14:56:38.334 [info] > git check-ignore -v -z --stdin [1ms]
2024-08-06 14:56:39.702 [info] > git config --local branch.main.github-pr-owner-number [1ms]
2024-08-06 14:56:39.702 [warning] git config failed: Failed to execute git
2024-08-06 14:56:41.816 [info] > git show --textconv :about/templates/about/about.html [3ms]
2024-08-06 14:56:41.816 [info] > git ls-files --stage -- /workspace/blog/about/templates/about/about.html [1ms]
2024-08-06 14:56:41.819 [info] > git cat-file -s dd242ddb510315fa92436f8442a0b75f9aa86a4d [1ms]
2024-08-06 14:56:47.986 [info] > git check-ignore -v -z --stdin [1ms]
2024-08-06 14:56:48.927 [info] > git check-ignore -v -z --stdin [1ms]
2024-08-06 14:56:50.986 [info] > git show --textconv :codestar/settings.py [2ms]
2024-08-06 14:56:50.987 [info] > git ls-files --stage -- /workspace/blog/codestar/settings.py [1ms]
2024-08-06 14:56:50.990 [info] > git cat-file -s 9a8052fbb075980798658c348ecf0d1d007f3670 [1ms]
2024-08-06 15:01:39.638 [info] > git config --local branch.main.github-pr-owner-number [1ms]
2024-08-06 15:01:39.638 [warning] git config failed: Failed to execute git
2024-08-06 15:06:39.643 [info] > git config --local branch.main.github-pr-owner-number [1ms]
2024-08-06 15:06:39.643 [warning] git config failed: Failed to execute git
